<?xml version="1.0" encoding="UTF-8"?>
<!-- Generated by org.testng.reporters.JUnitXMLReporter -->
<testsuite hostname="Tulasi-MacBook-Pro-2.local" ignored="8" name="SmartRain Regression" tests="35" failures="22" timestamp="2022-11-15T16:07:49 IST" time="1003.394" errors="0">
  <testcase name="loginWithValidCredentials" time="20.446" classname="smrtRain.home.GeneralTests"/>
  <testcase name="verifyAddedZonesInLogs" time="160.345" classname="smrtRain.programs.ProgramTests"/>
  <testcase name="addNewRegularWateringProgram" time="65.182" classname="smrtRain.programs.ProgramTests"/>
  <testcase name="addSmrtWateringProgram" time="53.735" classname="smrtRain.programs.ProgramTests"/>
  <testcase name="validateProgramWithSameConfig" time="68.657" classname="smrtRain.programs.ProgramTests">
    <failure type="java.lang.AssertionError" message="The following asserts failed:
	expected [Successfully deleted site] but found [null]">
      <![CDATA[java.lang.AssertionError: The following asserts failed:
expected [Successfully deleted site] but found [null]
at com.lib.TestBase.confirmPopup(TestBase.java:1383)
at smrtRain.sites.SiteMethods.handleConfirmModal(SiteMethods.java:1783)
at smrtRain.programs.ProgramTests.validateProgramWithSameConfig(ProgramTests.java:139)
at java.util.ArrayList.forEach(ArrayList.java:1257)
at java.util.concurrent.FutureTask.run(FutureTask.java:266)
at java.util.concurrent.ThreadPoolExecutor.runWorker(ThreadPoolExecutor.java:1149)
at java.util.concurrent.ThreadPoolExecutor$Worker.run(ThreadPoolExecutor.java:624)
at java.lang.Thread.run(Thread.java:748)
... Removed 20 stack frames]]>
    </failure>
  </testcase> <!-- validateProgramWithSameConfig -->
  <testcase name="programOverlapStartOrEndTimes" time="81.665" classname="smrtRain.programs.ProgramTests">
    <failure type="java.lang.AssertionError" message="The following asserts failed:
	expected [Successfully deleted site] but found [null]">
      <![CDATA[java.lang.AssertionError: The following asserts failed:
expected [Successfully deleted site] but found [null]
at com.lib.TestBase.confirmPopup(TestBase.java:1383)
at smrtRain.sites.SiteMethods.handleConfirmModal(SiteMethods.java:1783)
at smrtRain.programs.ProgramTests.programOverlapStartOrEndTimes(ProgramTests.java:164)
at java.util.ArrayList.forEach(ArrayList.java:1257)
at java.util.concurrent.FutureTask.run(FutureTask.java:266)
at java.util.concurrent.ThreadPoolExecutor.runWorker(ThreadPoolExecutor.java:1149)
at java.util.concurrent.ThreadPoolExecutor$Worker.run(ThreadPoolExecutor.java:624)
at java.lang.Thread.run(Thread.java:748)
... Removed 20 stack frames]]>
    </failure>
  </testcase> <!-- programOverlapStartOrEndTimes -->
  <testcase name="updateExistingProgram" time="70.541" classname="smrtRain.programs.ProgramTests"/>
  <testcase name="program_ValidateSeasonalAdjustment" time="30.623" classname="smrtRain.programs.ProgramTests">
    <failure type="java.lang.NullPointerException">
      <![CDATA[java.lang.NullPointerException
at smrtRain.programs.ProgramMethods.isWarningPresent(ProgramMethods.java:1402)
at smrtRain.programs.ProgramTests.program_ValidateSeasonalAdjustment(ProgramTests.java:240)
at java.util.ArrayList.forEach(ArrayList.java:1257)
at java.util.concurrent.FutureTask.run(FutureTask.java:266)
at java.util.concurrent.ThreadPoolExecutor.runWorker(ThreadPoolExecutor.java:1149)
at java.util.concurrent.ThreadPoolExecutor$Worker.run(ThreadPoolExecutor.java:624)
at java.lang.Thread.run(Thread.java:748)
... Removed 18 stack frames]]>
    </failure>
  </testcase> <!-- program_ValidateSeasonalAdjustment -->
  <testcase name="program_ValidateWarningMessages" time="41.779" classname="smrtRain.programs.ProgramTests"/>
  <testcase name="deleteAllPrograms" time="86.24" classname="smrtRain.programs.ProgramTests"/>
  <testcase name="deleteZones" time="16.107" classname="smrtRain.programs.ProgramTests"/>
  <testcase name="smartET_CreateNormalProgram" time="112.376" classname="smrtRain.programs.SmartETTests"/>
  <testcase name="smartET_verifyDefaultETValues" time="25.46" classname="smrtRain.programs.SmartETTests"/>
  <testcase name="smartET_BucketValue" time="16.787" classname="smrtRain.programs.SmartETTests"/>
  <testcase name="smartET_CycleSoak" time="33.642" classname="smrtRain.programs.SmartETTests"/>
  <testcase name="smartET_RainOverRide" time="56.49" classname="smrtRain.programs.SmartETTests">
    <failure type="org.openqa.selenium.ElementClickInterceptedException" message="element click intercepted: Element &amp;lt;img _ngcontent-mtm-c355=&amp;quot;&amp;quot; class=&amp;quot;menu_icon ng-tns-c355-0&amp;quot; src=&amp;quot;assets/menu_icons/siteConfig.svg&amp;quot;&amp;gt; is not clickable at point (22, 806). Other element would receive the click: &amp;lt;div class=&amp;quot;cdk-overlay-backdrop cdk-overlay-dark-backdrop cdk-overlay-backdrop-showing&amp;quot;&amp;gt;&amp;lt;/div&amp;gt;
  (Session info: chrome=107.0.5304.110)
Build info: version: &amp;apos;4.4.0&amp;apos;, revision: &amp;apos;e5c75ed026a&amp;apos;
System info: host: &amp;apos;Tulasi-MacBook-Pro-2.local&amp;apos;, ip: &amp;apos;fe80:0:0:0:1cfa:deaa:be0d:8ea0%en0&amp;apos;, os.name: &amp;apos;Mac OS X&amp;apos;, os.arch: &amp;apos;x86_64&amp;apos;, os.version: &amp;apos;10.16&amp;apos;, java.version: &amp;apos;1.8.0_211&amp;apos;
Driver info: org.openqa.selenium.chrome.ChromeDriver
Command: [7f2b94a92e84b1374d7efb15f437747b, clickElement {id=2cda8c16-e327-42ff-8b4d-a0e2bdc3afef}]
Capabilities {acceptInsecureCerts: false, browserName: chrome, browserVersion: 107.0.5304.110, chrome: {chromedriverVersion: 107.0.5304.62 (1eec40d3a576..., userDataDir: /var/folders/my/j91kgyw53sb...}, goog:chromeOptions: {debuggerAddress: localhost:53491}, networkConnectionEnabled: false, pageLoadStrategy: normal, platformName: MAC, proxy: Proxy(), se:cdp: ws://localhost:53491/devtoo..., se:cdpVersion: 107.0.5304.110, setWindowRect: true, strictFileInteractability: false, timeouts: {implicit: 0, pageLoad: 300000, script: 30000}, unhandledPromptBehavior: dismiss and notify, webauthn:extension:credBlob: true, webauthn:extension:largeBlob: true, webauthn:virtualAuthenticators: true}
Element: [[ChromeDriver: chrome on MAC (7f2b94a92e84b1374d7efb15f437747b)] -&amp;gt; css selector: mat-nav-list.mat-nav-list.mat-list-base.ng-tns-c355-0 &amp;gt; a &amp;gt; span &amp;gt; img]
Session ID: 7f2b94a92e84b1374d7efb15f437747b">
      <![CDATA[org.openqa.selenium.ElementClickInterceptedException: element click intercepted: Element <img _ngcontent-mtm-c355="" class="menu_icon ng-tns-c355-0" src="assets/menu_icons/siteConfig.svg"> is not clickable at point (22, 806). Other element would receive the click: <div class="cdk-overlay-backdrop cdk-overlay-dark-backdrop cdk-overlay-backdrop-showing"></div>
  (Session info: chrome=107.0.5304.110)
Build info: version: '4.4.0', revision: 'e5c75ed026a'
System info: host: 'Tulasi-MacBook-Pro-2.local', ip: 'fe80:0:0:0:1cfa:deaa:be0d:8ea0%en0', os.name: 'Mac OS X', os.arch: 'x86_64', os.version: '10.16', java.version: '1.8.0_211'
Driver info: org.openqa.selenium.chrome.ChromeDriver
Command: [7f2b94a92e84b1374d7efb15f437747b, clickElement {id=2cda8c16-e327-42ff-8b4d-a0e2bdc3afef}]
Capabilities {acceptInsecureCerts: false, browserName: chrome, browserVersion: 107.0.5304.110, chrome: {chromedriverVersion: 107.0.5304.62 (1eec40d3a576..., userDataDir: /var/folders/my/j91kgyw53sb...}, goog:chromeOptions: {debuggerAddress: localhost:53491}, networkConnectionEnabled: false, pageLoadStrategy: normal, platformName: MAC, proxy: Proxy(), se:cdp: ws://localhost:53491/devtoo..., se:cdpVersion: 107.0.5304.110, setWindowRect: true, strictFileInteractability: false, timeouts: {implicit: 0, pageLoad: 300000, script: 30000}, unhandledPromptBehavior: dismiss and notify, webauthn:extension:credBlob: true, webauthn:extension:largeBlob: true, webauthn:virtualAuthenticators: true}
Element: [[ChromeDriver: chrome on MAC (7f2b94a92e84b1374d7efb15f437747b)] -> css selector: mat-nav-list.mat-nav-list.mat-list-base.ng-tns-c355-0 > a > span > img]
Session ID: 7f2b94a92e84b1374d7efb15f437747b
at org.openqa.selenium.remote.codec.w3c.W3CHttpResponseCodec.createException(W3CHttpResponseCodec.java:200)
at org.openqa.selenium.remote.codec.w3c.W3CHttpResponseCodec.decode(W3CHttpResponseCodec.java:133)
at org.openqa.selenium.remote.codec.w3c.W3CHttpResponseCodec.decode(W3CHttpResponseCodec.java:53)
at org.openqa.selenium.remote.HttpCommandExecutor.execute(HttpCommandExecutor.java:184)
at org.openqa.selenium.remote.service.DriverCommandExecutor.invokeExecute(DriverCommandExecutor.java:167)
at org.openqa.selenium.remote.service.DriverCommandExecutor.execute(DriverCommandExecutor.java:142)
at org.openqa.selenium.remote.RemoteWebDriver.execute(RemoteWebDriver.java:547)
at org.openqa.selenium.remote.RemoteWebElement.execute(RemoteWebElement.java:257)
at org.openqa.selenium.remote.RemoteWebElement.click(RemoteWebElement.java:78)
at com.lib.TestBase.selectMenuIconInSite(TestBase.java:1206)
at smrtRain.programs.SmartETTests.smartET_RainOverRide(SmartETTests.java:235)
at java.util.ArrayList.forEach(ArrayList.java:1257)
at java.util.concurrent.FutureTask.run(FutureTask.java:266)
at java.util.concurrent.ThreadPoolExecutor.runWorker(ThreadPoolExecutor.java:1149)
at java.util.concurrent.ThreadPoolExecutor$Worker.run(ThreadPoolExecutor.java:624)
at java.lang.Thread.run(Thread.java:748)
... Removed 22 stack frames]]>
    </failure>
  </testcase> <!-- smartET_RainOverRide -->
  <testcase name="smartET_SmartStack" time="1.115" classname="smrtRain.programs.SmartETTests">
    <failure type="org.openqa.selenium.ElementClickInterceptedException" message="element click intercepted: Element &amp;lt;img _ngcontent-mtm-c355=&amp;quot;&amp;quot; class=&amp;quot;menu_icon ng-tns-c355-0&amp;quot; src=&amp;quot;assets/menu_icons/siteHome.svg&amp;quot;&amp;gt; is not clickable at point (22, 498). Other element would receive the click: &amp;lt;div class=&amp;quot;cdk-overlay-backdrop cdk-overlay-dark-backdrop cdk-overlay-backdrop-showing&amp;quot;&amp;gt;&amp;lt;/div&amp;gt;
  (Session info: chrome=107.0.5304.110)
Build info: version: &amp;apos;4.4.0&amp;apos;, revision: &amp;apos;e5c75ed026a&amp;apos;
System info: host: &amp;apos;Tulasi-MacBook-Pro-2.local&amp;apos;, ip: &amp;apos;fe80:0:0:0:1cfa:deaa:be0d:8ea0%en0&amp;apos;, os.name: &amp;apos;Mac OS X&amp;apos;, os.arch: &amp;apos;x86_64&amp;apos;, os.version: &amp;apos;10.16&amp;apos;, java.version: &amp;apos;1.8.0_211&amp;apos;
Driver info: org.openqa.selenium.chrome.ChromeDriver
Command: [7f2b94a92e84b1374d7efb15f437747b, clickElement {id=ee9333e6-070a-4a10-85e3-ba4dfe417ae8}]
Capabilities {acceptInsecureCerts: false, browserName: chrome, browserVersion: 107.0.5304.110, chrome: {chromedriverVersion: 107.0.5304.62 (1eec40d3a576..., userDataDir: /var/folders/my/j91kgyw53sb...}, goog:chromeOptions: {debuggerAddress: localhost:53491}, networkConnectionEnabled: false, pageLoadStrategy: normal, platformName: MAC, proxy: Proxy(), se:cdp: ws://localhost:53491/devtoo..., se:cdpVersion: 107.0.5304.110, setWindowRect: true, strictFileInteractability: false, timeouts: {implicit: 0, pageLoad: 300000, script: 30000}, unhandledPromptBehavior: dismiss and notify, webauthn:extension:credBlob: true, webauthn:extension:largeBlob: true, webauthn:virtualAuthenticators: true}
Element: [[ChromeDriver: chrome on MAC (7f2b94a92e84b1374d7efb15f437747b)] -&amp;gt; css selector: mat-nav-list.mat-nav-list.mat-list-base.ng-tns-c355-0 &amp;gt; a &amp;gt; span &amp;gt; img]
Session ID: 7f2b94a92e84b1374d7efb15f437747b">
      <![CDATA[org.openqa.selenium.ElementClickInterceptedException: element click intercepted: Element <img _ngcontent-mtm-c355="" class="menu_icon ng-tns-c355-0" src="assets/menu_icons/siteHome.svg"> is not clickable at point (22, 498). Other element would receive the click: <div class="cdk-overlay-backdrop cdk-overlay-dark-backdrop cdk-overlay-backdrop-showing"></div>
  (Session info: chrome=107.0.5304.110)
Build info: version: '4.4.0', revision: 'e5c75ed026a'
System info: host: 'Tulasi-MacBook-Pro-2.local', ip: 'fe80:0:0:0:1cfa:deaa:be0d:8ea0%en0', os.name: 'Mac OS X', os.arch: 'x86_64', os.version: '10.16', java.version: '1.8.0_211'
Driver info: org.openqa.selenium.chrome.ChromeDriver
Command: [7f2b94a92e84b1374d7efb15f437747b, clickElement {id=ee9333e6-070a-4a10-85e3-ba4dfe417ae8}]
Capabilities {acceptInsecureCerts: false, browserName: chrome, browserVersion: 107.0.5304.110, chrome: {chromedriverVersion: 107.0.5304.62 (1eec40d3a576..., userDataDir: /var/folders/my/j91kgyw53sb...}, goog:chromeOptions: {debuggerAddress: localhost:53491}, networkConnectionEnabled: false, pageLoadStrategy: normal, platformName: MAC, proxy: Proxy(), se:cdp: ws://localhost:53491/devtoo..., se:cdpVersion: 107.0.5304.110, setWindowRect: true, strictFileInteractability: false, timeouts: {implicit: 0, pageLoad: 300000, script: 30000}, unhandledPromptBehavior: dismiss and notify, webauthn:extension:credBlob: true, webauthn:extension:largeBlob: true, webauthn:virtualAuthenticators: true}
Element: [[ChromeDriver: chrome on MAC (7f2b94a92e84b1374d7efb15f437747b)] -> css selector: mat-nav-list.mat-nav-list.mat-list-base.ng-tns-c355-0 > a > span > img]
Session ID: 7f2b94a92e84b1374d7efb15f437747b
at org.openqa.selenium.remote.codec.w3c.W3CHttpResponseCodec.createException(W3CHttpResponseCodec.java:200)
at org.openqa.selenium.remote.codec.w3c.W3CHttpResponseCodec.decode(W3CHttpResponseCodec.java:133)
at org.openqa.selenium.remote.codec.w3c.W3CHttpResponseCodec.decode(W3CHttpResponseCodec.java:53)
at org.openqa.selenium.remote.HttpCommandExecutor.execute(HttpCommandExecutor.java:184)
at org.openqa.selenium.remote.service.DriverCommandExecutor.invokeExecute(DriverCommandExecutor.java:167)
at org.openqa.selenium.remote.service.DriverCommandExecutor.execute(DriverCommandExecutor.java:142)
at org.openqa.selenium.remote.RemoteWebDriver.execute(RemoteWebDriver.java:547)
at org.openqa.selenium.remote.RemoteWebElement.execute(RemoteWebElement.java:257)
at org.openqa.selenium.remote.RemoteWebElement.click(RemoteWebElement.java:78)
at com.lib.TestBase.selectMenuIconInSite(TestBase.java:1206)
at smrtRain.programs.SmartETTests.smartET_SmartStack(SmartETTests.java:269)
at java.util.ArrayList.forEach(ArrayList.java:1257)
at java.util.concurrent.FutureTask.run(FutureTask.java:266)
at java.util.concurrent.ThreadPoolExecutor.runWorker(ThreadPoolExecutor.java:1149)
at java.util.concurrent.ThreadPoolExecutor$Worker.run(ThreadPoolExecutor.java:624)
at java.lang.Thread.run(Thread.java:748)
... Removed 22 stack frames]]>
    </failure>
  </testcase> <!-- smartET_SmartStack -->
  <testcase name="smartET_GWLandMADBasedOnFC" time="1.141" classname="smrtRain.programs.SmartETTests">
    <failure type="org.openqa.selenium.ElementClickInterceptedException" message="element click intercepted: Element &amp;lt;img _ngcontent-mtm-c355=&amp;quot;&amp;quot; class=&amp;quot;menu_icon ng-tns-c355-0&amp;quot; src=&amp;quot;assets/menu_icons/calendar.svg&amp;quot;&amp;gt; is not clickable at point (22, 706). Other element would receive the click: &amp;lt;div class=&amp;quot;cdk-overlay-backdrop cdk-overlay-dark-backdrop cdk-overlay-backdrop-showing&amp;quot;&amp;gt;&amp;lt;/div&amp;gt;
  (Session info: chrome=107.0.5304.110)
Build info: version: &amp;apos;4.4.0&amp;apos;, revision: &amp;apos;e5c75ed026a&amp;apos;
System info: host: &amp;apos;Tulasi-MacBook-Pro-2.local&amp;apos;, ip: &amp;apos;fe80:0:0:0:1cfa:deaa:be0d:8ea0%en0&amp;apos;, os.name: &amp;apos;Mac OS X&amp;apos;, os.arch: &amp;apos;x86_64&amp;apos;, os.version: &amp;apos;10.16&amp;apos;, java.version: &amp;apos;1.8.0_211&amp;apos;
Driver info: org.openqa.selenium.chrome.ChromeDriver
Command: [7f2b94a92e84b1374d7efb15f437747b, clickElement {id=f404eefc-21e7-4faa-b9bb-b652513fc7df}]
Capabilities {acceptInsecureCerts: false, browserName: chrome, browserVersion: 107.0.5304.110, chrome: {chromedriverVersion: 107.0.5304.62 (1eec40d3a576..., userDataDir: /var/folders/my/j91kgyw53sb...}, goog:chromeOptions: {debuggerAddress: localhost:53491}, networkConnectionEnabled: false, pageLoadStrategy: normal, platformName: MAC, proxy: Proxy(), se:cdp: ws://localhost:53491/devtoo..., se:cdpVersion: 107.0.5304.110, setWindowRect: true, strictFileInteractability: false, timeouts: {implicit: 0, pageLoad: 300000, script: 30000}, unhandledPromptBehavior: dismiss and notify, webauthn:extension:credBlob: true, webauthn:extension:largeBlob: true, webauthn:virtualAuthenticators: true}
Element: [[ChromeDriver: chrome on MAC (7f2b94a92e84b1374d7efb15f437747b)] -&amp;gt; css selector: mat-nav-list.mat-nav-list.mat-list-base.ng-tns-c355-0 &amp;gt; a &amp;gt; span &amp;gt; img]
Session ID: 7f2b94a92e84b1374d7efb15f437747b">
      <![CDATA[org.openqa.selenium.ElementClickInterceptedException: element click intercepted: Element <img _ngcontent-mtm-c355="" class="menu_icon ng-tns-c355-0" src="assets/menu_icons/calendar.svg"> is not clickable at point (22, 706). Other element would receive the click: <div class="cdk-overlay-backdrop cdk-overlay-dark-backdrop cdk-overlay-backdrop-showing"></div>
  (Session info: chrome=107.0.5304.110)
Build info: version: '4.4.0', revision: 'e5c75ed026a'
System info: host: 'Tulasi-MacBook-Pro-2.local', ip: 'fe80:0:0:0:1cfa:deaa:be0d:8ea0%en0', os.name: 'Mac OS X', os.arch: 'x86_64', os.version: '10.16', java.version: '1.8.0_211'
Driver info: org.openqa.selenium.chrome.ChromeDriver
Command: [7f2b94a92e84b1374d7efb15f437747b, clickElement {id=f404eefc-21e7-4faa-b9bb-b652513fc7df}]
Capabilities {acceptInsecureCerts: false, browserName: chrome, browserVersion: 107.0.5304.110, chrome: {chromedriverVersion: 107.0.5304.62 (1eec40d3a576..., userDataDir: /var/folders/my/j91kgyw53sb...}, goog:chromeOptions: {debuggerAddress: localhost:53491}, networkConnectionEnabled: false, pageLoadStrategy: normal, platformName: MAC, proxy: Proxy(), se:cdp: ws://localhost:53491/devtoo..., se:cdpVersion: 107.0.5304.110, setWindowRect: true, strictFileInteractability: false, timeouts: {implicit: 0, pageLoad: 300000, script: 30000}, unhandledPromptBehavior: dismiss and notify, webauthn:extension:credBlob: true, webauthn:extension:largeBlob: true, webauthn:virtualAuthenticators: true}
Element: [[ChromeDriver: chrome on MAC (7f2b94a92e84b1374d7efb15f437747b)] -> css selector: mat-nav-list.mat-nav-list.mat-list-base.ng-tns-c355-0 > a > span > img]
Session ID: 7f2b94a92e84b1374d7efb15f437747b
at org.openqa.selenium.remote.codec.w3c.W3CHttpResponseCodec.createException(W3CHttpResponseCodec.java:200)
at org.openqa.selenium.remote.codec.w3c.W3CHttpResponseCodec.decode(W3CHttpResponseCodec.java:133)
at org.openqa.selenium.remote.codec.w3c.W3CHttpResponseCodec.decode(W3CHttpResponseCodec.java:53)
at org.openqa.selenium.remote.HttpCommandExecutor.execute(HttpCommandExecutor.java:184)
at org.openqa.selenium.remote.service.DriverCommandExecutor.invokeExecute(DriverCommandExecutor.java:167)
at org.openqa.selenium.remote.service.DriverCommandExecutor.execute(DriverCommandExecutor.java:142)
at org.openqa.selenium.remote.RemoteWebDriver.execute(RemoteWebDriver.java:547)
at org.openqa.selenium.remote.RemoteWebElement.execute(RemoteWebElement.java:257)
at org.openqa.selenium.remote.RemoteWebElement.click(RemoteWebElement.java:78)
at com.lib.TestBase.selectMenuIconInSite(TestBase.java:1206)
at smrtRain.programs.SmartETTests.smartET_GWLandMADBasedOnFC(SmartETTests.java:346)
at java.util.ArrayList.forEach(ArrayList.java:1257)
at java.util.concurrent.FutureTask.run(FutureTask.java:266)
at java.util.concurrent.ThreadPoolExecutor.runWorker(ThreadPoolExecutor.java:1149)
at java.util.concurrent.ThreadPoolExecutor$Worker.run(ThreadPoolExecutor.java:624)
at java.lang.Thread.run(Thread.java:748)
... Removed 22 stack frames]]>
    </failure>
  </testcase> <!-- smartET_GWLandMADBasedOnFC -->
  <testcase name="smartET_ProgamOff" time="1.157" classname="smrtRain.programs.SmartETTests">
    <failure type="org.openqa.selenium.ElementClickInterceptedException" message="element click intercepted: Element &amp;lt;img _ngcontent-mtm-c355=&amp;quot;&amp;quot; class=&amp;quot;menu_icon ng-tns-c355-0&amp;quot; src=&amp;quot;assets/menu_icons/logs_white.svg&amp;quot;&amp;gt; is not clickable at point (21, 758). Other element would receive the click: &amp;lt;div class=&amp;quot;cdk-overlay-backdrop cdk-overlay-dark-backdrop cdk-overlay-backdrop-showing&amp;quot;&amp;gt;&amp;lt;/div&amp;gt;
  (Session info: chrome=107.0.5304.110)
Build info: version: &amp;apos;4.4.0&amp;apos;, revision: &amp;apos;e5c75ed026a&amp;apos;
System info: host: &amp;apos;Tulasi-MacBook-Pro-2.local&amp;apos;, ip: &amp;apos;fe80:0:0:0:1cfa:deaa:be0d:8ea0%en0&amp;apos;, os.name: &amp;apos;Mac OS X&amp;apos;, os.arch: &amp;apos;x86_64&amp;apos;, os.version: &amp;apos;10.16&amp;apos;, java.version: &amp;apos;1.8.0_211&amp;apos;
Driver info: org.openqa.selenium.chrome.ChromeDriver
Command: [7f2b94a92e84b1374d7efb15f437747b, clickElement {id=7fa6d489-709d-43f6-80e6-dff93556e5b5}]
Capabilities {acceptInsecureCerts: false, browserName: chrome, browserVersion: 107.0.5304.110, chrome: {chromedriverVersion: 107.0.5304.62 (1eec40d3a576..., userDataDir: /var/folders/my/j91kgyw53sb...}, goog:chromeOptions: {debuggerAddress: localhost:53491}, networkConnectionEnabled: false, pageLoadStrategy: normal, platformName: MAC, proxy: Proxy(), se:cdp: ws://localhost:53491/devtoo..., se:cdpVersion: 107.0.5304.110, setWindowRect: true, strictFileInteractability: false, timeouts: {implicit: 0, pageLoad: 300000, script: 30000}, unhandledPromptBehavior: dismiss and notify, webauthn:extension:credBlob: true, webauthn:extension:largeBlob: true, webauthn:virtualAuthenticators: true}
Element: [[ChromeDriver: chrome on MAC (7f2b94a92e84b1374d7efb15f437747b)] -&amp;gt; css selector: mat-nav-list.mat-nav-list.mat-list-base.ng-tns-c355-0 &amp;gt; a &amp;gt; span &amp;gt; img]
Session ID: 7f2b94a92e84b1374d7efb15f437747b">
      <![CDATA[org.openqa.selenium.ElementClickInterceptedException: element click intercepted: Element <img _ngcontent-mtm-c355="" class="menu_icon ng-tns-c355-0" src="assets/menu_icons/logs_white.svg"> is not clickable at point (21, 758). Other element would receive the click: <div class="cdk-overlay-backdrop cdk-overlay-dark-backdrop cdk-overlay-backdrop-showing"></div>
  (Session info: chrome=107.0.5304.110)
Build info: version: '4.4.0', revision: 'e5c75ed026a'
System info: host: 'Tulasi-MacBook-Pro-2.local', ip: 'fe80:0:0:0:1cfa:deaa:be0d:8ea0%en0', os.name: 'Mac OS X', os.arch: 'x86_64', os.version: '10.16', java.version: '1.8.0_211'
Driver info: org.openqa.selenium.chrome.ChromeDriver
Command: [7f2b94a92e84b1374d7efb15f437747b, clickElement {id=7fa6d489-709d-43f6-80e6-dff93556e5b5}]
Capabilities {acceptInsecureCerts: false, browserName: chrome, browserVersion: 107.0.5304.110, chrome: {chromedriverVersion: 107.0.5304.62 (1eec40d3a576..., userDataDir: /var/folders/my/j91kgyw53sb...}, goog:chromeOptions: {debuggerAddress: localhost:53491}, networkConnectionEnabled: false, pageLoadStrategy: normal, platformName: MAC, proxy: Proxy(), se:cdp: ws://localhost:53491/devtoo..., se:cdpVersion: 107.0.5304.110, setWindowRect: true, strictFileInteractability: false, timeouts: {implicit: 0, pageLoad: 300000, script: 30000}, unhandledPromptBehavior: dismiss and notify, webauthn:extension:credBlob: true, webauthn:extension:largeBlob: true, webauthn:virtualAuthenticators: true}
Element: [[ChromeDriver: chrome on MAC (7f2b94a92e84b1374d7efb15f437747b)] -> css selector: mat-nav-list.mat-nav-list.mat-list-base.ng-tns-c355-0 > a > span > img]
Session ID: 7f2b94a92e84b1374d7efb15f437747b
at org.openqa.selenium.remote.codec.w3c.W3CHttpResponseCodec.createException(W3CHttpResponseCodec.java:200)
at org.openqa.selenium.remote.codec.w3c.W3CHttpResponseCodec.decode(W3CHttpResponseCodec.java:133)
at org.openqa.selenium.remote.codec.w3c.W3CHttpResponseCodec.decode(W3CHttpResponseCodec.java:53)
at org.openqa.selenium.remote.HttpCommandExecutor.execute(HttpCommandExecutor.java:184)
at org.openqa.selenium.remote.service.DriverCommandExecutor.invokeExecute(DriverCommandExecutor.java:167)
at org.openqa.selenium.remote.service.DriverCommandExecutor.execute(DriverCommandExecutor.java:142)
at org.openqa.selenium.remote.RemoteWebDriver.execute(RemoteWebDriver.java:547)
at org.openqa.selenium.remote.RemoteWebElement.execute(RemoteWebElement.java:257)
at org.openqa.selenium.remote.RemoteWebElement.click(RemoteWebElement.java:78)
at com.lib.TestBase.selectMenuIconInSite(TestBase.java:1206)
at smrtRain.programs.SmartETTests.smartET_ProgamOff(SmartETTests.java:392)
at java.util.ArrayList.forEach(ArrayList.java:1257)
at java.util.concurrent.FutureTask.run(FutureTask.java:266)
at java.util.concurrent.ThreadPoolExecutor.runWorker(ThreadPoolExecutor.java:1149)
at java.util.concurrent.ThreadPoolExecutor$Worker.run(ThreadPoolExecutor.java:624)
at java.lang.Thread.run(Thread.java:748)
... Removed 22 stack frames]]>
    </failure>
  </testcase> <!-- smartET_ProgamOff -->
  <testcase name="smartEt_IncrmentOrDecrement" time="1.155" classname="smrtRain.programs.SmartETTests">
    <failure type="org.openqa.selenium.ElementClickInterceptedException" message="element click intercepted: Element &amp;lt;img _ngcontent-mtm-c355=&amp;quot;&amp;quot; class=&amp;quot;menu_icon ng-tns-c355-0&amp;quot; src=&amp;quot;assets/menu_icons/map.svg&amp;quot;&amp;gt; is not clickable at point (22, 550). Other element would receive the click: &amp;lt;div class=&amp;quot;cdk-overlay-backdrop cdk-overlay-dark-backdrop cdk-overlay-backdrop-showing&amp;quot;&amp;gt;&amp;lt;/div&amp;gt;
  (Session info: chrome=107.0.5304.110)
Build info: version: &amp;apos;4.4.0&amp;apos;, revision: &amp;apos;e5c75ed026a&amp;apos;
System info: host: &amp;apos;Tulasi-MacBook-Pro-2.local&amp;apos;, ip: &amp;apos;fe80:0:0:0:1cfa:deaa:be0d:8ea0%en0&amp;apos;, os.name: &amp;apos;Mac OS X&amp;apos;, os.arch: &amp;apos;x86_64&amp;apos;, os.version: &amp;apos;10.16&amp;apos;, java.version: &amp;apos;1.8.0_211&amp;apos;
Driver info: org.openqa.selenium.chrome.ChromeDriver
Command: [7f2b94a92e84b1374d7efb15f437747b, clickElement {id=30129f09-c919-4361-a667-5324a02ac81f}]
Capabilities {acceptInsecureCerts: false, browserName: chrome, browserVersion: 107.0.5304.110, chrome: {chromedriverVersion: 107.0.5304.62 (1eec40d3a576..., userDataDir: /var/folders/my/j91kgyw53sb...}, goog:chromeOptions: {debuggerAddress: localhost:53491}, networkConnectionEnabled: false, pageLoadStrategy: normal, platformName: MAC, proxy: Proxy(), se:cdp: ws://localhost:53491/devtoo..., se:cdpVersion: 107.0.5304.110, setWindowRect: true, strictFileInteractability: false, timeouts: {implicit: 0, pageLoad: 300000, script: 30000}, unhandledPromptBehavior: dismiss and notify, webauthn:extension:credBlob: true, webauthn:extension:largeBlob: true, webauthn:virtualAuthenticators: true}
Element: [[ChromeDriver: chrome on MAC (7f2b94a92e84b1374d7efb15f437747b)] -&amp;gt; css selector: mat-nav-list.mat-nav-list.mat-list-base.ng-tns-c355-0 &amp;gt; a &amp;gt; span &amp;gt; img]
Session ID: 7f2b94a92e84b1374d7efb15f437747b">
      <![CDATA[org.openqa.selenium.ElementClickInterceptedException: element click intercepted: Element <img _ngcontent-mtm-c355="" class="menu_icon ng-tns-c355-0" src="assets/menu_icons/map.svg"> is not clickable at point (22, 550). Other element would receive the click: <div class="cdk-overlay-backdrop cdk-overlay-dark-backdrop cdk-overlay-backdrop-showing"></div>
  (Session info: chrome=107.0.5304.110)
Build info: version: '4.4.0', revision: 'e5c75ed026a'
System info: host: 'Tulasi-MacBook-Pro-2.local', ip: 'fe80:0:0:0:1cfa:deaa:be0d:8ea0%en0', os.name: 'Mac OS X', os.arch: 'x86_64', os.version: '10.16', java.version: '1.8.0_211'
Driver info: org.openqa.selenium.chrome.ChromeDriver
Command: [7f2b94a92e84b1374d7efb15f437747b, clickElement {id=30129f09-c919-4361-a667-5324a02ac81f}]
Capabilities {acceptInsecureCerts: false, browserName: chrome, browserVersion: 107.0.5304.110, chrome: {chromedriverVersion: 107.0.5304.62 (1eec40d3a576..., userDataDir: /var/folders/my/j91kgyw53sb...}, goog:chromeOptions: {debuggerAddress: localhost:53491}, networkConnectionEnabled: false, pageLoadStrategy: normal, platformName: MAC, proxy: Proxy(), se:cdp: ws://localhost:53491/devtoo..., se:cdpVersion: 107.0.5304.110, setWindowRect: true, strictFileInteractability: false, timeouts: {implicit: 0, pageLoad: 300000, script: 30000}, unhandledPromptBehavior: dismiss and notify, webauthn:extension:credBlob: true, webauthn:extension:largeBlob: true, webauthn:virtualAuthenticators: true}
Element: [[ChromeDriver: chrome on MAC (7f2b94a92e84b1374d7efb15f437747b)] -> css selector: mat-nav-list.mat-nav-list.mat-list-base.ng-tns-c355-0 > a > span > img]
Session ID: 7f2b94a92e84b1374d7efb15f437747b
at org.openqa.selenium.remote.codec.w3c.W3CHttpResponseCodec.createException(W3CHttpResponseCodec.java:200)
at org.openqa.selenium.remote.codec.w3c.W3CHttpResponseCodec.decode(W3CHttpResponseCodec.java:133)
at org.openqa.selenium.remote.codec.w3c.W3CHttpResponseCodec.decode(W3CHttpResponseCodec.java:53)
at org.openqa.selenium.remote.HttpCommandExecutor.execute(HttpCommandExecutor.java:184)
at org.openqa.selenium.remote.service.DriverCommandExecutor.invokeExecute(DriverCommandExecutor.java:167)
at org.openqa.selenium.remote.service.DriverCommandExecutor.execute(DriverCommandExecutor.java:142)
at org.openqa.selenium.remote.RemoteWebDriver.execute(RemoteWebDriver.java:547)
at org.openqa.selenium.remote.RemoteWebElement.execute(RemoteWebElement.java:257)
at org.openqa.selenium.remote.RemoteWebElement.click(RemoteWebElement.java:78)
at com.lib.TestBase.selectMenuIconInSite(TestBase.java:1206)
at smrtRain.programs.SmartETTests.smartEt_IncrmentOrDecrement(SmartETTests.java:426)
at java.util.ArrayList.forEach(ArrayList.java:1257)
at java.util.concurrent.FutureTask.run(FutureTask.java:266)
at java.util.concurrent.ThreadPoolExecutor.runWorker(ThreadPoolExecutor.java:1149)
at java.util.concurrent.ThreadPoolExecutor$Worker.run(ThreadPoolExecutor.java:624)
at java.lang.Thread.run(Thread.java:748)
... Removed 22 stack frames]]>
    </failure>
  </testcase> <!-- smartEt_IncrmentOrDecrement -->
  <testcase name="smartET_ValidateIAandIAM" time="1.139" classname="smrtRain.programs.SmartETTests">
    <failure type="org.openqa.selenium.ElementClickInterceptedException" message="element click intercepted: Element &amp;lt;img _ngcontent-mtm-c355=&amp;quot;&amp;quot; class=&amp;quot;menu_icon ng-tns-c355-0&amp;quot; src=&amp;quot;assets/menu_icons/calendar.svg&amp;quot;&amp;gt; is not clickable at point (22, 706). Other element would receive the click: &amp;lt;div class=&amp;quot;cdk-overlay-backdrop cdk-overlay-dark-backdrop cdk-overlay-backdrop-showing&amp;quot;&amp;gt;&amp;lt;/div&amp;gt;
  (Session info: chrome=107.0.5304.110)
Build info: version: &amp;apos;4.4.0&amp;apos;, revision: &amp;apos;e5c75ed026a&amp;apos;
System info: host: &amp;apos;Tulasi-MacBook-Pro-2.local&amp;apos;, ip: &amp;apos;fe80:0:0:0:1cfa:deaa:be0d:8ea0%en0&amp;apos;, os.name: &amp;apos;Mac OS X&amp;apos;, os.arch: &amp;apos;x86_64&amp;apos;, os.version: &amp;apos;10.16&amp;apos;, java.version: &amp;apos;1.8.0_211&amp;apos;
Driver info: org.openqa.selenium.chrome.ChromeDriver
Command: [7f2b94a92e84b1374d7efb15f437747b, clickElement {id=f404eefc-21e7-4faa-b9bb-b652513fc7df}]
Capabilities {acceptInsecureCerts: false, browserName: chrome, browserVersion: 107.0.5304.110, chrome: {chromedriverVersion: 107.0.5304.62 (1eec40d3a576..., userDataDir: /var/folders/my/j91kgyw53sb...}, goog:chromeOptions: {debuggerAddress: localhost:53491}, networkConnectionEnabled: false, pageLoadStrategy: normal, platformName: MAC, proxy: Proxy(), se:cdp: ws://localhost:53491/devtoo..., se:cdpVersion: 107.0.5304.110, setWindowRect: true, strictFileInteractability: false, timeouts: {implicit: 0, pageLoad: 300000, script: 30000}, unhandledPromptBehavior: dismiss and notify, webauthn:extension:credBlob: true, webauthn:extension:largeBlob: true, webauthn:virtualAuthenticators: true}
Element: [[ChromeDriver: chrome on MAC (7f2b94a92e84b1374d7efb15f437747b)] -&amp;gt; css selector: mat-nav-list.mat-nav-list.mat-list-base.ng-tns-c355-0 &amp;gt; a &amp;gt; span &amp;gt; img]
Session ID: 7f2b94a92e84b1374d7efb15f437747b">
      <![CDATA[org.openqa.selenium.ElementClickInterceptedException: element click intercepted: Element <img _ngcontent-mtm-c355="" class="menu_icon ng-tns-c355-0" src="assets/menu_icons/calendar.svg"> is not clickable at point (22, 706). Other element would receive the click: <div class="cdk-overlay-backdrop cdk-overlay-dark-backdrop cdk-overlay-backdrop-showing"></div>
  (Session info: chrome=107.0.5304.110)
Build info: version: '4.4.0', revision: 'e5c75ed026a'
System info: host: 'Tulasi-MacBook-Pro-2.local', ip: 'fe80:0:0:0:1cfa:deaa:be0d:8ea0%en0', os.name: 'Mac OS X', os.arch: 'x86_64', os.version: '10.16', java.version: '1.8.0_211'
Driver info: org.openqa.selenium.chrome.ChromeDriver
Command: [7f2b94a92e84b1374d7efb15f437747b, clickElement {id=f404eefc-21e7-4faa-b9bb-b652513fc7df}]
Capabilities {acceptInsecureCerts: false, browserName: chrome, browserVersion: 107.0.5304.110, chrome: {chromedriverVersion: 107.0.5304.62 (1eec40d3a576..., userDataDir: /var/folders/my/j91kgyw53sb...}, goog:chromeOptions: {debuggerAddress: localhost:53491}, networkConnectionEnabled: false, pageLoadStrategy: normal, platformName: MAC, proxy: Proxy(), se:cdp: ws://localhost:53491/devtoo..., se:cdpVersion: 107.0.5304.110, setWindowRect: true, strictFileInteractability: false, timeouts: {implicit: 0, pageLoad: 300000, script: 30000}, unhandledPromptBehavior: dismiss and notify, webauthn:extension:credBlob: true, webauthn:extension:largeBlob: true, webauthn:virtualAuthenticators: true}
Element: [[ChromeDriver: chrome on MAC (7f2b94a92e84b1374d7efb15f437747b)] -> css selector: mat-nav-list.mat-nav-list.mat-list-base.ng-tns-c355-0 > a > span > img]
Session ID: 7f2b94a92e84b1374d7efb15f437747b
at org.openqa.selenium.remote.codec.w3c.W3CHttpResponseCodec.createException(W3CHttpResponseCodec.java:200)
at org.openqa.selenium.remote.codec.w3c.W3CHttpResponseCodec.decode(W3CHttpResponseCodec.java:133)
at org.openqa.selenium.remote.codec.w3c.W3CHttpResponseCodec.decode(W3CHttpResponseCodec.java:53)
at org.openqa.selenium.remote.HttpCommandExecutor.execute(HttpCommandExecutor.java:184)
at org.openqa.selenium.remote.service.DriverCommandExecutor.invokeExecute(DriverCommandExecutor.java:167)
at org.openqa.selenium.remote.service.DriverCommandExecutor.execute(DriverCommandExecutor.java:142)
at org.openqa.selenium.remote.RemoteWebDriver.execute(RemoteWebDriver.java:547)
at org.openqa.selenium.remote.RemoteWebElement.execute(RemoteWebElement.java:257)
at org.openqa.selenium.remote.RemoteWebElement.click(RemoteWebElement.java:78)
at com.lib.TestBase.selectMenuIconInSite(TestBase.java:1206)
at smrtRain.programs.SmartETTests.smartET_ValidateIAandIAM(SmartETTests.java:476)
at java.util.ArrayList.forEach(ArrayList.java:1257)
at java.util.concurrent.FutureTask.run(FutureTask.java:266)
at java.util.concurrent.ThreadPoolExecutor.runWorker(ThreadPoolExecutor.java:1149)
at java.util.concurrent.ThreadPoolExecutor$Worker.run(ThreadPoolExecutor.java:624)
at java.lang.Thread.run(Thread.java:748)
... Removed 22 stack frames]]>
    </failure>
  </testcase> <!-- smartET_ValidateIAandIAM -->
  <testcase name="smartET_MultiRunTimes" time="1.11" classname="smrtRain.programs.SmartETTests">
    <failure type="org.openqa.selenium.ElementClickInterceptedException" message="element click intercepted: Element &amp;lt;img _ngcontent-mtm-c355=&amp;quot;&amp;quot; class=&amp;quot;menu_icon ng-tns-c355-0&amp;quot; src=&amp;quot;assets/menu_icons/siteHome.svg&amp;quot;&amp;gt; is not clickable at point (22, 498). Other element would receive the click: &amp;lt;div class=&amp;quot;cdk-overlay-backdrop cdk-overlay-dark-backdrop cdk-overlay-backdrop-showing&amp;quot;&amp;gt;&amp;lt;/div&amp;gt;
  (Session info: chrome=107.0.5304.110)
Build info: version: &amp;apos;4.4.0&amp;apos;, revision: &amp;apos;e5c75ed026a&amp;apos;
System info: host: &amp;apos;Tulasi-MacBook-Pro-2.local&amp;apos;, ip: &amp;apos;fe80:0:0:0:1cfa:deaa:be0d:8ea0%en0&amp;apos;, os.name: &amp;apos;Mac OS X&amp;apos;, os.arch: &amp;apos;x86_64&amp;apos;, os.version: &amp;apos;10.16&amp;apos;, java.version: &amp;apos;1.8.0_211&amp;apos;
Driver info: org.openqa.selenium.chrome.ChromeDriver
Command: [7f2b94a92e84b1374d7efb15f437747b, clickElement {id=ee9333e6-070a-4a10-85e3-ba4dfe417ae8}]
Capabilities {acceptInsecureCerts: false, browserName: chrome, browserVersion: 107.0.5304.110, chrome: {chromedriverVersion: 107.0.5304.62 (1eec40d3a576..., userDataDir: /var/folders/my/j91kgyw53sb...}, goog:chromeOptions: {debuggerAddress: localhost:53491}, networkConnectionEnabled: false, pageLoadStrategy: normal, platformName: MAC, proxy: Proxy(), se:cdp: ws://localhost:53491/devtoo..., se:cdpVersion: 107.0.5304.110, setWindowRect: true, strictFileInteractability: false, timeouts: {implicit: 0, pageLoad: 300000, script: 30000}, unhandledPromptBehavior: dismiss and notify, webauthn:extension:credBlob: true, webauthn:extension:largeBlob: true, webauthn:virtualAuthenticators: true}
Element: [[ChromeDriver: chrome on MAC (7f2b94a92e84b1374d7efb15f437747b)] -&amp;gt; css selector: mat-nav-list.mat-nav-list.mat-list-base.ng-tns-c355-0 &amp;gt; a &amp;gt; span &amp;gt; img]
Session ID: 7f2b94a92e84b1374d7efb15f437747b">
      <![CDATA[org.openqa.selenium.ElementClickInterceptedException: element click intercepted: Element <img _ngcontent-mtm-c355="" class="menu_icon ng-tns-c355-0" src="assets/menu_icons/siteHome.svg"> is not clickable at point (22, 498). Other element would receive the click: <div class="cdk-overlay-backdrop cdk-overlay-dark-backdrop cdk-overlay-backdrop-showing"></div>
  (Session info: chrome=107.0.5304.110)
Build info: version: '4.4.0', revision: 'e5c75ed026a'
System info: host: 'Tulasi-MacBook-Pro-2.local', ip: 'fe80:0:0:0:1cfa:deaa:be0d:8ea0%en0', os.name: 'Mac OS X', os.arch: 'x86_64', os.version: '10.16', java.version: '1.8.0_211'
Driver info: org.openqa.selenium.chrome.ChromeDriver
Command: [7f2b94a92e84b1374d7efb15f437747b, clickElement {id=ee9333e6-070a-4a10-85e3-ba4dfe417ae8}]
Capabilities {acceptInsecureCerts: false, browserName: chrome, browserVersion: 107.0.5304.110, chrome: {chromedriverVersion: 107.0.5304.62 (1eec40d3a576..., userDataDir: /var/folders/my/j91kgyw53sb...}, goog:chromeOptions: {debuggerAddress: localhost:53491}, networkConnectionEnabled: false, pageLoadStrategy: normal, platformName: MAC, proxy: Proxy(), se:cdp: ws://localhost:53491/devtoo..., se:cdpVersion: 107.0.5304.110, setWindowRect: true, strictFileInteractability: false, timeouts: {implicit: 0, pageLoad: 300000, script: 30000}, unhandledPromptBehavior: dismiss and notify, webauthn:extension:credBlob: true, webauthn:extension:largeBlob: true, webauthn:virtualAuthenticators: true}
Element: [[ChromeDriver: chrome on MAC (7f2b94a92e84b1374d7efb15f437747b)] -> css selector: mat-nav-list.mat-nav-list.mat-list-base.ng-tns-c355-0 > a > span > img]
Session ID: 7f2b94a92e84b1374d7efb15f437747b
at org.openqa.selenium.remote.codec.w3c.W3CHttpResponseCodec.createException(W3CHttpResponseCodec.java:200)
at org.openqa.selenium.remote.codec.w3c.W3CHttpResponseCodec.decode(W3CHttpResponseCodec.java:133)
at org.openqa.selenium.remote.codec.w3c.W3CHttpResponseCodec.decode(W3CHttpResponseCodec.java:53)
at org.openqa.selenium.remote.HttpCommandExecutor.execute(HttpCommandExecutor.java:184)
at org.openqa.selenium.remote.service.DriverCommandExecutor.invokeExecute(DriverCommandExecutor.java:167)
at org.openqa.selenium.remote.service.DriverCommandExecutor.execute(DriverCommandExecutor.java:142)
at org.openqa.selenium.remote.RemoteWebDriver.execute(RemoteWebDriver.java:547)
at org.openqa.selenium.remote.RemoteWebElement.execute(RemoteWebElement.java:257)
at org.openqa.selenium.remote.RemoteWebElement.click(RemoteWebElement.java:78)
at com.lib.TestBase.selectMenuIconInSite(TestBase.java:1206)
at smrtRain.programs.SmartETTests.smartET_MultiRunTimes(SmartETTests.java:516)
at java.util.ArrayList.forEach(ArrayList.java:1257)
at java.util.concurrent.FutureTask.run(FutureTask.java:266)
at java.util.concurrent.ThreadPoolExecutor.runWorker(ThreadPoolExecutor.java:1149)
at java.util.concurrent.ThreadPoolExecutor$Worker.run(ThreadPoolExecutor.java:624)
at java.lang.Thread.run(Thread.java:748)
... Removed 22 stack frames]]>
    </failure>
  </testcase> <!-- smartET_MultiRunTimes -->
  <testcase name="smartET_SmartStackWithCycleSoak" time="1.074" classname="smrtRain.programs.SmartETTests">
    <failure type="org.openqa.selenium.ElementClickInterceptedException" message="element click intercepted: Element &amp;lt;img _ngcontent-mtm-c355=&amp;quot;&amp;quot; class=&amp;quot;menu_icon ng-tns-c355-0&amp;quot; src=&amp;quot;assets/menu_icons/siteHome.svg&amp;quot;&amp;gt; is not clickable at point (22, 498). Other element would receive the click: &amp;lt;div class=&amp;quot;cdk-overlay-backdrop cdk-overlay-dark-backdrop cdk-overlay-backdrop-showing&amp;quot;&amp;gt;&amp;lt;/div&amp;gt;
  (Session info: chrome=107.0.5304.110)
Build info: version: &amp;apos;4.4.0&amp;apos;, revision: &amp;apos;e5c75ed026a&amp;apos;
System info: host: &amp;apos;Tulasi-MacBook-Pro-2.local&amp;apos;, ip: &amp;apos;fe80:0:0:0:1cfa:deaa:be0d:8ea0%en0&amp;apos;, os.name: &amp;apos;Mac OS X&amp;apos;, os.arch: &amp;apos;x86_64&amp;apos;, os.version: &amp;apos;10.16&amp;apos;, java.version: &amp;apos;1.8.0_211&amp;apos;
Driver info: org.openqa.selenium.chrome.ChromeDriver
Command: [7f2b94a92e84b1374d7efb15f437747b, clickElement {id=ee9333e6-070a-4a10-85e3-ba4dfe417ae8}]
Capabilities {acceptInsecureCerts: false, browserName: chrome, browserVersion: 107.0.5304.110, chrome: {chromedriverVersion: 107.0.5304.62 (1eec40d3a576..., userDataDir: /var/folders/my/j91kgyw53sb...}, goog:chromeOptions: {debuggerAddress: localhost:53491}, networkConnectionEnabled: false, pageLoadStrategy: normal, platformName: MAC, proxy: Proxy(), se:cdp: ws://localhost:53491/devtoo..., se:cdpVersion: 107.0.5304.110, setWindowRect: true, strictFileInteractability: false, timeouts: {implicit: 0, pageLoad: 300000, script: 30000}, unhandledPromptBehavior: dismiss and notify, webauthn:extension:credBlob: true, webauthn:extension:largeBlob: true, webauthn:virtualAuthenticators: true}
Element: [[ChromeDriver: chrome on MAC (7f2b94a92e84b1374d7efb15f437747b)] -&amp;gt; css selector: mat-nav-list.mat-nav-list.mat-list-base.ng-tns-c355-0 &amp;gt; a &amp;gt; span &amp;gt; img]
Session ID: 7f2b94a92e84b1374d7efb15f437747b">
      <![CDATA[org.openqa.selenium.ElementClickInterceptedException: element click intercepted: Element <img _ngcontent-mtm-c355="" class="menu_icon ng-tns-c355-0" src="assets/menu_icons/siteHome.svg"> is not clickable at point (22, 498). Other element would receive the click: <div class="cdk-overlay-backdrop cdk-overlay-dark-backdrop cdk-overlay-backdrop-showing"></div>
  (Session info: chrome=107.0.5304.110)
Build info: version: '4.4.0', revision: 'e5c75ed026a'
System info: host: 'Tulasi-MacBook-Pro-2.local', ip: 'fe80:0:0:0:1cfa:deaa:be0d:8ea0%en0', os.name: 'Mac OS X', os.arch: 'x86_64', os.version: '10.16', java.version: '1.8.0_211'
Driver info: org.openqa.selenium.chrome.ChromeDriver
Command: [7f2b94a92e84b1374d7efb15f437747b, clickElement {id=ee9333e6-070a-4a10-85e3-ba4dfe417ae8}]
Capabilities {acceptInsecureCerts: false, browserName: chrome, browserVersion: 107.0.5304.110, chrome: {chromedriverVersion: 107.0.5304.62 (1eec40d3a576..., userDataDir: /var/folders/my/j91kgyw53sb...}, goog:chromeOptions: {debuggerAddress: localhost:53491}, networkConnectionEnabled: false, pageLoadStrategy: normal, platformName: MAC, proxy: Proxy(), se:cdp: ws://localhost:53491/devtoo..., se:cdpVersion: 107.0.5304.110, setWindowRect: true, strictFileInteractability: false, timeouts: {implicit: 0, pageLoad: 300000, script: 30000}, unhandledPromptBehavior: dismiss and notify, webauthn:extension:credBlob: true, webauthn:extension:largeBlob: true, webauthn:virtualAuthenticators: true}
Element: [[ChromeDriver: chrome on MAC (7f2b94a92e84b1374d7efb15f437747b)] -> css selector: mat-nav-list.mat-nav-list.mat-list-base.ng-tns-c355-0 > a > span > img]
Session ID: 7f2b94a92e84b1374d7efb15f437747b
at org.openqa.selenium.remote.codec.w3c.W3CHttpResponseCodec.createException(W3CHttpResponseCodec.java:200)
at org.openqa.selenium.remote.codec.w3c.W3CHttpResponseCodec.decode(W3CHttpResponseCodec.java:133)
at org.openqa.selenium.remote.codec.w3c.W3CHttpResponseCodec.decode(W3CHttpResponseCodec.java:53)
at org.openqa.selenium.remote.HttpCommandExecutor.execute(HttpCommandExecutor.java:184)
at org.openqa.selenium.remote.service.DriverCommandExecutor.invokeExecute(DriverCommandExecutor.java:167)
at org.openqa.selenium.remote.service.DriverCommandExecutor.execute(DriverCommandExecutor.java:142)
at org.openqa.selenium.remote.RemoteWebDriver.execute(RemoteWebDriver.java:547)
at org.openqa.selenium.remote.RemoteWebElement.execute(RemoteWebElement.java:257)
at org.openqa.selenium.remote.RemoteWebElement.click(RemoteWebElement.java:78)
at com.lib.TestBase.selectMenuIconInSite(TestBase.java:1206)
at smrtRain.programs.SmartETTests.smartET_SmartStackWithCycleSoak(SmartETTests.java:587)
at java.util.ArrayList.forEach(ArrayList.java:1257)
at java.util.concurrent.FutureTask.run(FutureTask.java:266)
at java.util.concurrent.ThreadPoolExecutor.runWorker(ThreadPoolExecutor.java:1149)
at java.util.concurrent.ThreadPoolExecutor$Worker.run(ThreadPoolExecutor.java:624)
at java.lang.Thread.run(Thread.java:748)
... Removed 22 stack frames]]>
    </failure>
  </testcase> <!-- smartET_SmartStackWithCycleSoak -->
  <testcase name="smartStackWithMultipleRunTimes" time="5.134" classname="smrtRain.programs.SmartETTests">
    <failure type="org.openqa.selenium.ElementClickInterceptedException" message="element click intercepted: Element &amp;lt;img _ngcontent-mtm-c355=&amp;quot;&amp;quot; class=&amp;quot;menu_icon ng-tns-c355-0&amp;quot; src=&amp;quot;assets/menu_icons/zones.svg&amp;quot;&amp;gt; is not clickable at point (22, 602). Other element would receive the click: &amp;lt;div class=&amp;quot;cdk-overlay-backdrop cdk-overlay-dark-backdrop cdk-overlay-backdrop-showing&amp;quot;&amp;gt;&amp;lt;/div&amp;gt;
  (Session info: chrome=107.0.5304.110)
Build info: version: &amp;apos;4.4.0&amp;apos;, revision: &amp;apos;e5c75ed026a&amp;apos;
System info: host: &amp;apos;Tulasi-MacBook-Pro-2.local&amp;apos;, ip: &amp;apos;fe80:0:0:0:1cfa:deaa:be0d:8ea0%en0&amp;apos;, os.name: &amp;apos;Mac OS X&amp;apos;, os.arch: &amp;apos;x86_64&amp;apos;, os.version: &amp;apos;10.16&amp;apos;, java.version: &amp;apos;1.8.0_211&amp;apos;
Driver info: org.openqa.selenium.chrome.ChromeDriver
Command: [7f2b94a92e84b1374d7efb15f437747b, clickElement {id=92730fe4-6a92-472e-b8da-57cd62b72e22}]
Capabilities {acceptInsecureCerts: false, browserName: chrome, browserVersion: 107.0.5304.110, chrome: {chromedriverVersion: 107.0.5304.62 (1eec40d3a576..., userDataDir: /var/folders/my/j91kgyw53sb...}, goog:chromeOptions: {debuggerAddress: localhost:53491}, networkConnectionEnabled: false, pageLoadStrategy: normal, platformName: MAC, proxy: Proxy(), se:cdp: ws://localhost:53491/devtoo..., se:cdpVersion: 107.0.5304.110, setWindowRect: true, strictFileInteractability: false, timeouts: {implicit: 0, pageLoad: 300000, script: 30000}, unhandledPromptBehavior: dismiss and notify, webauthn:extension:credBlob: true, webauthn:extension:largeBlob: true, webauthn:virtualAuthenticators: true}
Element: [[ChromeDriver: chrome on MAC (7f2b94a92e84b1374d7efb15f437747b)] -&amp;gt; css selector: mat-nav-list.mat-nav-list.mat-list-base.ng-tns-c355-0 &amp;gt; a &amp;gt; span &amp;gt; img]
Session ID: 7f2b94a92e84b1374d7efb15f437747b">
      <![CDATA[org.openqa.selenium.ElementClickInterceptedException: element click intercepted: Element <img _ngcontent-mtm-c355="" class="menu_icon ng-tns-c355-0" src="assets/menu_icons/zones.svg"> is not clickable at point (22, 602). Other element would receive the click: <div class="cdk-overlay-backdrop cdk-overlay-dark-backdrop cdk-overlay-backdrop-showing"></div>
  (Session info: chrome=107.0.5304.110)
Build info: version: '4.4.0', revision: 'e5c75ed026a'
System info: host: 'Tulasi-MacBook-Pro-2.local', ip: 'fe80:0:0:0:1cfa:deaa:be0d:8ea0%en0', os.name: 'Mac OS X', os.arch: 'x86_64', os.version: '10.16', java.version: '1.8.0_211'
Driver info: org.openqa.selenium.chrome.ChromeDriver
Command: [7f2b94a92e84b1374d7efb15f437747b, clickElement {id=92730fe4-6a92-472e-b8da-57cd62b72e22}]
Capabilities {acceptInsecureCerts: false, browserName: chrome, browserVersion: 107.0.5304.110, chrome: {chromedriverVersion: 107.0.5304.62 (1eec40d3a576..., userDataDir: /var/folders/my/j91kgyw53sb...}, goog:chromeOptions: {debuggerAddress: localhost:53491}, networkConnectionEnabled: false, pageLoadStrategy: normal, platformName: MAC, proxy: Proxy(), se:cdp: ws://localhost:53491/devtoo..., se:cdpVersion: 107.0.5304.110, setWindowRect: true, strictFileInteractability: false, timeouts: {implicit: 0, pageLoad: 300000, script: 30000}, unhandledPromptBehavior: dismiss and notify, webauthn:extension:credBlob: true, webauthn:extension:largeBlob: true, webauthn:virtualAuthenticators: true}
Element: [[ChromeDriver: chrome on MAC (7f2b94a92e84b1374d7efb15f437747b)] -> css selector: mat-nav-list.mat-nav-list.mat-list-base.ng-tns-c355-0 > a > span > img]
Session ID: 7f2b94a92e84b1374d7efb15f437747b
at org.openqa.selenium.remote.codec.w3c.W3CHttpResponseCodec.createException(W3CHttpResponseCodec.java:200)
at org.openqa.selenium.remote.codec.w3c.W3CHttpResponseCodec.decode(W3CHttpResponseCodec.java:133)
at org.openqa.selenium.remote.codec.w3c.W3CHttpResponseCodec.decode(W3CHttpResponseCodec.java:53)
at org.openqa.selenium.remote.HttpCommandExecutor.execute(HttpCommandExecutor.java:184)
at org.openqa.selenium.remote.service.DriverCommandExecutor.invokeExecute(DriverCommandExecutor.java:167)
at org.openqa.selenium.remote.service.DriverCommandExecutor.execute(DriverCommandExecutor.java:142)
at org.openqa.selenium.remote.RemoteWebDriver.execute(RemoteWebDriver.java:547)
at org.openqa.selenium.remote.RemoteWebElement.execute(RemoteWebElement.java:257)
at org.openqa.selenium.remote.RemoteWebElement.click(RemoteWebElement.java:78)
at com.lib.TestBase.selectMenuIconInSite(TestBase.java:1206)
at smrtRain.programs.SmartETTests.smartStackWithMultipleRunTimes(SmartETTests.java:655)
at java.util.ArrayList.forEach(ArrayList.java:1257)
at java.util.concurrent.FutureTask.run(FutureTask.java:266)
at java.util.concurrent.ThreadPoolExecutor.runWorker(ThreadPoolExecutor.java:1149)
at java.util.concurrent.ThreadPoolExecutor$Worker.run(ThreadPoolExecutor.java:624)
at java.lang.Thread.run(Thread.java:748)
... Removed 22 stack frames]]>
    </failure>
  </testcase> <!-- smartStackWithMultipleRunTimes -->
  <testcase name="stack_UpdateProgramByAddingZones" time="8.131" classname="smrtRain.programs.SmartETTests">
    <failure type="org.openqa.selenium.ElementClickInterceptedException" message="element click intercepted: Element &amp;lt;img _ngcontent-mtm-c355=&amp;quot;&amp;quot; class=&amp;quot;menu_icon ng-tns-c355-0&amp;quot; src=&amp;quot;assets/menu_icons/zones.svg&amp;quot;&amp;gt; is not clickable at point (22, 602). Other element would receive the click: &amp;lt;div class=&amp;quot;cdk-overlay-backdrop cdk-overlay-dark-backdrop cdk-overlay-backdrop-showing&amp;quot;&amp;gt;&amp;lt;/div&amp;gt;
  (Session info: chrome=107.0.5304.110)
Build info: version: &amp;apos;4.4.0&amp;apos;, revision: &amp;apos;e5c75ed026a&amp;apos;
System info: host: &amp;apos;Tulasi-MacBook-Pro-2.local&amp;apos;, ip: &amp;apos;fe80:0:0:0:1cfa:deaa:be0d:8ea0%en0&amp;apos;, os.name: &amp;apos;Mac OS X&amp;apos;, os.arch: &amp;apos;x86_64&amp;apos;, os.version: &amp;apos;10.16&amp;apos;, java.version: &amp;apos;1.8.0_211&amp;apos;
Driver info: org.openqa.selenium.chrome.ChromeDriver
Command: [7f2b94a92e84b1374d7efb15f437747b, clickElement {id=92730fe4-6a92-472e-b8da-57cd62b72e22}]
Capabilities {acceptInsecureCerts: false, browserName: chrome, browserVersion: 107.0.5304.110, chrome: {chromedriverVersion: 107.0.5304.62 (1eec40d3a576..., userDataDir: /var/folders/my/j91kgyw53sb...}, goog:chromeOptions: {debuggerAddress: localhost:53491}, networkConnectionEnabled: false, pageLoadStrategy: normal, platformName: MAC, proxy: Proxy(), se:cdp: ws://localhost:53491/devtoo..., se:cdpVersion: 107.0.5304.110, setWindowRect: true, strictFileInteractability: false, timeouts: {implicit: 0, pageLoad: 300000, script: 30000}, unhandledPromptBehavior: dismiss and notify, webauthn:extension:credBlob: true, webauthn:extension:largeBlob: true, webauthn:virtualAuthenticators: true}
Element: [[ChromeDriver: chrome on MAC (7f2b94a92e84b1374d7efb15f437747b)] -&amp;gt; css selector: mat-nav-list.mat-nav-list.mat-list-base.ng-tns-c355-0 &amp;gt; a &amp;gt; span &amp;gt; img]
Session ID: 7f2b94a92e84b1374d7efb15f437747b">
      <![CDATA[org.openqa.selenium.ElementClickInterceptedException: element click intercepted: Element <img _ngcontent-mtm-c355="" class="menu_icon ng-tns-c355-0" src="assets/menu_icons/zones.svg"> is not clickable at point (22, 602). Other element would receive the click: <div class="cdk-overlay-backdrop cdk-overlay-dark-backdrop cdk-overlay-backdrop-showing"></div>
  (Session info: chrome=107.0.5304.110)
Build info: version: '4.4.0', revision: 'e5c75ed026a'
System info: host: 'Tulasi-MacBook-Pro-2.local', ip: 'fe80:0:0:0:1cfa:deaa:be0d:8ea0%en0', os.name: 'Mac OS X', os.arch: 'x86_64', os.version: '10.16', java.version: '1.8.0_211'
Driver info: org.openqa.selenium.chrome.ChromeDriver
Command: [7f2b94a92e84b1374d7efb15f437747b, clickElement {id=92730fe4-6a92-472e-b8da-57cd62b72e22}]
Capabilities {acceptInsecureCerts: false, browserName: chrome, browserVersion: 107.0.5304.110, chrome: {chromedriverVersion: 107.0.5304.62 (1eec40d3a576..., userDataDir: /var/folders/my/j91kgyw53sb...}, goog:chromeOptions: {debuggerAddress: localhost:53491}, networkConnectionEnabled: false, pageLoadStrategy: normal, platformName: MAC, proxy: Proxy(), se:cdp: ws://localhost:53491/devtoo..., se:cdpVersion: 107.0.5304.110, setWindowRect: true, strictFileInteractability: false, timeouts: {implicit: 0, pageLoad: 300000, script: 30000}, unhandledPromptBehavior: dismiss and notify, webauthn:extension:credBlob: true, webauthn:extension:largeBlob: true, webauthn:virtualAuthenticators: true}
Element: [[ChromeDriver: chrome on MAC (7f2b94a92e84b1374d7efb15f437747b)] -> css selector: mat-nav-list.mat-nav-list.mat-list-base.ng-tns-c355-0 > a > span > img]
Session ID: 7f2b94a92e84b1374d7efb15f437747b
at org.openqa.selenium.remote.codec.w3c.W3CHttpResponseCodec.createException(W3CHttpResponseCodec.java:200)
at org.openqa.selenium.remote.codec.w3c.W3CHttpResponseCodec.decode(W3CHttpResponseCodec.java:133)
at org.openqa.selenium.remote.codec.w3c.W3CHttpResponseCodec.decode(W3CHttpResponseCodec.java:53)
at org.openqa.selenium.remote.HttpCommandExecutor.execute(HttpCommandExecutor.java:184)
at org.openqa.selenium.remote.service.DriverCommandExecutor.invokeExecute(DriverCommandExecutor.java:167)
at org.openqa.selenium.remote.service.DriverCommandExecutor.execute(DriverCommandExecutor.java:142)
at org.openqa.selenium.remote.RemoteWebDriver.execute(RemoteWebDriver.java:547)
at org.openqa.selenium.remote.RemoteWebElement.execute(RemoteWebElement.java:257)
at org.openqa.selenium.remote.RemoteWebElement.click(RemoteWebElement.java:78)
at com.lib.TestBase.selectMenuIconInSite(TestBase.java:1206)
at smrtRain.programs.SmartETTests.stack_UpdateProgramByAddingZones(SmartETTests.java:710)
at java.util.ArrayList.forEach(ArrayList.java:1257)
at java.util.concurrent.FutureTask.run(FutureTask.java:266)
at java.util.concurrent.ThreadPoolExecutor.runWorker(ThreadPoolExecutor.java:1149)
at java.util.concurrent.ThreadPoolExecutor$Worker.run(ThreadPoolExecutor.java:624)
at java.lang.Thread.run(Thread.java:748)
... Removed 22 stack frames]]>
    </failure>
  </testcase> <!-- stack_UpdateProgramByAddingZones -->
  <testcase name="stack_ManualStackOn" time="1.13" classname="smrtRain.programs.SmartETTests">
    <failure type="org.openqa.selenium.ElementClickInterceptedException" message="element click intercepted: Element &amp;lt;img _ngcontent-mtm-c355=&amp;quot;&amp;quot; class=&amp;quot;menu_icon ng-tns-c355-0&amp;quot; src=&amp;quot;assets/menu_icons/zones.svg&amp;quot;&amp;gt; is not clickable at point (22, 602). Other element would receive the click: &amp;lt;div class=&amp;quot;cdk-overlay-backdrop cdk-overlay-dark-backdrop cdk-overlay-backdrop-showing&amp;quot;&amp;gt;&amp;lt;/div&amp;gt;
  (Session info: chrome=107.0.5304.110)
Build info: version: &amp;apos;4.4.0&amp;apos;, revision: &amp;apos;e5c75ed026a&amp;apos;
System info: host: &amp;apos;Tulasi-MacBook-Pro-2.local&amp;apos;, ip: &amp;apos;fe80:0:0:0:1cfa:deaa:be0d:8ea0%en0&amp;apos;, os.name: &amp;apos;Mac OS X&amp;apos;, os.arch: &amp;apos;x86_64&amp;apos;, os.version: &amp;apos;10.16&amp;apos;, java.version: &amp;apos;1.8.0_211&amp;apos;
Driver info: org.openqa.selenium.chrome.ChromeDriver
Command: [7f2b94a92e84b1374d7efb15f437747b, clickElement {id=92730fe4-6a92-472e-b8da-57cd62b72e22}]
Capabilities {acceptInsecureCerts: false, browserName: chrome, browserVersion: 107.0.5304.110, chrome: {chromedriverVersion: 107.0.5304.62 (1eec40d3a576..., userDataDir: /var/folders/my/j91kgyw53sb...}, goog:chromeOptions: {debuggerAddress: localhost:53491}, networkConnectionEnabled: false, pageLoadStrategy: normal, platformName: MAC, proxy: Proxy(), se:cdp: ws://localhost:53491/devtoo..., se:cdpVersion: 107.0.5304.110, setWindowRect: true, strictFileInteractability: false, timeouts: {implicit: 0, pageLoad: 300000, script: 30000}, unhandledPromptBehavior: dismiss and notify, webauthn:extension:credBlob: true, webauthn:extension:largeBlob: true, webauthn:virtualAuthenticators: true}
Element: [[ChromeDriver: chrome on MAC (7f2b94a92e84b1374d7efb15f437747b)] -&amp;gt; css selector: mat-nav-list.mat-nav-list.mat-list-base.ng-tns-c355-0 &amp;gt; a &amp;gt; span &amp;gt; img]
Session ID: 7f2b94a92e84b1374d7efb15f437747b">
      <![CDATA[org.openqa.selenium.ElementClickInterceptedException: element click intercepted: Element <img _ngcontent-mtm-c355="" class="menu_icon ng-tns-c355-0" src="assets/menu_icons/zones.svg"> is not clickable at point (22, 602). Other element would receive the click: <div class="cdk-overlay-backdrop cdk-overlay-dark-backdrop cdk-overlay-backdrop-showing"></div>
  (Session info: chrome=107.0.5304.110)
Build info: version: '4.4.0', revision: 'e5c75ed026a'
System info: host: 'Tulasi-MacBook-Pro-2.local', ip: 'fe80:0:0:0:1cfa:deaa:be0d:8ea0%en0', os.name: 'Mac OS X', os.arch: 'x86_64', os.version: '10.16', java.version: '1.8.0_211'
Driver info: org.openqa.selenium.chrome.ChromeDriver
Command: [7f2b94a92e84b1374d7efb15f437747b, clickElement {id=92730fe4-6a92-472e-b8da-57cd62b72e22}]
Capabilities {acceptInsecureCerts: false, browserName: chrome, browserVersion: 107.0.5304.110, chrome: {chromedriverVersion: 107.0.5304.62 (1eec40d3a576..., userDataDir: /var/folders/my/j91kgyw53sb...}, goog:chromeOptions: {debuggerAddress: localhost:53491}, networkConnectionEnabled: false, pageLoadStrategy: normal, platformName: MAC, proxy: Proxy(), se:cdp: ws://localhost:53491/devtoo..., se:cdpVersion: 107.0.5304.110, setWindowRect: true, strictFileInteractability: false, timeouts: {implicit: 0, pageLoad: 300000, script: 30000}, unhandledPromptBehavior: dismiss and notify, webauthn:extension:credBlob: true, webauthn:extension:largeBlob: true, webauthn:virtualAuthenticators: true}
Element: [[ChromeDriver: chrome on MAC (7f2b94a92e84b1374d7efb15f437747b)] -> css selector: mat-nav-list.mat-nav-list.mat-list-base.ng-tns-c355-0 > a > span > img]
Session ID: 7f2b94a92e84b1374d7efb15f437747b
at org.openqa.selenium.remote.codec.w3c.W3CHttpResponseCodec.createException(W3CHttpResponseCodec.java:200)
at org.openqa.selenium.remote.codec.w3c.W3CHttpResponseCodec.decode(W3CHttpResponseCodec.java:133)
at org.openqa.selenium.remote.codec.w3c.W3CHttpResponseCodec.decode(W3CHttpResponseCodec.java:53)
at org.openqa.selenium.remote.HttpCommandExecutor.execute(HttpCommandExecutor.java:184)
at org.openqa.selenium.remote.service.DriverCommandExecutor.invokeExecute(DriverCommandExecutor.java:167)
at org.openqa.selenium.remote.service.DriverCommandExecutor.execute(DriverCommandExecutor.java:142)
at org.openqa.selenium.remote.RemoteWebDriver.execute(RemoteWebDriver.java:547)
at org.openqa.selenium.remote.RemoteWebElement.execute(RemoteWebElement.java:257)
at org.openqa.selenium.remote.RemoteWebElement.click(RemoteWebElement.java:78)
at com.lib.TestBase.selectMenuIconInSite(TestBase.java:1206)
at smrtRain.programs.SmartETTests.stack_ManualStackOn(SmartETTests.java:751)
at java.util.ArrayList.forEach(ArrayList.java:1257)
at java.util.concurrent.FutureTask.run(FutureTask.java:266)
at java.util.concurrent.ThreadPoolExecutor.runWorker(ThreadPoolExecutor.java:1149)
at java.util.concurrent.ThreadPoolExecutor$Worker.run(ThreadPoolExecutor.java:624)
at java.lang.Thread.run(Thread.java:748)
... Removed 22 stack frames]]>
    </failure>
  </testcase> <!-- stack_ManualStackOn -->
  <testcase name="deleteZoneWhichAssignedToProgram" time="1.15" classname="smrtRain.programs.SmartETTests">
    <failure type="org.openqa.selenium.ElementClickInterceptedException" message="element click intercepted: Element &amp;lt;img _ngcontent-mtm-c355=&amp;quot;&amp;quot; class=&amp;quot;menu_icon ng-tns-c355-0&amp;quot; src=&amp;quot;assets/menu_icons/calendar.svg&amp;quot;&amp;gt; is not clickable at point (22, 706). Other element would receive the click: &amp;lt;div class=&amp;quot;cdk-overlay-backdrop cdk-overlay-dark-backdrop cdk-overlay-backdrop-showing&amp;quot;&amp;gt;&amp;lt;/div&amp;gt;
  (Session info: chrome=107.0.5304.110)
Build info: version: &amp;apos;4.4.0&amp;apos;, revision: &amp;apos;e5c75ed026a&amp;apos;
System info: host: &amp;apos;Tulasi-MacBook-Pro-2.local&amp;apos;, ip: &amp;apos;fe80:0:0:0:1cfa:deaa:be0d:8ea0%en0&amp;apos;, os.name: &amp;apos;Mac OS X&amp;apos;, os.arch: &amp;apos;x86_64&amp;apos;, os.version: &amp;apos;10.16&amp;apos;, java.version: &amp;apos;1.8.0_211&amp;apos;
Driver info: org.openqa.selenium.chrome.ChromeDriver
Command: [7f2b94a92e84b1374d7efb15f437747b, clickElement {id=f404eefc-21e7-4faa-b9bb-b652513fc7df}]
Capabilities {acceptInsecureCerts: false, browserName: chrome, browserVersion: 107.0.5304.110, chrome: {chromedriverVersion: 107.0.5304.62 (1eec40d3a576..., userDataDir: /var/folders/my/j91kgyw53sb...}, goog:chromeOptions: {debuggerAddress: localhost:53491}, networkConnectionEnabled: false, pageLoadStrategy: normal, platformName: MAC, proxy: Proxy(), se:cdp: ws://localhost:53491/devtoo..., se:cdpVersion: 107.0.5304.110, setWindowRect: true, strictFileInteractability: false, timeouts: {implicit: 0, pageLoad: 300000, script: 30000}, unhandledPromptBehavior: dismiss and notify, webauthn:extension:credBlob: true, webauthn:extension:largeBlob: true, webauthn:virtualAuthenticators: true}
Element: [[ChromeDriver: chrome on MAC (7f2b94a92e84b1374d7efb15f437747b)] -&amp;gt; css selector: mat-nav-list.mat-nav-list.mat-list-base.ng-tns-c355-0 &amp;gt; a &amp;gt; span &amp;gt; img]
Session ID: 7f2b94a92e84b1374d7efb15f437747b">
      <![CDATA[org.openqa.selenium.ElementClickInterceptedException: element click intercepted: Element <img _ngcontent-mtm-c355="" class="menu_icon ng-tns-c355-0" src="assets/menu_icons/calendar.svg"> is not clickable at point (22, 706). Other element would receive the click: <div class="cdk-overlay-backdrop cdk-overlay-dark-backdrop cdk-overlay-backdrop-showing"></div>
  (Session info: chrome=107.0.5304.110)
Build info: version: '4.4.0', revision: 'e5c75ed026a'
System info: host: 'Tulasi-MacBook-Pro-2.local', ip: 'fe80:0:0:0:1cfa:deaa:be0d:8ea0%en0', os.name: 'Mac OS X', os.arch: 'x86_64', os.version: '10.16', java.version: '1.8.0_211'
Driver info: org.openqa.selenium.chrome.ChromeDriver
Command: [7f2b94a92e84b1374d7efb15f437747b, clickElement {id=f404eefc-21e7-4faa-b9bb-b652513fc7df}]
Capabilities {acceptInsecureCerts: false, browserName: chrome, browserVersion: 107.0.5304.110, chrome: {chromedriverVersion: 107.0.5304.62 (1eec40d3a576..., userDataDir: /var/folders/my/j91kgyw53sb...}, goog:chromeOptions: {debuggerAddress: localhost:53491}, networkConnectionEnabled: false, pageLoadStrategy: normal, platformName: MAC, proxy: Proxy(), se:cdp: ws://localhost:53491/devtoo..., se:cdpVersion: 107.0.5304.110, setWindowRect: true, strictFileInteractability: false, timeouts: {implicit: 0, pageLoad: 300000, script: 30000}, unhandledPromptBehavior: dismiss and notify, webauthn:extension:credBlob: true, webauthn:extension:largeBlob: true, webauthn:virtualAuthenticators: true}
Element: [[ChromeDriver: chrome on MAC (7f2b94a92e84b1374d7efb15f437747b)] -> css selector: mat-nav-list.mat-nav-list.mat-list-base.ng-tns-c355-0 > a > span > img]
Session ID: 7f2b94a92e84b1374d7efb15f437747b
at org.openqa.selenium.remote.codec.w3c.W3CHttpResponseCodec.createException(W3CHttpResponseCodec.java:200)
at org.openqa.selenium.remote.codec.w3c.W3CHttpResponseCodec.decode(W3CHttpResponseCodec.java:133)
at org.openqa.selenium.remote.codec.w3c.W3CHttpResponseCodec.decode(W3CHttpResponseCodec.java:53)
at org.openqa.selenium.remote.HttpCommandExecutor.execute(HttpCommandExecutor.java:184)
at org.openqa.selenium.remote.service.DriverCommandExecutor.invokeExecute(DriverCommandExecutor.java:167)
at org.openqa.selenium.remote.service.DriverCommandExecutor.execute(DriverCommandExecutor.java:142)
at org.openqa.selenium.remote.RemoteWebDriver.execute(RemoteWebDriver.java:547)
at org.openqa.selenium.remote.RemoteWebElement.execute(RemoteWebElement.java:257)
at org.openqa.selenium.remote.RemoteWebElement.click(RemoteWebElement.java:78)
at com.lib.TestBase.selectMenuIconInSite(TestBase.java:1206)
at smrtRain.programs.SmartETTests.deleteZoneWhichAssignedToProgram(SmartETTests.java:766)
at java.util.ArrayList.forEach(ArrayList.java:1257)
at java.util.concurrent.FutureTask.run(FutureTask.java:266)
at java.util.concurrent.ThreadPoolExecutor.runWorker(ThreadPoolExecutor.java:1149)
at java.util.concurrent.ThreadPoolExecutor$Worker.run(ThreadPoolExecutor.java:624)
at java.lang.Thread.run(Thread.java:748)
... Removed 21 stack frames]]>
    </failure>
  </testcase> <!-- deleteZoneWhichAssignedToProgram -->
  <testcase name="stack_ValidateOverTheMaxFlow" time="8.115" classname="smrtRain.programs.SmartETTests">
    <failure type="org.openqa.selenium.ElementClickInterceptedException" message="element click intercepted: Element &amp;lt;img _ngcontent-mtm-c355=&amp;quot;&amp;quot; class=&amp;quot;menu_icon ng-tns-c355-0&amp;quot; src=&amp;quot;assets/menu_icons/siteConfig.svg&amp;quot;&amp;gt; is not clickable at point (22, 806). Other element would receive the click: &amp;lt;div class=&amp;quot;cdk-overlay-backdrop cdk-overlay-dark-backdrop cdk-overlay-backdrop-showing&amp;quot;&amp;gt;&amp;lt;/div&amp;gt;
  (Session info: chrome=107.0.5304.110)
Build info: version: &amp;apos;4.4.0&amp;apos;, revision: &amp;apos;e5c75ed026a&amp;apos;
System info: host: &amp;apos;Tulasi-MacBook-Pro-2.local&amp;apos;, ip: &amp;apos;fe80:0:0:0:1cfa:deaa:be0d:8ea0%en0&amp;apos;, os.name: &amp;apos;Mac OS X&amp;apos;, os.arch: &amp;apos;x86_64&amp;apos;, os.version: &amp;apos;10.16&amp;apos;, java.version: &amp;apos;1.8.0_211&amp;apos;
Driver info: org.openqa.selenium.chrome.ChromeDriver
Command: [7f2b94a92e84b1374d7efb15f437747b, clickElement {id=2cda8c16-e327-42ff-8b4d-a0e2bdc3afef}]
Capabilities {acceptInsecureCerts: false, browserName: chrome, browserVersion: 107.0.5304.110, chrome: {chromedriverVersion: 107.0.5304.62 (1eec40d3a576..., userDataDir: /var/folders/my/j91kgyw53sb...}, goog:chromeOptions: {debuggerAddress: localhost:53491}, networkConnectionEnabled: false, pageLoadStrategy: normal, platformName: MAC, proxy: Proxy(), se:cdp: ws://localhost:53491/devtoo..., se:cdpVersion: 107.0.5304.110, setWindowRect: true, strictFileInteractability: false, timeouts: {implicit: 0, pageLoad: 300000, script: 30000}, unhandledPromptBehavior: dismiss and notify, webauthn:extension:credBlob: true, webauthn:extension:largeBlob: true, webauthn:virtualAuthenticators: true}
Element: [[ChromeDriver: chrome on MAC (7f2b94a92e84b1374d7efb15f437747b)] -&amp;gt; css selector: mat-nav-list.mat-nav-list.mat-list-base.ng-tns-c355-0 &amp;gt; a &amp;gt; span &amp;gt; img]
Session ID: 7f2b94a92e84b1374d7efb15f437747b">
      <![CDATA[org.openqa.selenium.ElementClickInterceptedException: element click intercepted: Element <img _ngcontent-mtm-c355="" class="menu_icon ng-tns-c355-0" src="assets/menu_icons/siteConfig.svg"> is not clickable at point (22, 806). Other element would receive the click: <div class="cdk-overlay-backdrop cdk-overlay-dark-backdrop cdk-overlay-backdrop-showing"></div>
  (Session info: chrome=107.0.5304.110)
Build info: version: '4.4.0', revision: 'e5c75ed026a'
System info: host: 'Tulasi-MacBook-Pro-2.local', ip: 'fe80:0:0:0:1cfa:deaa:be0d:8ea0%en0', os.name: 'Mac OS X', os.arch: 'x86_64', os.version: '10.16', java.version: '1.8.0_211'
Driver info: org.openqa.selenium.chrome.ChromeDriver
Command: [7f2b94a92e84b1374d7efb15f437747b, clickElement {id=2cda8c16-e327-42ff-8b4d-a0e2bdc3afef}]
Capabilities {acceptInsecureCerts: false, browserName: chrome, browserVersion: 107.0.5304.110, chrome: {chromedriverVersion: 107.0.5304.62 (1eec40d3a576..., userDataDir: /var/folders/my/j91kgyw53sb...}, goog:chromeOptions: {debuggerAddress: localhost:53491}, networkConnectionEnabled: false, pageLoadStrategy: normal, platformName: MAC, proxy: Proxy(), se:cdp: ws://localhost:53491/devtoo..., se:cdpVersion: 107.0.5304.110, setWindowRect: true, strictFileInteractability: false, timeouts: {implicit: 0, pageLoad: 300000, script: 30000}, unhandledPromptBehavior: dismiss and notify, webauthn:extension:credBlob: true, webauthn:extension:largeBlob: true, webauthn:virtualAuthenticators: true}
Element: [[ChromeDriver: chrome on MAC (7f2b94a92e84b1374d7efb15f437747b)] -> css selector: mat-nav-list.mat-nav-list.mat-list-base.ng-tns-c355-0 > a > span > img]
Session ID: 7f2b94a92e84b1374d7efb15f437747b
at org.openqa.selenium.remote.codec.w3c.W3CHttpResponseCodec.createException(W3CHttpResponseCodec.java:200)
at org.openqa.selenium.remote.codec.w3c.W3CHttpResponseCodec.decode(W3CHttpResponseCodec.java:133)
at org.openqa.selenium.remote.codec.w3c.W3CHttpResponseCodec.decode(W3CHttpResponseCodec.java:53)
at org.openqa.selenium.remote.HttpCommandExecutor.execute(HttpCommandExecutor.java:184)
at org.openqa.selenium.remote.service.DriverCommandExecutor.invokeExecute(DriverCommandExecutor.java:167)
at org.openqa.selenium.remote.service.DriverCommandExecutor.execute(DriverCommandExecutor.java:142)
at org.openqa.selenium.remote.RemoteWebDriver.execute(RemoteWebDriver.java:547)
at org.openqa.selenium.remote.RemoteWebElement.execute(RemoteWebElement.java:257)
at org.openqa.selenium.remote.RemoteWebElement.click(RemoteWebElement.java:78)
at com.lib.TestBase.selectMenuIconInSite(TestBase.java:1206)
at smrtRain.programs.SmartETTests.stack_ValidateOverTheMaxFlow(SmartETTests.java:787)
at java.util.ArrayList.forEach(ArrayList.java:1257)
at java.util.concurrent.FutureTask.run(FutureTask.java:266)
at java.util.concurrent.ThreadPoolExecutor.runWorker(ThreadPoolExecutor.java:1149)
at java.util.concurrent.ThreadPoolExecutor$Worker.run(ThreadPoolExecutor.java:624)
at java.lang.Thread.run(Thread.java:748)
... Removed 21 stack frames]]>
    </failure>
  </testcase> <!-- stack_ValidateOverTheMaxFlow -->
  <testcase name="smartET_DoNotListInRunProgram" time="0.0" classname="smrtRain.programs.SmartETTests">
    <skipped/>
  </testcase> <!-- smartET_DoNotListInRunProgram -->
  <testcase name="runProgramForFullTime" time="11.174" classname="smrtRain.programs.RunProgramTests">
    <failure type="org.openqa.selenium.ElementClickInterceptedException" message="element click intercepted: Element &amp;lt;img _ngcontent-mtm-c355=&amp;quot;&amp;quot; class=&amp;quot;menu_icon ng-tns-c355-0&amp;quot; src=&amp;quot;assets/menu_icons/siteConfig.svg&amp;quot;&amp;gt; is not clickable at point (22, 806). Other element would receive the click: &amp;lt;div class=&amp;quot;cdk-overlay-backdrop cdk-overlay-dark-backdrop cdk-overlay-backdrop-showing&amp;quot;&amp;gt;&amp;lt;/div&amp;gt;
  (Session info: chrome=107.0.5304.110)
Build info: version: &amp;apos;4.4.0&amp;apos;, revision: &amp;apos;e5c75ed026a&amp;apos;
System info: host: &amp;apos;Tulasi-MacBook-Pro-2.local&amp;apos;, ip: &amp;apos;fe80:0:0:0:1cfa:deaa:be0d:8ea0%en0&amp;apos;, os.name: &amp;apos;Mac OS X&amp;apos;, os.arch: &amp;apos;x86_64&amp;apos;, os.version: &amp;apos;10.16&amp;apos;, java.version: &amp;apos;1.8.0_211&amp;apos;
Driver info: org.openqa.selenium.chrome.ChromeDriver
Command: [7f2b94a92e84b1374d7efb15f437747b, clickElement {id=2cda8c16-e327-42ff-8b4d-a0e2bdc3afef}]
Capabilities {acceptInsecureCerts: false, browserName: chrome, browserVersion: 107.0.5304.110, chrome: {chromedriverVersion: 107.0.5304.62 (1eec40d3a576..., userDataDir: /var/folders/my/j91kgyw53sb...}, goog:chromeOptions: {debuggerAddress: localhost:53491}, networkConnectionEnabled: false, pageLoadStrategy: normal, platformName: MAC, proxy: Proxy(), se:cdp: ws://localhost:53491/devtoo..., se:cdpVersion: 107.0.5304.110, setWindowRect: true, strictFileInteractability: false, timeouts: {implicit: 0, pageLoad: 300000, script: 30000}, unhandledPromptBehavior: dismiss and notify, webauthn:extension:credBlob: true, webauthn:extension:largeBlob: true, webauthn:virtualAuthenticators: true}
Element: [[ChromeDriver: chrome on MAC (7f2b94a92e84b1374d7efb15f437747b)] -&amp;gt; css selector: mat-nav-list.mat-nav-list.mat-list-base.ng-tns-c355-0 &amp;gt; a &amp;gt; span &amp;gt; img]
Session ID: 7f2b94a92e84b1374d7efb15f437747b">
      <![CDATA[org.openqa.selenium.ElementClickInterceptedException: element click intercepted: Element <img _ngcontent-mtm-c355="" class="menu_icon ng-tns-c355-0" src="assets/menu_icons/siteConfig.svg"> is not clickable at point (22, 806). Other element would receive the click: <div class="cdk-overlay-backdrop cdk-overlay-dark-backdrop cdk-overlay-backdrop-showing"></div>
  (Session info: chrome=107.0.5304.110)
Build info: version: '4.4.0', revision: 'e5c75ed026a'
System info: host: 'Tulasi-MacBook-Pro-2.local', ip: 'fe80:0:0:0:1cfa:deaa:be0d:8ea0%en0', os.name: 'Mac OS X', os.arch: 'x86_64', os.version: '10.16', java.version: '1.8.0_211'
Driver info: org.openqa.selenium.chrome.ChromeDriver
Command: [7f2b94a92e84b1374d7efb15f437747b, clickElement {id=2cda8c16-e327-42ff-8b4d-a0e2bdc3afef}]
Capabilities {acceptInsecureCerts: false, browserName: chrome, browserVersion: 107.0.5304.110, chrome: {chromedriverVersion: 107.0.5304.62 (1eec40d3a576..., userDataDir: /var/folders/my/j91kgyw53sb...}, goog:chromeOptions: {debuggerAddress: localhost:53491}, networkConnectionEnabled: false, pageLoadStrategy: normal, platformName: MAC, proxy: Proxy(), se:cdp: ws://localhost:53491/devtoo..., se:cdpVersion: 107.0.5304.110, setWindowRect: true, strictFileInteractability: false, timeouts: {implicit: 0, pageLoad: 300000, script: 30000}, unhandledPromptBehavior: dismiss and notify, webauthn:extension:credBlob: true, webauthn:extension:largeBlob: true, webauthn:virtualAuthenticators: true}
Element: [[ChromeDriver: chrome on MAC (7f2b94a92e84b1374d7efb15f437747b)] -> css selector: mat-nav-list.mat-nav-list.mat-list-base.ng-tns-c355-0 > a > span > img]
Session ID: 7f2b94a92e84b1374d7efb15f437747b
at org.openqa.selenium.remote.codec.w3c.W3CHttpResponseCodec.createException(W3CHttpResponseCodec.java:200)
at org.openqa.selenium.remote.codec.w3c.W3CHttpResponseCodec.decode(W3CHttpResponseCodec.java:133)
at org.openqa.selenium.remote.codec.w3c.W3CHttpResponseCodec.decode(W3CHttpResponseCodec.java:53)
at org.openqa.selenium.remote.HttpCommandExecutor.execute(HttpCommandExecutor.java:184)
at org.openqa.selenium.remote.service.DriverCommandExecutor.invokeExecute(DriverCommandExecutor.java:167)
at org.openqa.selenium.remote.service.DriverCommandExecutor.execute(DriverCommandExecutor.java:142)
at org.openqa.selenium.remote.RemoteWebDriver.execute(RemoteWebDriver.java:547)
at org.openqa.selenium.remote.RemoteWebElement.execute(RemoteWebElement.java:257)
at org.openqa.selenium.remote.RemoteWebElement.click(RemoteWebElement.java:78)
at com.lib.TestBase.selectMenuIconInSite(TestBase.java:1206)
at smrtRain.programs.RunProgramTests.runProgramForFullTime(RunProgramTests.java:24)
at java.util.ArrayList.forEach(ArrayList.java:1257)
at java.util.concurrent.FutureTask.run(FutureTask.java:266)
at java.util.concurrent.ThreadPoolExecutor.runWorker(ThreadPoolExecutor.java:1149)
at java.util.concurrent.ThreadPoolExecutor$Worker.run(ThreadPoolExecutor.java:624)
at java.lang.Thread.run(Thread.java:748)
... Removed 21 stack frames]]>
    </failure>
  </testcase> <!-- runProgramForFullTime -->
  <testcase name="runProgramForOtherConfiguredMinutes" time="1.153" classname="smrtRain.programs.RunProgramTests">
    <failure type="org.openqa.selenium.ElementClickInterceptedException" message="element click intercepted: Element &amp;lt;img _ngcontent-mtm-c355=&amp;quot;&amp;quot; class=&amp;quot;menu_icon ng-tns-c355-0&amp;quot; src=&amp;quot;assets/menu_icons/program.svg&amp;quot;&amp;gt; is not clickable at point (22, 654). Other element would receive the click: &amp;lt;div class=&amp;quot;cdk-overlay-backdrop cdk-overlay-dark-backdrop cdk-overlay-backdrop-showing&amp;quot;&amp;gt;&amp;lt;/div&amp;gt;
  (Session info: chrome=107.0.5304.110)
Build info: version: &amp;apos;4.4.0&amp;apos;, revision: &amp;apos;e5c75ed026a&amp;apos;
System info: host: &amp;apos;Tulasi-MacBook-Pro-2.local&amp;apos;, ip: &amp;apos;fe80:0:0:0:1cfa:deaa:be0d:8ea0%en0&amp;apos;, os.name: &amp;apos;Mac OS X&amp;apos;, os.arch: &amp;apos;x86_64&amp;apos;, os.version: &amp;apos;10.16&amp;apos;, java.version: &amp;apos;1.8.0_211&amp;apos;
Driver info: org.openqa.selenium.chrome.ChromeDriver
Command: [7f2b94a92e84b1374d7efb15f437747b, clickElement {id=fa084373-705a-4282-8f2c-5fcc4a4393f2}]
Capabilities {acceptInsecureCerts: false, browserName: chrome, browserVersion: 107.0.5304.110, chrome: {chromedriverVersion: 107.0.5304.62 (1eec40d3a576..., userDataDir: /var/folders/my/j91kgyw53sb...}, goog:chromeOptions: {debuggerAddress: localhost:53491}, networkConnectionEnabled: false, pageLoadStrategy: normal, platformName: MAC, proxy: Proxy(), se:cdp: ws://localhost:53491/devtoo..., se:cdpVersion: 107.0.5304.110, setWindowRect: true, strictFileInteractability: false, timeouts: {implicit: 0, pageLoad: 300000, script: 30000}, unhandledPromptBehavior: dismiss and notify, webauthn:extension:credBlob: true, webauthn:extension:largeBlob: true, webauthn:virtualAuthenticators: true}
Element: [[ChromeDriver: chrome on MAC (7f2b94a92e84b1374d7efb15f437747b)] -&amp;gt; css selector: mat-nav-list.mat-nav-list.mat-list-base.ng-tns-c355-0 &amp;gt; a &amp;gt; span &amp;gt; img]
Session ID: 7f2b94a92e84b1374d7efb15f437747b">
      <![CDATA[org.openqa.selenium.ElementClickInterceptedException: element click intercepted: Element <img _ngcontent-mtm-c355="" class="menu_icon ng-tns-c355-0" src="assets/menu_icons/program.svg"> is not clickable at point (22, 654). Other element would receive the click: <div class="cdk-overlay-backdrop cdk-overlay-dark-backdrop cdk-overlay-backdrop-showing"></div>
  (Session info: chrome=107.0.5304.110)
Build info: version: '4.4.0', revision: 'e5c75ed026a'
System info: host: 'Tulasi-MacBook-Pro-2.local', ip: 'fe80:0:0:0:1cfa:deaa:be0d:8ea0%en0', os.name: 'Mac OS X', os.arch: 'x86_64', os.version: '10.16', java.version: '1.8.0_211'
Driver info: org.openqa.selenium.chrome.ChromeDriver
Command: [7f2b94a92e84b1374d7efb15f437747b, clickElement {id=fa084373-705a-4282-8f2c-5fcc4a4393f2}]
Capabilities {acceptInsecureCerts: false, browserName: chrome, browserVersion: 107.0.5304.110, chrome: {chromedriverVersion: 107.0.5304.62 (1eec40d3a576..., userDataDir: /var/folders/my/j91kgyw53sb...}, goog:chromeOptions: {debuggerAddress: localhost:53491}, networkConnectionEnabled: false, pageLoadStrategy: normal, platformName: MAC, proxy: Proxy(), se:cdp: ws://localhost:53491/devtoo..., se:cdpVersion: 107.0.5304.110, setWindowRect: true, strictFileInteractability: false, timeouts: {implicit: 0, pageLoad: 300000, script: 30000}, unhandledPromptBehavior: dismiss and notify, webauthn:extension:credBlob: true, webauthn:extension:largeBlob: true, webauthn:virtualAuthenticators: true}
Element: [[ChromeDriver: chrome on MAC (7f2b94a92e84b1374d7efb15f437747b)] -> css selector: mat-nav-list.mat-nav-list.mat-list-base.ng-tns-c355-0 > a > span > img]
Session ID: 7f2b94a92e84b1374d7efb15f437747b
at org.openqa.selenium.remote.codec.w3c.W3CHttpResponseCodec.createException(W3CHttpResponseCodec.java:200)
at org.openqa.selenium.remote.codec.w3c.W3CHttpResponseCodec.decode(W3CHttpResponseCodec.java:133)
at org.openqa.selenium.remote.codec.w3c.W3CHttpResponseCodec.decode(W3CHttpResponseCodec.java:53)
at org.openqa.selenium.remote.HttpCommandExecutor.execute(HttpCommandExecutor.java:184)
at org.openqa.selenium.remote.service.DriverCommandExecutor.invokeExecute(DriverCommandExecutor.java:167)
at org.openqa.selenium.remote.service.DriverCommandExecutor.execute(DriverCommandExecutor.java:142)
at org.openqa.selenium.remote.RemoteWebDriver.execute(RemoteWebDriver.java:547)
at org.openqa.selenium.remote.RemoteWebElement.execute(RemoteWebElement.java:257)
at org.openqa.selenium.remote.RemoteWebElement.click(RemoteWebElement.java:78)
at com.lib.TestBase.selectMenuIconInSite(TestBase.java:1206)
at smrtRain.programs.RunProgramTests.runProgramForOtherConfiguredMinutes(RunProgramTests.java:105)
at java.util.ArrayList.forEach(ArrayList.java:1257)
at java.util.concurrent.FutureTask.run(FutureTask.java:266)
at java.util.concurrent.ThreadPoolExecutor.runWorker(ThreadPoolExecutor.java:1149)
at java.util.concurrent.ThreadPoolExecutor$Worker.run(ThreadPoolExecutor.java:624)
at java.lang.Thread.run(Thread.java:748)
... Removed 21 stack frames]]>
    </failure>
  </testcase> <!-- runProgramForOtherConfiguredMinutes -->
  <testcase name="runProgram_ValidateAlertsOfOthers" time="1.14" classname="smrtRain.programs.RunProgramTests">
    <failure type="org.openqa.selenium.ElementClickInterceptedException" message="element click intercepted: Element &amp;lt;img _ngcontent-mtm-c355=&amp;quot;&amp;quot; class=&amp;quot;menu_icon ng-tns-c355-0&amp;quot; src=&amp;quot;assets/menu_icons/program.svg&amp;quot;&amp;gt; is not clickable at point (22, 654). Other element would receive the click: &amp;lt;div class=&amp;quot;cdk-overlay-backdrop cdk-overlay-dark-backdrop cdk-overlay-backdrop-showing&amp;quot;&amp;gt;&amp;lt;/div&amp;gt;
  (Session info: chrome=107.0.5304.110)
Build info: version: &amp;apos;4.4.0&amp;apos;, revision: &amp;apos;e5c75ed026a&amp;apos;
System info: host: &amp;apos;Tulasi-MacBook-Pro-2.local&amp;apos;, ip: &amp;apos;fe80:0:0:0:1cfa:deaa:be0d:8ea0%en0&amp;apos;, os.name: &amp;apos;Mac OS X&amp;apos;, os.arch: &amp;apos;x86_64&amp;apos;, os.version: &amp;apos;10.16&amp;apos;, java.version: &amp;apos;1.8.0_211&amp;apos;
Driver info: org.openqa.selenium.chrome.ChromeDriver
Command: [7f2b94a92e84b1374d7efb15f437747b, clickElement {id=fa084373-705a-4282-8f2c-5fcc4a4393f2}]
Capabilities {acceptInsecureCerts: false, browserName: chrome, browserVersion: 107.0.5304.110, chrome: {chromedriverVersion: 107.0.5304.62 (1eec40d3a576..., userDataDir: /var/folders/my/j91kgyw53sb...}, goog:chromeOptions: {debuggerAddress: localhost:53491}, networkConnectionEnabled: false, pageLoadStrategy: normal, platformName: MAC, proxy: Proxy(), se:cdp: ws://localhost:53491/devtoo..., se:cdpVersion: 107.0.5304.110, setWindowRect: true, strictFileInteractability: false, timeouts: {implicit: 0, pageLoad: 300000, script: 30000}, unhandledPromptBehavior: dismiss and notify, webauthn:extension:credBlob: true, webauthn:extension:largeBlob: true, webauthn:virtualAuthenticators: true}
Element: [[ChromeDriver: chrome on MAC (7f2b94a92e84b1374d7efb15f437747b)] -&amp;gt; css selector: mat-nav-list.mat-nav-list.mat-list-base.ng-tns-c355-0 &amp;gt; a &amp;gt; span &amp;gt; img]
Session ID: 7f2b94a92e84b1374d7efb15f437747b">
      <![CDATA[org.openqa.selenium.ElementClickInterceptedException: element click intercepted: Element <img _ngcontent-mtm-c355="" class="menu_icon ng-tns-c355-0" src="assets/menu_icons/program.svg"> is not clickable at point (22, 654). Other element would receive the click: <div class="cdk-overlay-backdrop cdk-overlay-dark-backdrop cdk-overlay-backdrop-showing"></div>
  (Session info: chrome=107.0.5304.110)
Build info: version: '4.4.0', revision: 'e5c75ed026a'
System info: host: 'Tulasi-MacBook-Pro-2.local', ip: 'fe80:0:0:0:1cfa:deaa:be0d:8ea0%en0', os.name: 'Mac OS X', os.arch: 'x86_64', os.version: '10.16', java.version: '1.8.0_211'
Driver info: org.openqa.selenium.chrome.ChromeDriver
Command: [7f2b94a92e84b1374d7efb15f437747b, clickElement {id=fa084373-705a-4282-8f2c-5fcc4a4393f2}]
Capabilities {acceptInsecureCerts: false, browserName: chrome, browserVersion: 107.0.5304.110, chrome: {chromedriverVersion: 107.0.5304.62 (1eec40d3a576..., userDataDir: /var/folders/my/j91kgyw53sb...}, goog:chromeOptions: {debuggerAddress: localhost:53491}, networkConnectionEnabled: false, pageLoadStrategy: normal, platformName: MAC, proxy: Proxy(), se:cdp: ws://localhost:53491/devtoo..., se:cdpVersion: 107.0.5304.110, setWindowRect: true, strictFileInteractability: false, timeouts: {implicit: 0, pageLoad: 300000, script: 30000}, unhandledPromptBehavior: dismiss and notify, webauthn:extension:credBlob: true, webauthn:extension:largeBlob: true, webauthn:virtualAuthenticators: true}
Element: [[ChromeDriver: chrome on MAC (7f2b94a92e84b1374d7efb15f437747b)] -> css selector: mat-nav-list.mat-nav-list.mat-list-base.ng-tns-c355-0 > a > span > img]
Session ID: 7f2b94a92e84b1374d7efb15f437747b
at org.openqa.selenium.remote.codec.w3c.W3CHttpResponseCodec.createException(W3CHttpResponseCodec.java:200)
at org.openqa.selenium.remote.codec.w3c.W3CHttpResponseCodec.decode(W3CHttpResponseCodec.java:133)
at org.openqa.selenium.remote.codec.w3c.W3CHttpResponseCodec.decode(W3CHttpResponseCodec.java:53)
at org.openqa.selenium.remote.HttpCommandExecutor.execute(HttpCommandExecutor.java:184)
at org.openqa.selenium.remote.service.DriverCommandExecutor.invokeExecute(DriverCommandExecutor.java:167)
at org.openqa.selenium.remote.service.DriverCommandExecutor.execute(DriverCommandExecutor.java:142)
at org.openqa.selenium.remote.RemoteWebDriver.execute(RemoteWebDriver.java:547)
at org.openqa.selenium.remote.RemoteWebElement.execute(RemoteWebElement.java:257)
at org.openqa.selenium.remote.RemoteWebElement.click(RemoteWebElement.java:78)
at com.lib.TestBase.selectMenuIconInSite(TestBase.java:1206)
at smrtRain.programs.RunProgramTests.runProgram_ValidateAlertsOfOthers(RunProgramTests.java:128)
at java.util.ArrayList.forEach(ArrayList.java:1257)
at java.util.concurrent.FutureTask.run(FutureTask.java:266)
at java.util.concurrent.ThreadPoolExecutor.runWorker(ThreadPoolExecutor.java:1149)
at java.util.concurrent.ThreadPoolExecutor$Worker.run(ThreadPoolExecutor.java:624)
at java.lang.Thread.run(Thread.java:748)
... Removed 21 stack frames]]>
    </failure>
  </testcase> <!-- runProgram_ValidateAlertsOfOthers -->
  <testcase name="zonesDetails_StartTiggerFor2Minutes" time="1.134" classname="smrtRain.programs.RunProgramTests">
    <failure type="org.openqa.selenium.ElementClickInterceptedException" message="element click intercepted: Element &amp;lt;img _ngcontent-mtm-c355=&amp;quot;&amp;quot; class=&amp;quot;menu_icon ng-tns-c355-0&amp;quot; src=&amp;quot;assets/menu_icons/logs_white.svg&amp;quot;&amp;gt; is not clickable at point (21, 758). Other element would receive the click: &amp;lt;div class=&amp;quot;cdk-overlay-backdrop cdk-overlay-dark-backdrop cdk-overlay-backdrop-showing&amp;quot;&amp;gt;&amp;lt;/div&amp;gt;
  (Session info: chrome=107.0.5304.110)
Build info: version: &amp;apos;4.4.0&amp;apos;, revision: &amp;apos;e5c75ed026a&amp;apos;
System info: host: &amp;apos;Tulasi-MacBook-Pro-2.local&amp;apos;, ip: &amp;apos;fe80:0:0:0:1cfa:deaa:be0d:8ea0%en0&amp;apos;, os.name: &amp;apos;Mac OS X&amp;apos;, os.arch: &amp;apos;x86_64&amp;apos;, os.version: &amp;apos;10.16&amp;apos;, java.version: &amp;apos;1.8.0_211&amp;apos;
Driver info: org.openqa.selenium.chrome.ChromeDriver
Command: [7f2b94a92e84b1374d7efb15f437747b, clickElement {id=7fa6d489-709d-43f6-80e6-dff93556e5b5}]
Capabilities {acceptInsecureCerts: false, browserName: chrome, browserVersion: 107.0.5304.110, chrome: {chromedriverVersion: 107.0.5304.62 (1eec40d3a576..., userDataDir: /var/folders/my/j91kgyw53sb...}, goog:chromeOptions: {debuggerAddress: localhost:53491}, networkConnectionEnabled: false, pageLoadStrategy: normal, platformName: MAC, proxy: Proxy(), se:cdp: ws://localhost:53491/devtoo..., se:cdpVersion: 107.0.5304.110, setWindowRect: true, strictFileInteractability: false, timeouts: {implicit: 0, pageLoad: 300000, script: 30000}, unhandledPromptBehavior: dismiss and notify, webauthn:extension:credBlob: true, webauthn:extension:largeBlob: true, webauthn:virtualAuthenticators: true}
Element: [[ChromeDriver: chrome on MAC (7f2b94a92e84b1374d7efb15f437747b)] -&amp;gt; css selector: mat-nav-list.mat-nav-list.mat-list-base.ng-tns-c355-0 &amp;gt; a &amp;gt; span &amp;gt; img]
Session ID: 7f2b94a92e84b1374d7efb15f437747b">
      <![CDATA[org.openqa.selenium.ElementClickInterceptedException: element click intercepted: Element <img _ngcontent-mtm-c355="" class="menu_icon ng-tns-c355-0" src="assets/menu_icons/logs_white.svg"> is not clickable at point (21, 758). Other element would receive the click: <div class="cdk-overlay-backdrop cdk-overlay-dark-backdrop cdk-overlay-backdrop-showing"></div>
  (Session info: chrome=107.0.5304.110)
Build info: version: '4.4.0', revision: 'e5c75ed026a'
System info: host: 'Tulasi-MacBook-Pro-2.local', ip: 'fe80:0:0:0:1cfa:deaa:be0d:8ea0%en0', os.name: 'Mac OS X', os.arch: 'x86_64', os.version: '10.16', java.version: '1.8.0_211'
Driver info: org.openqa.selenium.chrome.ChromeDriver
Command: [7f2b94a92e84b1374d7efb15f437747b, clickElement {id=7fa6d489-709d-43f6-80e6-dff93556e5b5}]
Capabilities {acceptInsecureCerts: false, browserName: chrome, browserVersion: 107.0.5304.110, chrome: {chromedriverVersion: 107.0.5304.62 (1eec40d3a576..., userDataDir: /var/folders/my/j91kgyw53sb...}, goog:chromeOptions: {debuggerAddress: localhost:53491}, networkConnectionEnabled: false, pageLoadStrategy: normal, platformName: MAC, proxy: Proxy(), se:cdp: ws://localhost:53491/devtoo..., se:cdpVersion: 107.0.5304.110, setWindowRect: true, strictFileInteractability: false, timeouts: {implicit: 0, pageLoad: 300000, script: 30000}, unhandledPromptBehavior: dismiss and notify, webauthn:extension:credBlob: true, webauthn:extension:largeBlob: true, webauthn:virtualAuthenticators: true}
Element: [[ChromeDriver: chrome on MAC (7f2b94a92e84b1374d7efb15f437747b)] -> css selector: mat-nav-list.mat-nav-list.mat-list-base.ng-tns-c355-0 > a > span > img]
Session ID: 7f2b94a92e84b1374d7efb15f437747b
at org.openqa.selenium.remote.codec.w3c.W3CHttpResponseCodec.createException(W3CHttpResponseCodec.java:200)
at org.openqa.selenium.remote.codec.w3c.W3CHttpResponseCodec.decode(W3CHttpResponseCodec.java:133)
at org.openqa.selenium.remote.codec.w3c.W3CHttpResponseCodec.decode(W3CHttpResponseCodec.java:53)
at org.openqa.selenium.remote.HttpCommandExecutor.execute(HttpCommandExecutor.java:184)
at org.openqa.selenium.remote.service.DriverCommandExecutor.invokeExecute(DriverCommandExecutor.java:167)
at org.openqa.selenium.remote.service.DriverCommandExecutor.execute(DriverCommandExecutor.java:142)
at org.openqa.selenium.remote.RemoteWebDriver.execute(RemoteWebDriver.java:547)
at org.openqa.selenium.remote.RemoteWebElement.execute(RemoteWebElement.java:257)
at org.openqa.selenium.remote.RemoteWebElement.click(RemoteWebElement.java:78)
at com.lib.TestBase.selectMenuIconInSite(TestBase.java:1206)
at smrtRain.programs.RunProgramTests.zonesDetails_StartTiggerFor2Minutes(RunProgramTests.java:140)
at java.util.ArrayList.forEach(ArrayList.java:1257)
at java.util.concurrent.FutureTask.run(FutureTask.java:266)
at java.util.concurrent.ThreadPoolExecutor.runWorker(ThreadPoolExecutor.java:1149)
at java.util.concurrent.ThreadPoolExecutor$Worker.run(ThreadPoolExecutor.java:624)
at java.lang.Thread.run(Thread.java:748)
... Removed 21 stack frames]]>
    </failure>
  </testcase> <!-- zonesDetails_StartTiggerFor2Minutes -->
  <testcase name="runSelectedZonesFor2Minutes" time="1.123" classname="smrtRain.programs.RunProgramTests">
    <failure type="org.openqa.selenium.ElementClickInterceptedException" message="element click intercepted: Element &amp;lt;img _ngcontent-mtm-c355=&amp;quot;&amp;quot; class=&amp;quot;menu_icon ng-tns-c355-0&amp;quot; src=&amp;quot;assets/menu_icons/zones.svg&amp;quot;&amp;gt; is not clickable at point (22, 602). Other element would receive the click: &amp;lt;div class=&amp;quot;cdk-overlay-backdrop cdk-overlay-dark-backdrop cdk-overlay-backdrop-showing&amp;quot;&amp;gt;&amp;lt;/div&amp;gt;
  (Session info: chrome=107.0.5304.110)
Build info: version: &amp;apos;4.4.0&amp;apos;, revision: &amp;apos;e5c75ed026a&amp;apos;
System info: host: &amp;apos;Tulasi-MacBook-Pro-2.local&amp;apos;, ip: &amp;apos;fe80:0:0:0:1cfa:deaa:be0d:8ea0%en0&amp;apos;, os.name: &amp;apos;Mac OS X&amp;apos;, os.arch: &amp;apos;x86_64&amp;apos;, os.version: &amp;apos;10.16&amp;apos;, java.version: &amp;apos;1.8.0_211&amp;apos;
Driver info: org.openqa.selenium.chrome.ChromeDriver
Command: [7f2b94a92e84b1374d7efb15f437747b, clickElement {id=92730fe4-6a92-472e-b8da-57cd62b72e22}]
Capabilities {acceptInsecureCerts: false, browserName: chrome, browserVersion: 107.0.5304.110, chrome: {chromedriverVersion: 107.0.5304.62 (1eec40d3a576..., userDataDir: /var/folders/my/j91kgyw53sb...}, goog:chromeOptions: {debuggerAddress: localhost:53491}, networkConnectionEnabled: false, pageLoadStrategy: normal, platformName: MAC, proxy: Proxy(), se:cdp: ws://localhost:53491/devtoo..., se:cdpVersion: 107.0.5304.110, setWindowRect: true, strictFileInteractability: false, timeouts: {implicit: 0, pageLoad: 300000, script: 30000}, unhandledPromptBehavior: dismiss and notify, webauthn:extension:credBlob: true, webauthn:extension:largeBlob: true, webauthn:virtualAuthenticators: true}
Element: [[ChromeDriver: chrome on MAC (7f2b94a92e84b1374d7efb15f437747b)] -&amp;gt; css selector: mat-nav-list.mat-nav-list.mat-list-base.ng-tns-c355-0 &amp;gt; a &amp;gt; span &amp;gt; img]
Session ID: 7f2b94a92e84b1374d7efb15f437747b">
      <![CDATA[org.openqa.selenium.ElementClickInterceptedException: element click intercepted: Element <img _ngcontent-mtm-c355="" class="menu_icon ng-tns-c355-0" src="assets/menu_icons/zones.svg"> is not clickable at point (22, 602). Other element would receive the click: <div class="cdk-overlay-backdrop cdk-overlay-dark-backdrop cdk-overlay-backdrop-showing"></div>
  (Session info: chrome=107.0.5304.110)
Build info: version: '4.4.0', revision: 'e5c75ed026a'
System info: host: 'Tulasi-MacBook-Pro-2.local', ip: 'fe80:0:0:0:1cfa:deaa:be0d:8ea0%en0', os.name: 'Mac OS X', os.arch: 'x86_64', os.version: '10.16', java.version: '1.8.0_211'
Driver info: org.openqa.selenium.chrome.ChromeDriver
Command: [7f2b94a92e84b1374d7efb15f437747b, clickElement {id=92730fe4-6a92-472e-b8da-57cd62b72e22}]
Capabilities {acceptInsecureCerts: false, browserName: chrome, browserVersion: 107.0.5304.110, chrome: {chromedriverVersion: 107.0.5304.62 (1eec40d3a576..., userDataDir: /var/folders/my/j91kgyw53sb...}, goog:chromeOptions: {debuggerAddress: localhost:53491}, networkConnectionEnabled: false, pageLoadStrategy: normal, platformName: MAC, proxy: Proxy(), se:cdp: ws://localhost:53491/devtoo..., se:cdpVersion: 107.0.5304.110, setWindowRect: true, strictFileInteractability: false, timeouts: {implicit: 0, pageLoad: 300000, script: 30000}, unhandledPromptBehavior: dismiss and notify, webauthn:extension:credBlob: true, webauthn:extension:largeBlob: true, webauthn:virtualAuthenticators: true}
Element: [[ChromeDriver: chrome on MAC (7f2b94a92e84b1374d7efb15f437747b)] -> css selector: mat-nav-list.mat-nav-list.mat-list-base.ng-tns-c355-0 > a > span > img]
Session ID: 7f2b94a92e84b1374d7efb15f437747b
at org.openqa.selenium.remote.codec.w3c.W3CHttpResponseCodec.createException(W3CHttpResponseCodec.java:200)
at org.openqa.selenium.remote.codec.w3c.W3CHttpResponseCodec.decode(W3CHttpResponseCodec.java:133)
at org.openqa.selenium.remote.codec.w3c.W3CHttpResponseCodec.decode(W3CHttpResponseCodec.java:53)
at org.openqa.selenium.remote.HttpCommandExecutor.execute(HttpCommandExecutor.java:184)
at org.openqa.selenium.remote.service.DriverCommandExecutor.invokeExecute(DriverCommandExecutor.java:167)
at org.openqa.selenium.remote.service.DriverCommandExecutor.execute(DriverCommandExecutor.java:142)
at org.openqa.selenium.remote.RemoteWebDriver.execute(RemoteWebDriver.java:547)
at org.openqa.selenium.remote.RemoteWebElement.execute(RemoteWebElement.java:257)
at org.openqa.selenium.remote.RemoteWebElement.click(RemoteWebElement.java:78)
at com.lib.TestBase.selectMenuIconInSite(TestBase.java:1206)
at smrtRain.programs.RunProgramTests.runSelectedZonesFor2Minutes(RunProgramTests.java:191)
at java.util.ArrayList.forEach(ArrayList.java:1257)
at java.util.concurrent.FutureTask.run(FutureTask.java:266)
at java.util.concurrent.ThreadPoolExecutor.runWorker(ThreadPoolExecutor.java:1149)
at java.util.concurrent.ThreadPoolExecutor$Worker.run(ThreadPoolExecutor.java:624)
at java.lang.Thread.run(Thread.java:748)
... Removed 21 stack frames]]>
    </failure>
  </testcase> <!-- runSelectedZonesFor2Minutes -->
  <testcase name="runZonesFor1Minute" time="1.156" classname="smrtRain.programs.RunProgramTests">
    <failure type="org.openqa.selenium.ElementClickInterceptedException" message="element click intercepted: Element &amp;lt;img _ngcontent-mtm-c355=&amp;quot;&amp;quot; class=&amp;quot;menu_icon ng-tns-c355-0&amp;quot; src=&amp;quot;assets/menu_icons/zones.svg&amp;quot;&amp;gt; is not clickable at point (22, 602). Other element would receive the click: &amp;lt;div class=&amp;quot;cdk-overlay-backdrop cdk-overlay-dark-backdrop cdk-overlay-backdrop-showing&amp;quot;&amp;gt;&amp;lt;/div&amp;gt;
  (Session info: chrome=107.0.5304.110)
Build info: version: &amp;apos;4.4.0&amp;apos;, revision: &amp;apos;e5c75ed026a&amp;apos;
System info: host: &amp;apos;Tulasi-MacBook-Pro-2.local&amp;apos;, ip: &amp;apos;fe80:0:0:0:1cfa:deaa:be0d:8ea0%en0&amp;apos;, os.name: &amp;apos;Mac OS X&amp;apos;, os.arch: &amp;apos;x86_64&amp;apos;, os.version: &amp;apos;10.16&amp;apos;, java.version: &amp;apos;1.8.0_211&amp;apos;
Driver info: org.openqa.selenium.chrome.ChromeDriver
Command: [7f2b94a92e84b1374d7efb15f437747b, clickElement {id=92730fe4-6a92-472e-b8da-57cd62b72e22}]
Capabilities {acceptInsecureCerts: false, browserName: chrome, browserVersion: 107.0.5304.110, chrome: {chromedriverVersion: 107.0.5304.62 (1eec40d3a576..., userDataDir: /var/folders/my/j91kgyw53sb...}, goog:chromeOptions: {debuggerAddress: localhost:53491}, networkConnectionEnabled: false, pageLoadStrategy: normal, platformName: MAC, proxy: Proxy(), se:cdp: ws://localhost:53491/devtoo..., se:cdpVersion: 107.0.5304.110, setWindowRect: true, strictFileInteractability: false, timeouts: {implicit: 0, pageLoad: 300000, script: 30000}, unhandledPromptBehavior: dismiss and notify, webauthn:extension:credBlob: true, webauthn:extension:largeBlob: true, webauthn:virtualAuthenticators: true}
Element: [[ChromeDriver: chrome on MAC (7f2b94a92e84b1374d7efb15f437747b)] -&amp;gt; css selector: mat-nav-list.mat-nav-list.mat-list-base.ng-tns-c355-0 &amp;gt; a &amp;gt; span &amp;gt; img]
Session ID: 7f2b94a92e84b1374d7efb15f437747b">
      <![CDATA[org.openqa.selenium.ElementClickInterceptedException: element click intercepted: Element <img _ngcontent-mtm-c355="" class="menu_icon ng-tns-c355-0" src="assets/menu_icons/zones.svg"> is not clickable at point (22, 602). Other element would receive the click: <div class="cdk-overlay-backdrop cdk-overlay-dark-backdrop cdk-overlay-backdrop-showing"></div>
  (Session info: chrome=107.0.5304.110)
Build info: version: '4.4.0', revision: 'e5c75ed026a'
System info: host: 'Tulasi-MacBook-Pro-2.local', ip: 'fe80:0:0:0:1cfa:deaa:be0d:8ea0%en0', os.name: 'Mac OS X', os.arch: 'x86_64', os.version: '10.16', java.version: '1.8.0_211'
Driver info: org.openqa.selenium.chrome.ChromeDriver
Command: [7f2b94a92e84b1374d7efb15f437747b, clickElement {id=92730fe4-6a92-472e-b8da-57cd62b72e22}]
Capabilities {acceptInsecureCerts: false, browserName: chrome, browserVersion: 107.0.5304.110, chrome: {chromedriverVersion: 107.0.5304.62 (1eec40d3a576..., userDataDir: /var/folders/my/j91kgyw53sb...}, goog:chromeOptions: {debuggerAddress: localhost:53491}, networkConnectionEnabled: false, pageLoadStrategy: normal, platformName: MAC, proxy: Proxy(), se:cdp: ws://localhost:53491/devtoo..., se:cdpVersion: 107.0.5304.110, setWindowRect: true, strictFileInteractability: false, timeouts: {implicit: 0, pageLoad: 300000, script: 30000}, unhandledPromptBehavior: dismiss and notify, webauthn:extension:credBlob: true, webauthn:extension:largeBlob: true, webauthn:virtualAuthenticators: true}
Element: [[ChromeDriver: chrome on MAC (7f2b94a92e84b1374d7efb15f437747b)] -> css selector: mat-nav-list.mat-nav-list.mat-list-base.ng-tns-c355-0 > a > span > img]
Session ID: 7f2b94a92e84b1374d7efb15f437747b
at org.openqa.selenium.remote.codec.w3c.W3CHttpResponseCodec.createException(W3CHttpResponseCodec.java:200)
at org.openqa.selenium.remote.codec.w3c.W3CHttpResponseCodec.decode(W3CHttpResponseCodec.java:133)
at org.openqa.selenium.remote.codec.w3c.W3CHttpResponseCodec.decode(W3CHttpResponseCodec.java:53)
at org.openqa.selenium.remote.HttpCommandExecutor.execute(HttpCommandExecutor.java:184)
at org.openqa.selenium.remote.service.DriverCommandExecutor.invokeExecute(DriverCommandExecutor.java:167)
at org.openqa.selenium.remote.service.DriverCommandExecutor.execute(DriverCommandExecutor.java:142)
at org.openqa.selenium.remote.RemoteWebDriver.execute(RemoteWebDriver.java:547)
at org.openqa.selenium.remote.RemoteWebElement.execute(RemoteWebElement.java:257)
at org.openqa.selenium.remote.RemoteWebElement.click(RemoteWebElement.java:78)
at com.lib.TestBase.selectMenuIconInSite(TestBase.java:1206)
at smrtRain.programs.RunProgramTests.runZonesFor1Minute(RunProgramTests.java:234)
at java.util.ArrayList.forEach(ArrayList.java:1257)
at java.util.concurrent.FutureTask.run(FutureTask.java:266)
at java.util.concurrent.ThreadPoolExecutor.runWorker(ThreadPoolExecutor.java:1149)
at java.util.concurrent.ThreadPoolExecutor$Worker.run(ThreadPoolExecutor.java:624)
at java.lang.Thread.run(Thread.java:748)
... Removed 21 stack frames]]>
    </failure>
  </testcase> <!-- runZonesFor1Minute -->
  <testcase name="moneySavedDetails" time="0.0" classname="smrtRain.home.GeneralTests">
    <ignored/>
  </testcase> <!-- moneySavedDetails -->
  <testcase name="waterSavedDetails" time="0.0" classname="smrtRain.home.GeneralTests">
    <ignored/>
  </testcase> <!-- waterSavedDetails -->
  <testcase name="@BeforeTest openBrowser" time="0.0" classname="com.lib.BrowserIntializer">
    <ignored/>
  </testcase> <!-- @BeforeTest openBrowser -->
  <testcase name="@BeforeTest openBrowser" time="0.0" classname="com.lib.BrowserIntializer">
    <ignored/>
  </testcase> <!-- @BeforeTest openBrowser -->
  <testcase name="@BeforeTest openBrowser" time="0.0" classname="com.lib.BrowserIntializer">
    <ignored/>
  </testcase> <!-- @BeforeTest openBrowser -->
  <testcase name="@BeforeTest openBrowser" time="0.0" classname="com.lib.BrowserIntializer">
    <ignored/>
  </testcase> <!-- @BeforeTest openBrowser -->
  <testcase name="verifyAllTabs" time="0.0" classname="smrtRain.home.GeneralTests">
    <ignored/>
  </testcase> <!-- verifyAllTabs -->
  <testcase name="verifyDaysButtons" time="0.0" classname="smrtRain.home.GeneralTests">
    <ignored/>
  </testcase> <!-- verifyDaysButtons -->
</testsuite> <!-- SmartRain Regression -->
