<?xml version="1.0" encoding="UTF-8"?>
<!-- Generated by org.testng.reporters.JUnitXMLReporter -->
<testsuite ignored="70" hostname="LAKSHMI" failures="17" tests="21" name="SmartRain Smoke" time="605.923" errors="0" timestamp="2022-11-19T10:50:06 IST">
  <testcase classname="smrtRain.home.GeneralTests" name="loginWithValidCredentials" time="20.839"/>
  <testcase classname="smrtRain.sites.SitesTests" name="validateNewSiteFields" time="32.604">
    <failure type="java.lang.AssertionError" message="The following asserts failed:
	expected [Site Name is required.] but found [null]">
      <![CDATA[java.lang.AssertionError: The following asserts failed:
expected [Site Name is required.] but found [null]
at smrtRain.sites.SiteMethods.verifyMandatoryFields(SiteMethods.java:85)
at smrtRain.sites.SitesTests.validateNewSiteFields(SitesTests.java:20)
at java.base/java.util.ArrayList.forEach(ArrayList.java:1511)
at java.base/java.util.concurrent.FutureTask.run(FutureTask.java:264)
at java.base/java.util.concurrent.ThreadPoolExecutor.runWorker(ThreadPoolExecutor.java:1136)
at java.base/java.util.concurrent.ThreadPoolExecutor$Worker.run(ThreadPoolExecutor.java:635)
at java.base/java.lang.Thread.run(Thread.java:833)
... Removed 20 stack frames]]>
    </failure>
  </testcase> <!-- validateNewSiteFields -->
  <testcase classname="smrtRain.sites.SitesTests" name="addZonesToSite" time="48.372">
    <failure type="java.lang.AssertionError" message="GREEFIELDS 342 is not present expected [true] but found [false]">
      <![CDATA[java.lang.AssertionError: GREEFIELDS 342 is not present expected [true] but found [false]
at com.lib.TestBase.searchAndSelectExistingSite(TestBase.java:1285)
at smrtRain.sites.SitesTests.addZonesToSite(SitesTests.java:82)
at java.base/java.util.ArrayList.forEach(ArrayList.java:1511)
at java.base/java.util.concurrent.FutureTask.run(FutureTask.java:264)
at java.base/java.util.concurrent.ThreadPoolExecutor.runWorker(ThreadPoolExecutor.java:1136)
at java.base/java.util.concurrent.ThreadPoolExecutor$Worker.run(ThreadPoolExecutor.java:635)
at java.base/java.lang.Thread.run(Thread.java:833)
... Removed 21 stack frames]]>
    </failure>
  </testcase> <!-- addZonesToSite -->
  <testcase classname="smrtRain.sites.SitesTests" name="addZoneWithSprayType" time="10.114">
    <failure type="java.lang.AssertionError" message="program is not present expected [true] but found [false]">
      <![CDATA[java.lang.AssertionError: program is not present expected [true] but found [false]
at com.lib.TestBase.selectMenuIconInSite(TestBase.java:1211)
at smrtRain.sites.SitesTests.addZoneWithSprayType(SitesTests.java:105)
at java.base/java.util.ArrayList.forEach(ArrayList.java:1511)
at java.base/java.util.concurrent.FutureTask.run(FutureTask.java:264)
at java.base/java.util.concurrent.ThreadPoolExecutor.runWorker(ThreadPoolExecutor.java:1136)
at java.base/java.util.concurrent.ThreadPoolExecutor$Worker.run(ThreadPoolExecutor.java:635)
at java.base/java.lang.Thread.run(Thread.java:833)
... Removed 21 stack frames]]>
    </failure>
  </testcase> <!-- addZoneWithSprayType -->
  <testcase classname="smrtRain.sites.SitesTests" name="verifyCitiesOfStateAlaska" time="56.845"/>
  <testcase classname="smrtRain.sites.TwoWireTests" name="validateControllerTypes" time="38.083"/>
  <testcase classname="smrtRain.sites.TwoWireTests" name="createTwoWireNewSite" time="108.974"/>
  <testcase classname="smrtRain.sites.TwoWireTests" name="addZoneWithMaxZoneNumber" time="60.569">
    <failure type="java.lang.AssertionError" message="program is not present expected [true] but found [false]">
      <![CDATA[java.lang.AssertionError: program is not present expected [true] but found [false]
at com.lib.TestBase.selectMenuIconInSite(TestBase.java:1211)
at smrtRain.sites.TwoWireTests.addZoneWithMaxZoneNumber(TwoWireTests.java:61)
at java.base/java.util.ArrayList.forEach(ArrayList.java:1511)
at java.base/java.util.concurrent.FutureTask.run(FutureTask.java:264)
at java.base/java.util.concurrent.ThreadPoolExecutor.runWorker(ThreadPoolExecutor.java:1136)
at java.base/java.util.concurrent.ThreadPoolExecutor$Worker.run(ThreadPoolExecutor.java:635)
at java.base/java.lang.Thread.run(Thread.java:833)
... Removed 21 stack frames]]>
    </failure>
  </testcase> <!-- addZoneWithMaxZoneNumber -->
  <testcase classname="smrtRain.advanceConfig.AdvanceConfigTests" name="verifySoilTypeDetermineForSandyLoam" time="41.856">
    <failure type="java.lang.AssertionError" message="Continue button is not present expected [true] but found [false]">
      <![CDATA[java.lang.AssertionError: Continue button is not present expected [true] but found [false]
at smrtRain.advanceConfig.AdvanceConfigMethods.actionButton(AdvanceConfigMethods.java:392)
at smrtRain.advanceConfig.AdvanceConfigMethods.continueFollowInstructions1stQuestion(AdvanceConfigMethods.java:351)
at smrtRain.advanceConfig.AdvanceConfigTests.verifySoilTypeDetermineForSandyLoam(AdvanceConfigTests.java:51)
at java.base/java.util.ArrayList.forEach(ArrayList.java:1511)
at java.base/java.util.concurrent.FutureTask.run(FutureTask.java:264)
at java.base/java.util.concurrent.ThreadPoolExecutor.runWorker(ThreadPoolExecutor.java:1136)
at java.base/java.util.concurrent.ThreadPoolExecutor$Worker.run(ThreadPoolExecutor.java:635)
at java.base/java.lang.Thread.run(Thread.java:833)
... Removed 21 stack frames]]>
    </failure>
  </testcase> <!-- verifySoilTypeDetermineForSandyLoam -->
  <testcase classname="smrtRain.programs.ProgramTests" name="addNewRegularWateringProgram" time="17.41">
    <failure type="java.lang.AssertionError" message="program is not present expected [true] but found [false]">
      <![CDATA[java.lang.AssertionError: program is not present expected [true] but found [false]
at com.lib.TestBase.selectMenuIconInSite(TestBase.java:1211)
at smrtRain.programs.ProgramTests.addNewRegularWateringProgram(ProgramTests.java:75)
at java.base/java.util.ArrayList.forEach(ArrayList.java:1511)
at java.base/java.util.concurrent.FutureTask.run(FutureTask.java:264)
at java.base/java.util.concurrent.ThreadPoolExecutor.runWorker(ThreadPoolExecutor.java:1136)
at java.base/java.util.concurrent.ThreadPoolExecutor$Worker.run(ThreadPoolExecutor.java:635)
at java.base/java.lang.Thread.run(Thread.java:833)
... Removed 21 stack frames]]>
    </failure>
  </testcase> <!-- addNewRegularWateringProgram -->
  <testcase classname="smrtRain.programs.ProgramTests" name="addSmrtWateringProgram" time="10.414">
    <failure type="java.lang.AssertionError" message="calendar is not present expected [true] but found [false]">
      <![CDATA[java.lang.AssertionError: calendar is not present expected [true] but found [false]
at com.lib.TestBase.selectMenuIconInSite(TestBase.java:1211)
at smrtRain.programs.ProgramTests.addSmrtWateringProgram(ProgramTests.java:98)
at java.base/java.util.ArrayList.forEach(ArrayList.java:1511)
at java.base/java.util.concurrent.FutureTask.run(FutureTask.java:264)
at java.base/java.util.concurrent.ThreadPoolExecutor.runWorker(ThreadPoolExecutor.java:1136)
at java.base/java.util.concurrent.ThreadPoolExecutor$Worker.run(ThreadPoolExecutor.java:635)
at java.base/java.lang.Thread.run(Thread.java:833)
... Removed 21 stack frames]]>
    </failure>
  </testcase> <!-- addSmrtWateringProgram -->
  <testcase classname="smrtRain.programs.ProgramTests" name="validateProgramWithSameConfig" time="13.426">
    <failure type="java.lang.AssertionError" message="calendar is not present expected [true] but found [false]">
      <![CDATA[java.lang.AssertionError: calendar is not present expected [true] but found [false]
at com.lib.TestBase.selectMenuIconInSite(TestBase.java:1211)
at smrtRain.programs.ProgramTests.validateProgramWithSameConfig(ProgramTests.java:128)
at java.base/java.util.ArrayList.forEach(ArrayList.java:1511)
at java.base/java.util.concurrent.FutureTask.run(FutureTask.java:264)
at java.base/java.util.concurrent.ThreadPoolExecutor.runWorker(ThreadPoolExecutor.java:1136)
at java.base/java.util.concurrent.ThreadPoolExecutor$Worker.run(ThreadPoolExecutor.java:635)
at java.base/java.lang.Thread.run(Thread.java:833)
... Removed 21 stack frames]]>
    </failure>
  </testcase> <!-- validateProgramWithSameConfig -->
  <testcase classname="smrtRain.programs.ProgramTests" name="updateExistingProgram" time="10.06">
    <failure type="java.lang.AssertionError" message="calendar is not present expected [true] but found [false]">
      <![CDATA[java.lang.AssertionError: calendar is not present expected [true] but found [false]
at com.lib.TestBase.selectMenuIconInSite(TestBase.java:1211)
at smrtRain.programs.ProgramTests.updateExistingProgram(ProgramTests.java:184)
at java.base/java.util.ArrayList.forEach(ArrayList.java:1511)
at java.base/java.util.concurrent.FutureTask.run(FutureTask.java:264)
at java.base/java.util.concurrent.ThreadPoolExecutor.runWorker(ThreadPoolExecutor.java:1136)
at java.base/java.util.concurrent.ThreadPoolExecutor$Worker.run(ThreadPoolExecutor.java:635)
at java.base/java.lang.Thread.run(Thread.java:833)
... Removed 21 stack frames]]>
    </failure>
  </testcase> <!-- updateExistingProgram -->
  <testcase classname="smrtRain.programs.SmartETTests" name="smartET_CreateNormalProgram" time="20.104">
    <failure type="java.lang.AssertionError" message="zones is not present expected [true] but found [false]">
      <![CDATA[java.lang.AssertionError: zones is not present expected [true] but found [false]
at com.lib.TestBase.selectMenuIconInSite(TestBase.java:1211)
at smrtRain.programs.SmartETTests.smartET_CreateNormalProgram(SmartETTests.java:23)
at java.base/java.util.ArrayList.forEach(ArrayList.java:1511)
at java.base/java.util.concurrent.FutureTask.run(FutureTask.java:264)
at java.base/java.util.concurrent.ThreadPoolExecutor.runWorker(ThreadPoolExecutor.java:1136)
at java.base/java.util.concurrent.ThreadPoolExecutor$Worker.run(ThreadPoolExecutor.java:635)
at java.base/java.lang.Thread.run(Thread.java:833)
... Removed 21 stack frames]]>
    </failure>
  </testcase> <!-- smartET_CreateNormalProgram -->
  <testcase classname="smrtRain.programs.SmartETTests" name="smartET_verifyDefaultETValues" time="10.473">
    <failure type="org.openqa.selenium.NoSuchWindowException" message="no such window: target window already closed
from unknown error: web view not found
  (Session info: chrome=107.0.5304.107)
Build info: version: &amp;apos;4.4.0&amp;apos;, revision: &amp;apos;e5c75ed026a&amp;apos;
System info: host: &amp;apos;LAKSHMI&amp;apos;, ip: &amp;apos;192.168.1.7&amp;apos;, os.name: &amp;apos;Windows 11&amp;apos;, os.arch: &amp;apos;amd64&amp;apos;, os.version: &amp;apos;10.0&amp;apos;, java.version: &amp;apos;17.0.2&amp;apos;
Driver info: org.openqa.selenium.chrome.ChromeDriver
Command: [45da0cbad8eef71a1914366e23d74032, findElements {using=css selector, value=mat-nav-list.mat-nav-list.mat-list-base.ng-tns-c355-0 &amp;gt; a &amp;gt; span &amp;gt; img}]
Capabilities {acceptInsecureCerts: false, browserName: chrome, browserVersion: 107.0.5304.107, chrome: {chromedriverVersion: 107.0.5304.62 (1eec40d3a576..., userDataDir: C:\Users\MSI\AppData\Local\...}, goog:chromeOptions: {debuggerAddress: localhost:54069}, networkConnectionEnabled: false, pageLoadStrategy: normal, platformName: WINDOWS, proxy: Proxy(), se:cdp: ws://localhost:54069/devtoo..., se:cdpVersion: 107.0.5304.107, setWindowRect: true, strictFileInteractability: false, timeouts: {implicit: 0, pageLoad: 300000, script: 30000}, unhandledPromptBehavior: dismiss and notify, webauthn:extension:credBlob: true, webauthn:extension:largeBlob: true, webauthn:virtualAuthenticators: true}
Session ID: 45da0cbad8eef71a1914366e23d74032">
      <![CDATA[org.openqa.selenium.NoSuchWindowException: no such window: target window already closed
from unknown error: web view not found
  (Session info: chrome=107.0.5304.107)
Build info: version: '4.4.0', revision: 'e5c75ed026a'
System info: host: 'LAKSHMI', ip: '192.168.1.7', os.name: 'Windows 11', os.arch: 'amd64', os.version: '10.0', java.version: '17.0.2'
Driver info: org.openqa.selenium.chrome.ChromeDriver
Command: [45da0cbad8eef71a1914366e23d74032, findElements {using=css selector, value=mat-nav-list.mat-nav-list.mat-list-base.ng-tns-c355-0 > a > span > img}]
Capabilities {acceptInsecureCerts: false, browserName: chrome, browserVersion: 107.0.5304.107, chrome: {chromedriverVersion: 107.0.5304.62 (1eec40d3a576..., userDataDir: C:\Users\MSI\AppData\Local\...}, goog:chromeOptions: {debuggerAddress: localhost:54069}, networkConnectionEnabled: false, pageLoadStrategy: normal, platformName: WINDOWS, proxy: Proxy(), se:cdp: ws://localhost:54069/devtoo..., se:cdpVersion: 107.0.5304.107, setWindowRect: true, strictFileInteractability: false, timeouts: {implicit: 0, pageLoad: 300000, script: 30000}, unhandledPromptBehavior: dismiss and notify, webauthn:extension:credBlob: true, webauthn:extension:largeBlob: true, webauthn:virtualAuthenticators: true}
Session ID: 45da0cbad8eef71a1914366e23d74032
at org.openqa.selenium.remote.codec.w3c.W3CHttpResponseCodec.createException(W3CHttpResponseCodec.java:200)
at org.openqa.selenium.remote.codec.w3c.W3CHttpResponseCodec.decode(W3CHttpResponseCodec.java:133)
at org.openqa.selenium.remote.codec.w3c.W3CHttpResponseCodec.decode(W3CHttpResponseCodec.java:53)
at org.openqa.selenium.remote.HttpCommandExecutor.execute(HttpCommandExecutor.java:184)
at org.openqa.selenium.remote.service.DriverCommandExecutor.invokeExecute(DriverCommandExecutor.java:167)
at org.openqa.selenium.remote.service.DriverCommandExecutor.execute(DriverCommandExecutor.java:142)
at org.openqa.selenium.remote.RemoteWebDriver.execute(RemoteWebDriver.java:547)
at org.openqa.selenium.remote.ElementLocation$ElementFinder$2.findElements(ElementLocation.java:179)
at org.openqa.selenium.remote.ElementLocation.findElements(ElementLocation.java:102)
at org.openqa.selenium.remote.RemoteWebDriver.findElements(RemoteWebDriver.java:380)
at org.openqa.selenium.remote.RemoteWebDriver.findElements(RemoteWebDriver.java:372)
at com.lib.TestBase.selectMenuIconInSite(TestBase.java:1201)
at smrtRain.programs.SmartETTests.smartET_verifyDefaultETValues(SmartETTests.java:140)
at java.base/java.util.ArrayList.forEach(ArrayList.java:1511)
at java.base/java.util.concurrent.FutureTask.run(FutureTask.java:264)
at java.base/java.util.concurrent.ThreadPoolExecutor.runWorker(ThreadPoolExecutor.java:1136)
at java.base/java.util.concurrent.ThreadPoolExecutor$Worker.run(ThreadPoolExecutor.java:635)
at java.base/java.lang.Thread.run(Thread.java:833)
... Removed 23 stack frames]]>
    </failure>
  </testcase> <!-- smartET_verifyDefaultETValues -->
  <testcase classname="smrtRain.programs.SmartETTests" name="smartET_CycleSoak" time="7.158">
    <failure type="org.openqa.selenium.TimeoutException" message="Expected condition failed: waiting for element to no longer be visible: By.xpath: //mat-card[@class=&amp;apos;spinner mat-card&amp;apos;]//mat-spinner (tried for 7 second(s) with 500 milliseconds interval)">
      <![CDATA[org.openqa.selenium.TimeoutException: Expected condition failed: waiting for element to no longer be visible: By.xpath: //mat-card[@class='spinner mat-card']//mat-spinner (tried for 7 second(s) with 500 milliseconds interval)
at org.openqa.selenium.support.ui.WebDriverWait.timeoutException(WebDriverWait.java:87)
at org.openqa.selenium.support.ui.FluentWait.until(FluentWait.java:231)
at com.lib.TestBase.waitTilldisableOfElement(TestBase.java:176)
at com.lib.TestBase.selectMenuIconInSite(TestBase.java:1198)
at smrtRain.programs.SmartETTests.smartET_CycleSoak(SmartETTests.java:165)
at java.base/java.util.ArrayList.forEach(ArrayList.java:1511)
at java.base/java.util.concurrent.FutureTask.run(FutureTask.java:264)
at java.base/java.util.concurrent.ThreadPoolExecutor.runWorker(ThreadPoolExecutor.java:1136)
at java.base/java.util.concurrent.ThreadPoolExecutor$Worker.run(ThreadPoolExecutor.java:635)
at java.base/java.lang.Thread.run(Thread.java:833)
Caused by: org.openqa.selenium.NoSuchWindowException: no such window: target window already closed
from unknown error: web view not found
  (Session info: chrome=107.0.5304.107)
Build info: version: '4.4.0', revision: 'e5c75ed026a'
System info: host: 'LAKSHMI', ip: '192.168.1.7', os.name: 'Windows 11', os.arch: 'amd64', os.version: '10.0', java.version: '17.0.2'
Driver info: org.openqa.selenium.chrome.ChromeDriver
Command: [45da0cbad8eef71a1914366e23d74032, findElement {using=xpath, value=//mat-card[@class='spinner mat-card']//mat-spinner}]
Capabilities {acceptInsecureCerts: false, browserName: chrome, browserVersion: 107.0.5304.107, chrome: {chromedriverVersion: 107.0.5304.62 (1eec40d3a576..., userDataDir: C:\Users\MSI\AppData\Local\...}, goog:chromeOptions: {debuggerAddress: localhost:54069}, networkConnectionEnabled: false, pageLoadStrategy: normal, platformName: WINDOWS, proxy: Proxy(), se:cdp: ws://localhost:54069/devtoo..., se:cdpVersion: 107.0.5304.107, setWindowRect: true, strictFileInteractability: false, timeouts: {implicit: 0, pageLoad: 300000, script: 30000}, unhandledPromptBehavior: dismiss and notify, webauthn:extension:credBlob: true, webauthn:extension:largeBlob: true, webauthn:virtualAuthenticators: true}
Session ID: 45da0cbad8eef71a1914366e23d74032
at org.openqa.selenium.remote.codec.w3c.W3CHttpResponseCodec.createException(W3CHttpResponseCodec.java:200)
at org.openqa.selenium.remote.codec.w3c.W3CHttpResponseCodec.decode(W3CHttpResponseCodec.java:133)
at org.openqa.selenium.remote.codec.w3c.W3CHttpResponseCodec.decode(W3CHttpResponseCodec.java:53)
at org.openqa.selenium.remote.HttpCommandExecutor.execute(HttpCommandExecutor.java:184)
at org.openqa.selenium.remote.service.DriverCommandExecutor.invokeExecute(DriverCommandExecutor.java:167)
at org.openqa.selenium.remote.service.DriverCommandExecutor.execute(DriverCommandExecutor.java:142)
at org.openqa.selenium.remote.RemoteWebDriver.execute(RemoteWebDriver.java:547)
at org.openqa.selenium.remote.ElementLocation$ElementFinder$2.findElement(ElementLocation.java:162)
at org.openqa.selenium.remote.ElementLocation.findElement(ElementLocation.java:60)
at org.openqa.selenium.remote.RemoteWebDriver.findElement(RemoteWebDriver.java:365)
at org.openqa.selenium.remote.RemoteWebDriver.findElement(RemoteWebDriver.java:357)
at org.openqa.selenium.support.ui.ExpectedConditions$20.apply(ExpectedConditions.java:570)
at org.openqa.selenium.support.ui.ExpectedConditions$20.apply(ExpectedConditions.java:566)
at org.openqa.selenium.support.ui.FluentWait.until(FluentWait.java:208)
... 26 more
... Removed 22 stack frames]]>
    </failure>
  </testcase> <!-- smartET_CycleSoak -->
  <testcase classname="smrtRain.programs.SmartETTests" name="smartET_SmartStack" time="7.19">
    <failure type="org.openqa.selenium.TimeoutException" message="Expected condition failed: waiting for element to no longer be visible: By.xpath: //mat-card[@class=&amp;apos;spinner mat-card&amp;apos;]//mat-spinner (tried for 7 second(s) with 500 milliseconds interval)">
      <![CDATA[org.openqa.selenium.TimeoutException: Expected condition failed: waiting for element to no longer be visible: By.xpath: //mat-card[@class='spinner mat-card']//mat-spinner (tried for 7 second(s) with 500 milliseconds interval)
at org.openqa.selenium.support.ui.WebDriverWait.timeoutException(WebDriverWait.java:87)
at org.openqa.selenium.support.ui.FluentWait.until(FluentWait.java:231)
at com.lib.TestBase.waitTilldisableOfElement(TestBase.java:176)
at com.lib.TestBase.selectMenuIconInSite(TestBase.java:1198)
at smrtRain.programs.SmartETTests.smartET_SmartStack(SmartETTests.java:269)
at java.base/java.util.ArrayList.forEach(ArrayList.java:1511)
at java.base/java.util.concurrent.FutureTask.run(FutureTask.java:264)
at java.base/java.util.concurrent.ThreadPoolExecutor.runWorker(ThreadPoolExecutor.java:1136)
at java.base/java.util.concurrent.ThreadPoolExecutor$Worker.run(ThreadPoolExecutor.java:635)
at java.base/java.lang.Thread.run(Thread.java:833)
Caused by: org.openqa.selenium.NoSuchWindowException: no such window: target window already closed
from unknown error: web view not found
  (Session info: chrome=107.0.5304.107)
Build info: version: '4.4.0', revision: 'e5c75ed026a'
System info: host: 'LAKSHMI', ip: '192.168.1.7', os.name: 'Windows 11', os.arch: 'amd64', os.version: '10.0', java.version: '17.0.2'
Driver info: org.openqa.selenium.chrome.ChromeDriver
Command: [45da0cbad8eef71a1914366e23d74032, findElement {using=xpath, value=//mat-card[@class='spinner mat-card']//mat-spinner}]
Capabilities {acceptInsecureCerts: false, browserName: chrome, browserVersion: 107.0.5304.107, chrome: {chromedriverVersion: 107.0.5304.62 (1eec40d3a576..., userDataDir: C:\Users\MSI\AppData\Local\...}, goog:chromeOptions: {debuggerAddress: localhost:54069}, networkConnectionEnabled: false, pageLoadStrategy: normal, platformName: WINDOWS, proxy: Proxy(), se:cdp: ws://localhost:54069/devtoo..., se:cdpVersion: 107.0.5304.107, setWindowRect: true, strictFileInteractability: false, timeouts: {implicit: 0, pageLoad: 300000, script: 30000}, unhandledPromptBehavior: dismiss and notify, webauthn:extension:credBlob: true, webauthn:extension:largeBlob: true, webauthn:virtualAuthenticators: true}
Session ID: 45da0cbad8eef71a1914366e23d74032
at org.openqa.selenium.remote.codec.w3c.W3CHttpResponseCodec.createException(W3CHttpResponseCodec.java:200)
at org.openqa.selenium.remote.codec.w3c.W3CHttpResponseCodec.decode(W3CHttpResponseCodec.java:133)
at org.openqa.selenium.remote.codec.w3c.W3CHttpResponseCodec.decode(W3CHttpResponseCodec.java:53)
at org.openqa.selenium.remote.HttpCommandExecutor.execute(HttpCommandExecutor.java:184)
at org.openqa.selenium.remote.service.DriverCommandExecutor.invokeExecute(DriverCommandExecutor.java:167)
at org.openqa.selenium.remote.service.DriverCommandExecutor.execute(DriverCommandExecutor.java:142)
at org.openqa.selenium.remote.RemoteWebDriver.execute(RemoteWebDriver.java:547)
at org.openqa.selenium.remote.ElementLocation$ElementFinder$2.findElement(ElementLocation.java:162)
at org.openqa.selenium.remote.ElementLocation.findElement(ElementLocation.java:60)
at org.openqa.selenium.remote.RemoteWebDriver.findElement(RemoteWebDriver.java:365)
at org.openqa.selenium.remote.RemoteWebDriver.findElement(RemoteWebDriver.java:357)
at org.openqa.selenium.support.ui.ExpectedConditions$20.apply(ExpectedConditions.java:570)
at org.openqa.selenium.support.ui.ExpectedConditions$20.apply(ExpectedConditions.java:566)
at org.openqa.selenium.support.ui.FluentWait.until(FluentWait.java:208)
... 26 more
... Removed 22 stack frames]]>
    </failure>
  </testcase> <!-- smartET_SmartStack -->
  <testcase classname="smrtRain.programs.RunProgramTests" name="runProgramForFullTime" time="17.167">
    <failure type="org.openqa.selenium.TimeoutException" message="Expected condition failed: waiting for element to no longer be visible: By.xpath: //mat-card[@class=&amp;apos;spinner mat-card&amp;apos;]//mat-spinner (tried for 7 second(s) with 500 milliseconds interval)">
      <![CDATA[org.openqa.selenium.TimeoutException: Expected condition failed: waiting for element to no longer be visible: By.xpath: //mat-card[@class='spinner mat-card']//mat-spinner (tried for 7 second(s) with 500 milliseconds interval)
at org.openqa.selenium.support.ui.WebDriverWait.timeoutException(WebDriverWait.java:87)
at org.openqa.selenium.support.ui.FluentWait.until(FluentWait.java:231)
at com.lib.TestBase.waitTilldisableOfElement(TestBase.java:176)
at com.lib.TestBase.selectMenuIconInSite(TestBase.java:1198)
at smrtRain.programs.RunProgramTests.runProgramForFullTime(RunProgramTests.java:24)
at java.base/java.util.ArrayList.forEach(ArrayList.java:1511)
at java.base/java.util.concurrent.FutureTask.run(FutureTask.java:264)
at java.base/java.util.concurrent.ThreadPoolExecutor.runWorker(ThreadPoolExecutor.java:1136)
at java.base/java.util.concurrent.ThreadPoolExecutor$Worker.run(ThreadPoolExecutor.java:635)
at java.base/java.lang.Thread.run(Thread.java:833)
Caused by: org.openqa.selenium.NoSuchWindowException: no such window: target window already closed
from unknown error: web view not found
  (Session info: chrome=107.0.5304.107)
Build info: version: '4.4.0', revision: 'e5c75ed026a'
System info: host: 'LAKSHMI', ip: '192.168.1.7', os.name: 'Windows 11', os.arch: 'amd64', os.version: '10.0', java.version: '17.0.2'
Driver info: org.openqa.selenium.chrome.ChromeDriver
Command: [45da0cbad8eef71a1914366e23d74032, findElement {using=xpath, value=//mat-card[@class='spinner mat-card']//mat-spinner}]
Capabilities {acceptInsecureCerts: false, browserName: chrome, browserVersion: 107.0.5304.107, chrome: {chromedriverVersion: 107.0.5304.62 (1eec40d3a576..., userDataDir: C:\Users\MSI\AppData\Local\...}, goog:chromeOptions: {debuggerAddress: localhost:54069}, networkConnectionEnabled: false, pageLoadStrategy: normal, platformName: WINDOWS, proxy: Proxy(), se:cdp: ws://localhost:54069/devtoo..., se:cdpVersion: 107.0.5304.107, setWindowRect: true, strictFileInteractability: false, timeouts: {implicit: 0, pageLoad: 300000, script: 30000}, unhandledPromptBehavior: dismiss and notify, webauthn:extension:credBlob: true, webauthn:extension:largeBlob: true, webauthn:virtualAuthenticators: true}
Session ID: 45da0cbad8eef71a1914366e23d74032
at org.openqa.selenium.remote.codec.w3c.W3CHttpResponseCodec.createException(W3CHttpResponseCodec.java:200)
at org.openqa.selenium.remote.codec.w3c.W3CHttpResponseCodec.decode(W3CHttpResponseCodec.java:133)
at org.openqa.selenium.remote.codec.w3c.W3CHttpResponseCodec.decode(W3CHttpResponseCodec.java:53)
at org.openqa.selenium.remote.HttpCommandExecutor.execute(HttpCommandExecutor.java:184)
at org.openqa.selenium.remote.service.DriverCommandExecutor.invokeExecute(DriverCommandExecutor.java:167)
at org.openqa.selenium.remote.service.DriverCommandExecutor.execute(DriverCommandExecutor.java:142)
at org.openqa.selenium.remote.RemoteWebDriver.execute(RemoteWebDriver.java:547)
at org.openqa.selenium.remote.ElementLocation$ElementFinder$2.findElement(ElementLocation.java:162)
at org.openqa.selenium.remote.ElementLocation.findElement(ElementLocation.java:60)
at org.openqa.selenium.remote.RemoteWebDriver.findElement(RemoteWebDriver.java:365)
at org.openqa.selenium.remote.RemoteWebDriver.findElement(RemoteWebDriver.java:357)
at org.openqa.selenium.support.ui.ExpectedConditions$20.apply(ExpectedConditions.java:570)
at org.openqa.selenium.support.ui.ExpectedConditions$20.apply(ExpectedConditions.java:566)
at org.openqa.selenium.support.ui.FluentWait.until(FluentWait.java:208)
... 26 more
... Removed 22 stack frames]]>
    </failure>
  </testcase> <!-- runProgramForFullTime -->
  <testcase classname="smrtRain.programs.RunProgramTests" name="zonesDetails_StartTiggerFor2Minutes" time="7.153">
    <failure type="org.openqa.selenium.TimeoutException" message="Expected condition failed: waiting for element to no longer be visible: By.xpath: //mat-card[@class=&amp;apos;spinner mat-card&amp;apos;]//mat-spinner (tried for 7 second(s) with 500 milliseconds interval)">
      <![CDATA[org.openqa.selenium.TimeoutException: Expected condition failed: waiting for element to no longer be visible: By.xpath: //mat-card[@class='spinner mat-card']//mat-spinner (tried for 7 second(s) with 500 milliseconds interval)
at org.openqa.selenium.support.ui.WebDriverWait.timeoutException(WebDriverWait.java:87)
at org.openqa.selenium.support.ui.FluentWait.until(FluentWait.java:231)
at com.lib.TestBase.waitTilldisableOfElement(TestBase.java:176)
at com.lib.TestBase.selectMenuIconInSite(TestBase.java:1198)
at smrtRain.programs.RunProgramTests.zonesDetails_StartTiggerFor2Minutes(RunProgramTests.java:140)
at java.base/java.util.ArrayList.forEach(ArrayList.java:1511)
at java.base/java.util.concurrent.FutureTask.run(FutureTask.java:264)
at java.base/java.util.concurrent.ThreadPoolExecutor.runWorker(ThreadPoolExecutor.java:1136)
at java.base/java.util.concurrent.ThreadPoolExecutor$Worker.run(ThreadPoolExecutor.java:635)
at java.base/java.lang.Thread.run(Thread.java:833)
Caused by: org.openqa.selenium.NoSuchWindowException: no such window: target window already closed
from unknown error: web view not found
  (Session info: chrome=107.0.5304.107)
Build info: version: '4.4.0', revision: 'e5c75ed026a'
System info: host: 'LAKSHMI', ip: '192.168.1.7', os.name: 'Windows 11', os.arch: 'amd64', os.version: '10.0', java.version: '17.0.2'
Driver info: org.openqa.selenium.chrome.ChromeDriver
Command: [45da0cbad8eef71a1914366e23d74032, findElement {using=xpath, value=//mat-card[@class='spinner mat-card']//mat-spinner}]
Capabilities {acceptInsecureCerts: false, browserName: chrome, browserVersion: 107.0.5304.107, chrome: {chromedriverVersion: 107.0.5304.62 (1eec40d3a576..., userDataDir: C:\Users\MSI\AppData\Local\...}, goog:chromeOptions: {debuggerAddress: localhost:54069}, networkConnectionEnabled: false, pageLoadStrategy: normal, platformName: WINDOWS, proxy: Proxy(), se:cdp: ws://localhost:54069/devtoo..., se:cdpVersion: 107.0.5304.107, setWindowRect: true, strictFileInteractability: false, timeouts: {implicit: 0, pageLoad: 300000, script: 30000}, unhandledPromptBehavior: dismiss and notify, webauthn:extension:credBlob: true, webauthn:extension:largeBlob: true, webauthn:virtualAuthenticators: true}
Session ID: 45da0cbad8eef71a1914366e23d74032
at org.openqa.selenium.remote.codec.w3c.W3CHttpResponseCodec.createException(W3CHttpResponseCodec.java:200)
at org.openqa.selenium.remote.codec.w3c.W3CHttpResponseCodec.decode(W3CHttpResponseCodec.java:133)
at org.openqa.selenium.remote.codec.w3c.W3CHttpResponseCodec.decode(W3CHttpResponseCodec.java:53)
at org.openqa.selenium.remote.HttpCommandExecutor.execute(HttpCommandExecutor.java:184)
at org.openqa.selenium.remote.service.DriverCommandExecutor.invokeExecute(DriverCommandExecutor.java:167)
at org.openqa.selenium.remote.service.DriverCommandExecutor.execute(DriverCommandExecutor.java:142)
at org.openqa.selenium.remote.RemoteWebDriver.execute(RemoteWebDriver.java:547)
at org.openqa.selenium.remote.ElementLocation$ElementFinder$2.findElement(ElementLocation.java:162)
at org.openqa.selenium.remote.ElementLocation.findElement(ElementLocation.java:60)
at org.openqa.selenium.remote.RemoteWebDriver.findElement(RemoteWebDriver.java:365)
at org.openqa.selenium.remote.RemoteWebDriver.findElement(RemoteWebDriver.java:357)
at org.openqa.selenium.support.ui.ExpectedConditions$20.apply(ExpectedConditions.java:570)
at org.openqa.selenium.support.ui.ExpectedConditions$20.apply(ExpectedConditions.java:566)
at org.openqa.selenium.support.ui.FluentWait.until(FluentWait.java:208)
... 26 more
... Removed 22 stack frames]]>
    </failure>
  </testcase> <!-- zonesDetails_StartTiggerFor2Minutes -->
  <testcase classname="smrtRain.activityLogs.ActivityLogsTest" name="log_SearchByCatgeory" time="30.192">
    <failure type="org.openqa.selenium.NoSuchWindowException" message="no such window: target window already closed
from unknown error: web view not found
  (Session info: chrome=107.0.5304.107)
Build info: version: &amp;apos;4.4.0&amp;apos;, revision: &amp;apos;e5c75ed026a&amp;apos;
System info: host: &amp;apos;LAKSHMI&amp;apos;, ip: &amp;apos;192.168.1.7&amp;apos;, os.name: &amp;apos;Windows 11&amp;apos;, os.arch: &amp;apos;amd64&amp;apos;, os.version: &amp;apos;10.0&amp;apos;, java.version: &amp;apos;17.0.2&amp;apos;
Driver info: org.openqa.selenium.chrome.ChromeDriver
Command: [45da0cbad8eef71a1914366e23d74032, findElements {using=xpath, value=//mat-sidenav//mat-nav-list/a/span}]
Capabilities {acceptInsecureCerts: false, browserName: chrome, browserVersion: 107.0.5304.107, chrome: {chromedriverVersion: 107.0.5304.62 (1eec40d3a576..., userDataDir: C:\Users\MSI\AppData\Local\...}, goog:chromeOptions: {debuggerAddress: localhost:54069}, networkConnectionEnabled: false, pageLoadStrategy: normal, platformName: WINDOWS, proxy: Proxy(), se:cdp: ws://localhost:54069/devtoo..., se:cdpVersion: 107.0.5304.107, setWindowRect: true, strictFileInteractability: false, timeouts: {implicit: 0, pageLoad: 300000, script: 30000}, unhandledPromptBehavior: dismiss and notify, webauthn:extension:credBlob: true, webauthn:extension:largeBlob: true, webauthn:virtualAuthenticators: true}
Session ID: 45da0cbad8eef71a1914366e23d74032">
      <![CDATA[org.openqa.selenium.NoSuchWindowException: no such window: target window already closed
from unknown error: web view not found
  (Session info: chrome=107.0.5304.107)
Build info: version: '4.4.0', revision: 'e5c75ed026a'
System info: host: 'LAKSHMI', ip: '192.168.1.7', os.name: 'Windows 11', os.arch: 'amd64', os.version: '10.0', java.version: '17.0.2'
Driver info: org.openqa.selenium.chrome.ChromeDriver
Command: [45da0cbad8eef71a1914366e23d74032, findElements {using=xpath, value=//mat-sidenav//mat-nav-list/a/span}]
Capabilities {acceptInsecureCerts: false, browserName: chrome, browserVersion: 107.0.5304.107, chrome: {chromedriverVersion: 107.0.5304.62 (1eec40d3a576..., userDataDir: C:\Users\MSI\AppData\Local\...}, goog:chromeOptions: {debuggerAddress: localhost:54069}, networkConnectionEnabled: false, pageLoadStrategy: normal, platformName: WINDOWS, proxy: Proxy(), se:cdp: ws://localhost:54069/devtoo..., se:cdpVersion: 107.0.5304.107, setWindowRect: true, strictFileInteractability: false, timeouts: {implicit: 0, pageLoad: 300000, script: 30000}, unhandledPromptBehavior: dismiss and notify, webauthn:extension:credBlob: true, webauthn:extension:largeBlob: true, webauthn:virtualAuthenticators: true}
Session ID: 45da0cbad8eef71a1914366e23d74032
at org.openqa.selenium.remote.codec.w3c.W3CHttpResponseCodec.createException(W3CHttpResponseCodec.java:200)
at org.openqa.selenium.remote.codec.w3c.W3CHttpResponseCodec.decode(W3CHttpResponseCodec.java:133)
at org.openqa.selenium.remote.codec.w3c.W3CHttpResponseCodec.decode(W3CHttpResponseCodec.java:53)
at org.openqa.selenium.remote.HttpCommandExecutor.execute(HttpCommandExecutor.java:184)
at org.openqa.selenium.remote.service.DriverCommandExecutor.invokeExecute(DriverCommandExecutor.java:167)
at org.openqa.selenium.remote.service.DriverCommandExecutor.execute(DriverCommandExecutor.java:142)
at org.openqa.selenium.remote.RemoteWebDriver.execute(RemoteWebDriver.java:547)
at org.openqa.selenium.remote.ElementLocation$ElementFinder$2.findElements(ElementLocation.java:179)
at org.openqa.selenium.remote.ElementLocation.findElements(ElementLocation.java:102)
at org.openqa.selenium.remote.RemoteWebDriver.findElements(RemoteWebDriver.java:380)
at org.openqa.selenium.remote.RemoteWebDriver.findElements(RemoteWebDriver.java:372)
at com.lib.TestBase.navigateToModule(TestBase.java:1180)
at smrtRain.activityLogs.ActivityLogsTest.log_SearchByCatgeory(ActivityLogsTest.java:73)
at java.base/java.util.ArrayList.forEach(ArrayList.java:1511)
at java.base/java.util.concurrent.FutureTask.run(FutureTask.java:264)
at java.base/java.util.concurrent.ThreadPoolExecutor.runWorker(ThreadPoolExecutor.java:1136)
at java.base/java.util.concurrent.ThreadPoolExecutor$Worker.run(ThreadPoolExecutor.java:635)
at java.base/java.lang.Thread.run(Thread.java:833)
... Removed 22 stack frames]]>
    </failure>
  </testcase> <!-- log_SearchByCatgeory -->
  <testcase classname="smrtRain.activityLogs.ActivityLogsTest" name="log_HandlePackets" time="4.083">
    <failure type="org.openqa.selenium.TimeoutException" message="Expected condition failed: waiting for element to no longer be visible: By.xpath: //mat-card[@class=&amp;apos;spinner mat-card&amp;apos;]//mat-spinner (tried for 4 second(s) with 500 milliseconds interval)">
      <![CDATA[org.openqa.selenium.TimeoutException: Expected condition failed: waiting for element to no longer be visible: By.xpath: //mat-card[@class='spinner mat-card']//mat-spinner (tried for 4 second(s) with 500 milliseconds interval)
at org.openqa.selenium.support.ui.WebDriverWait.timeoutException(WebDriverWait.java:87)
at org.openqa.selenium.support.ui.FluentWait.until(FluentWait.java:231)
at com.lib.TestBase.waitTilldisableOfElement(TestBase.java:176)
at smrtRain.activityLogs.ActivityMethods.categoryOption(ActivityMethods.java:177)
at smrtRain.activityLogs.ActivityLogsTest.log_HandlePackets(ActivityLogsTest.java:107)
at java.base/java.util.ArrayList.forEach(ArrayList.java:1511)
at java.base/java.util.concurrent.FutureTask.run(FutureTask.java:264)
at java.base/java.util.concurrent.ThreadPoolExecutor.runWorker(ThreadPoolExecutor.java:1136)
at java.base/java.util.concurrent.ThreadPoolExecutor$Worker.run(ThreadPoolExecutor.java:635)
at java.base/java.lang.Thread.run(Thread.java:833)
Caused by: org.openqa.selenium.NoSuchWindowException: no such window: target window already closed
from unknown error: web view not found
  (Session info: chrome=107.0.5304.107)
Build info: version: '4.4.0', revision: 'e5c75ed026a'
System info: host: 'LAKSHMI', ip: '192.168.1.7', os.name: 'Windows 11', os.arch: 'amd64', os.version: '10.0', java.version: '17.0.2'
Driver info: org.openqa.selenium.chrome.ChromeDriver
Command: [45da0cbad8eef71a1914366e23d74032, findElement {using=xpath, value=//mat-card[@class='spinner mat-card']//mat-spinner}]
Capabilities {acceptInsecureCerts: false, browserName: chrome, browserVersion: 107.0.5304.107, chrome: {chromedriverVersion: 107.0.5304.62 (1eec40d3a576..., userDataDir: C:\Users\MSI\AppData\Local\...}, goog:chromeOptions: {debuggerAddress: localhost:54069}, networkConnectionEnabled: false, pageLoadStrategy: normal, platformName: WINDOWS, proxy: Proxy(), se:cdp: ws://localhost:54069/devtoo..., se:cdpVersion: 107.0.5304.107, setWindowRect: true, strictFileInteractability: false, timeouts: {implicit: 0, pageLoad: 300000, script: 30000}, unhandledPromptBehavior: dismiss and notify, webauthn:extension:credBlob: true, webauthn:extension:largeBlob: true, webauthn:virtualAuthenticators: true}
Session ID: 45da0cbad8eef71a1914366e23d74032
at org.openqa.selenium.remote.codec.w3c.W3CHttpResponseCodec.createException(W3CHttpResponseCodec.java:200)
at org.openqa.selenium.remote.codec.w3c.W3CHttpResponseCodec.decode(W3CHttpResponseCodec.java:133)
at org.openqa.selenium.remote.codec.w3c.W3CHttpResponseCodec.decode(W3CHttpResponseCodec.java:53)
at org.openqa.selenium.remote.HttpCommandExecutor.execute(HttpCommandExecutor.java:184)
at org.openqa.selenium.remote.service.DriverCommandExecutor.invokeExecute(DriverCommandExecutor.java:167)
at org.openqa.selenium.remote.service.DriverCommandExecutor.execute(DriverCommandExecutor.java:142)
at org.openqa.selenium.remote.RemoteWebDriver.execute(RemoteWebDriver.java:547)
at org.openqa.selenium.remote.ElementLocation$ElementFinder$2.findElement(ElementLocation.java:162)
at org.openqa.selenium.remote.ElementLocation.findElement(ElementLocation.java:60)
at org.openqa.selenium.remote.RemoteWebDriver.findElement(RemoteWebDriver.java:365)
at org.openqa.selenium.remote.RemoteWebDriver.findElement(RemoteWebDriver.java:357)
at org.openqa.selenium.support.ui.ExpectedConditions$20.apply(ExpectedConditions.java:570)
at org.openqa.selenium.support.ui.ExpectedConditions$20.apply(ExpectedConditions.java:566)
at org.openqa.selenium.support.ui.FluentWait.until(FluentWait.java:208)
... 26 more
... Removed 22 stack frames]]>
    </failure>
  </testcase> <!-- log_HandlePackets -->
  <testcase classname="smrtRain.advanceConfig.AdvanceConfigTests" name="advConfigSkipRunTimeAdjustment" time="0.0">
    <ignored/>
  </testcase> <!-- advConfigSkipRunTimeAdjustment -->
  <testcase classname="smrtRain.activityLogs.ActivityLogsTest" name="log_validateSiteHomeGrid" time="0.0">
    <ignored/>
  </testcase> <!-- log_validateSiteHomeGrid -->
  <testcase classname="smrtRain.programs.SmartETTests" name="smartStackWithMultipleRunTimes" time="0.0">
    <ignored/>
  </testcase> <!-- smartStackWithMultipleRunTimes -->
  <testcase classname="smrtRain.home.GeneralTests" name="waterSavedDetails" time="0.0">
    <ignored/>
  </testcase> <!-- waterSavedDetails -->
  <testcase classname="smrtRain.sites.SitesTests" name="validateTimeZones" time="0.0">
    <ignored/>
  </testcase> <!-- validateTimeZones -->
  <testcase classname="smrtRain.advanceConfig.AdvanceConfigTests" name="verifySoilTypeDetermineForSandyClay" time="0.0">
    <ignored/>
  </testcase> <!-- verifySoilTypeDetermineForSandyClay -->
  <testcase classname="smrtRain.advanceConfig.AdvanceConfigTests" name="advConfigSkipEffAdjustment" time="0.0">
    <ignored/>
  </testcase> <!-- advConfigSkipEffAdjustment -->
  <testcase classname="smrtRain.advanceConfig.AdvanceConfigTests" name="advConfigLoamDripRect" time="0.0">
    <ignored/>
  </testcase> <!-- advConfigLoamDripRect -->
  <testcase classname="smrtRain.sites.SitesTests" name="createNewSite" time="0.0">
    <ignored/>
  </testcase> <!-- createNewSite -->
  <testcase classname="smrtRain.advanceConfig.AdvanceConfigTests" name="verifySoilTypeDetermineForSiltyClay" time="0.0">
    <ignored/>
  </testcase> <!-- verifySoilTypeDetermineForSiltyClay -->
  <testcase classname="smrtRain.programs.SmartETTests" name="smartET_MultiRunTimes" time="0.0">
    <ignored/>
  </testcase> <!-- smartET_MultiRunTimes -->
  <testcase classname="smrtRain.sites.SitesTests" name="validateAddressFields" time="0.0">
    <ignored/>
  </testcase> <!-- validateAddressFields -->
  <testcase classname="smrtRain.advanceConfig.AdvanceConfigTests" name="advConfigSandRotorRect" time="0.0">
    <ignored/>
  </testcase> <!-- advConfigSandRotorRect -->
  <testcase classname="smrtRain.programs.SmartETTests" name="smartET_BucketValue" time="0.0">
    <ignored/>
  </testcase> <!-- smartET_BucketValue -->
  <testcase classname="com.lib.BrowserIntializer" name="@BeforeTest openBrowser" time="0.0">
    <ignored/>
  </testcase> <!-- @BeforeTest openBrowser -->
  <testcase classname="com.lib.BrowserIntializer" name="@BeforeTest openBrowser" time="0.0">
    <ignored/>
  </testcase> <!-- @BeforeTest openBrowser -->
  <testcase classname="com.lib.BrowserIntializer" name="@BeforeTest openBrowser" time="0.0">
    <ignored/>
  </testcase> <!-- @BeforeTest openBrowser -->
  <testcase classname="com.lib.BrowserIntializer" name="@BeforeTest openBrowser" time="0.0">
    <ignored/>
  </testcase> <!-- @BeforeTest openBrowser -->
  <testcase classname="com.lib.BrowserIntializer" name="@BeforeTest openBrowser" time="0.0">
    <ignored/>
  </testcase> <!-- @BeforeTest openBrowser -->
  <testcase classname="com.lib.BrowserIntializer" name="@BeforeTest openBrowser" time="0.0">
    <ignored/>
  </testcase> <!-- @BeforeTest openBrowser -->
  <testcase classname="com.lib.BrowserIntializer" name="@BeforeTest openBrowser" time="0.0">
    <ignored/>
  </testcase> <!-- @BeforeTest openBrowser -->
  <testcase classname="com.lib.BrowserIntializer" name="@BeforeTest openBrowser" time="0.0">
    <ignored/>
  </testcase> <!-- @BeforeTest openBrowser -->
  <testcase classname="smrtRain.advanceConfig.AdvanceConfigTests" name="verifySoilTypeDetermineForSiltyClayLoam" time="0.0">
    <ignored/>
  </testcase> <!-- verifySoilTypeDetermineForSiltyClayLoam -->
  <testcase classname="smrtRain.advanceConfig.AdvanceConfigTests" name="advConfigClaySprayRect" time="0.0">
    <ignored/>
  </testcase> <!-- advConfigClaySprayRect -->
  <testcase classname="smrtRain.advanceConfig.AdvanceConfigTests" name="validateAdvanceConfigLabels" time="0.0">
    <ignored/>
  </testcase> <!-- validateAdvanceConfigLabels -->
  <testcase classname="smrtRain.advanceConfig.AdvanceConfigTests" name="verifySoilTypeDetermineForSiltLoam" time="0.0">
    <ignored/>
  </testcase> <!-- verifySoilTypeDetermineForSiltLoam -->
  <testcase classname="smrtRain.programs.ProgramTests" name="program_ValidateSeasonalAdjustment" time="0.0">
    <ignored/>
  </testcase> <!-- program_ValidateSeasonalAdjustment -->
  <testcase classname="smrtRain.home.GeneralTests" name="moneySavedDetails" time="0.0">
    <ignored/>
  </testcase> <!-- moneySavedDetails -->
  <testcase classname="smrtRain.programs.ProgramTests" name="verifyAddedZonesInLogs" time="0.0">
    <ignored/>
  </testcase> <!-- verifyAddedZonesInLogs -->
  <testcase classname="smrtRain.programs.ProgramTests" name="program_ValidateWarningMessages" time="0.0">
    <ignored/>
  </testcase> <!-- program_ValidateWarningMessages -->
  <testcase classname="smrtRain.home.GeneralTests" name="verifyAllTabs" time="0.0">
    <ignored/>
  </testcase> <!-- verifyAllTabs -->
  <testcase classname="smrtRain.programs.SmartETTests" name="stack_UpdateProgramByAddingZones" time="0.0">
    <ignored/>
  </testcase> <!-- stack_UpdateProgramByAddingZones -->
  <testcase classname="smrtRain.programs.RunProgramTests" name="runZonesFor1Minute" time="0.0">
    <ignored/>
  </testcase> <!-- runZonesFor1Minute -->
  <testcase classname="smrtRain.activityLogs.ActivityLogsTest" name="log_SiteCreated" time="0.0">
    <ignored/>
  </testcase> <!-- log_SiteCreated -->
  <testcase classname="smrtRain.programs.ProgramTests" name="deleteZones" time="0.0">
    <ignored/>
  </testcase> <!-- deleteZones -->
  <testcase classname="smrtRain.activityLogs.ActivityLogsTest" name="log_CreateSiteForLogs" time="0.0">
    <ignored/>
  </testcase> <!-- log_CreateSiteForLogs -->
  <testcase classname="smrtRain.programs.SmartETTests" name="smartET_GWLandMADBasedOnFC" time="0.0">
    <ignored/>
  </testcase> <!-- smartET_GWLandMADBasedOnFC -->
  <testcase classname="smrtRain.sites.TwoWireTests" name="addDripZoneWithMaxNumber" time="0.0">
    <ignored/>
  </testcase> <!-- addDripZoneWithMaxNumber -->
  <testcase classname="smrtRain.programs.SmartETTests" name="smartEt_IncrmentOrDecrement" time="0.0">
    <ignored/>
  </testcase> <!-- smartEt_IncrmentOrDecrement -->
  <testcase classname="smrtRain.programs.SmartETTests" name="stack_ManualStackOn" time="0.0">
    <ignored/>
  </testcase> <!-- stack_ManualStackOn -->
  <testcase classname="smrtRain.programs.ProgramTests" name="deleteAllPrograms" time="0.0">
    <ignored/>
  </testcase> <!-- deleteAllPrograms -->
  <testcase classname="smrtRain.activityLogs.ActivityLogsTest" name="log_WildCardSearch" time="0.0">
    <ignored/>
  </testcase> <!-- log_WildCardSearch -->
  <testcase classname="smrtRain.sites.SitesTests" name="addZoneWithoutIrrigationType" time="0.0">
    <ignored/>
  </testcase> <!-- addZoneWithoutIrrigationType -->
  <testcase classname="smrtRain.programs.RunProgramTests" name="runProgram_ValidateAlertsOfOthers" time="0.0">
    <ignored/>
  </testcase> <!-- runProgram_ValidateAlertsOfOthers -->
  <testcase classname="smrtRain.programs.SmartETTests" name="smartET_DoNotListInRunProgram" time="0.0">
    <ignored/>
  </testcase> <!-- smartET_DoNotListInRunProgram -->
  <testcase classname="smrtRain.programs.SmartETTests" name="stack_ValidateOverTheMaxFlow" time="0.0">
    <ignored/>
  </testcase> <!-- stack_ValidateOverTheMaxFlow -->
  <testcase classname="smrtRain.advanceConfig.AdvanceConfigTests" name="advConfigSandDripRect" time="0.0">
    <ignored/>
  </testcase> <!-- advConfigSandDripRect -->
  <testcase classname="smrtRain.activityLogs.ActivityLogsTest" name="log_HandleDashBoardLogs" time="0.0">
    <ignored/>
  </testcase> <!-- log_HandleDashBoardLogs -->
  <testcase classname="smrtRain.programs.SmartETTests" name="smartET_RainOverRide" time="0.0">
    <ignored/>
  </testcase> <!-- smartET_RainOverRide -->
  <testcase classname="smrtRain.advanceConfig.AdvanceConfigTests" name="advConfigSoilClayRotorRect" time="0.0">
    <ignored/>
  </testcase> <!-- advConfigSoilClayRotorRect -->
  <testcase classname="smrtRain.programs.RunProgramTests" name="runProgramForOtherConfiguredMinutes" time="0.0">
    <ignored/>
  </testcase> <!-- runProgramForOtherConfiguredMinutes -->
  <testcase classname="smrtRain.sites.SitesTests" name="verifyCitiesOfStateArizona" time="0.0">
    <ignored/>
  </testcase> <!-- verifyCitiesOfStateArizona -->
  <testcase classname="smrtRain.sites.SitesTests" name="deleteExistingZone" time="0.0">
    <ignored/>
  </testcase> <!-- deleteExistingZone -->
  <testcase classname="smrtRain.programs.SmartETTests" name="deleteZoneWhichAssignedToProgram" time="0.0">
    <ignored/>
  </testcase> <!-- deleteZoneWhichAssignedToProgram -->
  <testcase classname="smrtRain.programs.RunProgramTests" name="runSelectedZonesFor2Minutes" time="0.0">
    <ignored/>
  </testcase> <!-- runSelectedZonesFor2Minutes -->
  <testcase classname="smrtRain.sites.SitesTests" name="addZoneWithDripType" time="0.0">
    <ignored/>
  </testcase> <!-- addZoneWithDripType -->
  <testcase classname="smrtRain.advanceConfig.AdvanceConfigTests" name="verifySoilTypeDetermineForSandyClayLoam" time="0.0">
    <ignored/>
  </testcase> <!-- verifySoilTypeDetermineForSandyClayLoam -->
  <testcase classname="smrtRain.sites.TwoWireTests" name="addZoneinActiveTwoWireSite" time="0.0">
    <ignored/>
  </testcase> <!-- addZoneinActiveTwoWireSite -->
  <testcase classname="smrtRain.advanceConfig.AdvanceConfigTests" name="verifySoilTypeDetermineForClay" time="0.0">
    <ignored/>
  </testcase> <!-- verifySoilTypeDetermineForClay -->
  <testcase classname="smrtRain.programs.SmartETTests" name="smartET_ProgamOff" time="0.0">
    <ignored/>
  </testcase> <!-- smartET_ProgamOff -->
  <testcase classname="smrtRain.advanceConfig.AdvanceConfigTests" name="verifySoilTypeDetermineForSand" time="0.0">
    <ignored/>
  </testcase> <!-- verifySoilTypeDetermineForSand -->
  <testcase classname="smrtRain.programs.SmartETTests" name="smartET_ValidateIAandIAM" time="0.0">
    <ignored/>
  </testcase> <!-- smartET_ValidateIAandIAM -->
  <testcase classname="smrtRain.programs.ProgramTests" name="programOverlapStartOrEndTimes" time="0.0">
    <ignored/>
  </testcase> <!-- programOverlapStartOrEndTimes -->
  <testcase classname="smrtRain.advanceConfig.AdvanceConfigTests" name="verifySoilTypeDetermineForLoam" time="0.0">
    <ignored/>
  </testcase> <!-- verifySoilTypeDetermineForLoam -->
  <testcase classname="smrtRain.advanceConfig.AdvanceConfigTests" name="verifySoilTypeDetermineForClayLoam" time="0.0">
    <ignored/>
  </testcase> <!-- verifySoilTypeDetermineForClayLoam -->
  <testcase classname="smrtRain.programs.SmartETTests" name="smartET_SmartStackWithCycleSoak" time="0.0">
    <ignored/>
  </testcase> <!-- smartET_SmartStackWithCycleSoak -->
  <testcase classname="smrtRain.home.GeneralTests" name="verifyDaysButtons" time="0.0">
    <ignored/>
  </testcase> <!-- verifyDaysButtons -->
  <testcase classname="smrtRain.activityLogs.ActivityLogsTest" name="log_ValidateLabels" time="0.0">
    <ignored/>
  </testcase> <!-- log_ValidateLabels -->
  <testcase classname="smrtRain.sites.SitesTests" name="validateCountryStateCity" time="0.0">
    <ignored/>
  </testcase> <!-- validateCountryStateCity -->
  <testcase classname="smrtRain.advanceConfig.AdvanceConfigTests" name="verifySoilTypeSandRepeatedCycle" time="0.0">
    <ignored/>
  </testcase> <!-- verifySoilTypeSandRepeatedCycle -->
</testsuite> <!-- SmartRain Smoke -->
