<!DOCTYPE html>

<html>
  <head>
  <meta charset='utf-8'>
  <title>TestNG reports</title>

    <link type="text/css" href="testng-reports1.css" rel="stylesheet" id="ultra" />
    <link type="text/css" href="testng-reports.css" rel="stylesheet" id="retro" disabled="false"/>
    <script type="text/javascript" src="jquery-3.4.1.min.js"></script>
    <script type="text/javascript" src="testng-reports.js"></script>
    <script type="text/javascript" src="https://www.google.com/jsapi"></script>
    <script type='text/javascript'>
      google.load('visualization', '1', {packages:['table']});
      google.setOnLoadCallback(drawTable);
      var suiteTableInitFunctions = new Array();
      var suiteTableData = new Array();
    </script>
    <!--
      <script type="text/javascript" src="jquery-ui/js/jquery-ui-1.8.16.custom.min.js"></script>
     -->
  </head>

  <body>
    <div class="top-banner-root">
      <span class="top-banner-title-font">Test results</span>
      <button id="button" class="button">Switch Retro Theme</button> <!-- button -->
      <br/>
      <span class="top-banner-font-1">1 suite, 17 failed tests</span>
    </div> <!-- top-banner-root -->
    <div class="navigator-root">
      <div class="navigator-suite-header">
        <span>All suites</span>
        <a href="#" title="Collapse/expand all the suites" class="collapse-all-link">
          <img src="collapseall.gif" class="collapse-all-icon">
          </img> <!-- collapse-all-icon -->
        </a> <!-- collapse-all-link -->
      </div> <!-- navigator-suite-header -->
      <div class="suite">
        <div class="rounded-window">
          <div class="suite-header light-rounded-window-top">
            <a href="#" panel-name="suite-SmokeSuite" class="navigator-link">
              <span class="suite-name border-failed">SmokeSuite</span>
            </a> <!-- navigator-link -->
          </div> <!-- suite-header light-rounded-window-top -->
          <div class="navigator-suite-content">
            <div class="suite-section-title">
              <span>Info</span>
            </div> <!-- suite-section-title -->
            <div class="suite-section-content">
              <ul>
                <li>
                  <a href="#" panel-name="test-xml-SmokeSuite" class="navigator-link ">
                    <span>D:\Automation\smrt-automation\SRSmoke_01.xml</span>
                  </a> <!-- navigator-link  -->
                </li>
                <li>
                  <a href="#" panel-name="testlist-SmokeSuite" class="navigator-link ">
                    <span class="test-stats">1 test</span>
                  </a> <!-- navigator-link  -->
                </li>
                <li>
                  <a href="#" panel-name="group-SmokeSuite" class="navigator-link ">
                    <span>0 groups</span>
                  </a> <!-- navigator-link  -->
                </li>
                <li>
                  <a href="#" panel-name="times-SmokeSuite" class="navigator-link ">
                    <span>Times</span>
                  </a> <!-- navigator-link  -->
                </li>
                <li>
                  <a href="#" panel-name="reporter-SmokeSuite" class="navigator-link ">
                    <span>Reporter output</span>
                  </a> <!-- navigator-link  -->
                </li>
                <li>
                  <a href="#" panel-name="ignored-methods-SmokeSuite" class="navigator-link ">
                    <span>Ignored methods</span>
                  </a> <!-- navigator-link  -->
                </li>
                <li>
                  <a href="#" panel-name="chronological-SmokeSuite" class="navigator-link ">
                    <span>Chronological view</span>
                  </a> <!-- navigator-link  -->
                </li>
              </ul>
            </div> <!-- suite-section-content -->
            <div class="result-section">
              <div class="suite-section-title">
                <span>Results</span>
              </div> <!-- suite-section-title -->
              <div class="suite-section-content">
                <ul>
                  <li>
                    <span class="method-stats">21 methods, 17 failed,   4 passed</span>
                  </li>
                  <li>
                    <span class="method-list-title failed">Failed methods</span>
                    <span class="show-or-hide-methods failed">
                      <a href="#" panel-name="suite-SmokeSuite" class="hide-methods failed suite-SmokeSuite"> (hide)</a> <!-- hide-methods failed suite-SmokeSuite -->
                      <a href="#" panel-name="suite-SmokeSuite" class="show-methods failed suite-SmokeSuite"> (show)</a> <!-- show-methods failed suite-SmokeSuite -->
                    </span>
                    <div class="method-list-content failed suite-SmokeSuite">
                      <span>
                        <img src="failed.png" width="3%"/>
                        <a href="#" panel-name="suite-SmokeSuite" title="smrtRain.programs.ProgramTests" class="method navigator-link" hash-for-method="addNewRegularWateringProgram">addNewRegularWateringProgram</a> <!-- method navigator-link -->
                      </span>
                      <br/>
                      <span>
                        <img src="failed.png" width="3%"/>
                        <a href="#" panel-name="suite-SmokeSuite" title="smrtRain.programs.ProgramTests" class="method navigator-link" hash-for-method="addSmrtWateringProgram">addSmrtWateringProgram</a> <!-- method navigator-link -->
                      </span>
                      <br/>
                      <span>
                        <img src="failed.png" width="3%"/>
                        <a href="#" panel-name="suite-SmokeSuite" title="smrtRain.sites.TwoWireTests" class="method navigator-link" hash-for-method="addZoneWithMaxZoneNumber">addZoneWithMaxZoneNumber</a> <!-- method navigator-link -->
                      </span>
                      <br/>
                      <span>
                        <img src="failed.png" width="3%"/>
                        <a href="#" panel-name="suite-SmokeSuite" title="smrtRain.sites.SitesTests" class="method navigator-link" hash-for-method="addZoneWithSprayType">addZoneWithSprayType</a> <!-- method navigator-link -->
                      </span>
                      <br/>
                      <span>
                        <img src="failed.png" width="3%"/>
                        <a href="#" panel-name="suite-SmokeSuite" title="smrtRain.sites.SitesTests" class="method navigator-link" hash-for-method="addZonesToSite">addZonesToSite</a> <!-- method navigator-link -->
                      </span>
                      <br/>
                      <span>
                        <img src="failed.png" width="3%"/>
                        <a href="#" panel-name="suite-SmokeSuite" title="smrtRain.activityLogs.ActivityLogsTest" class="method navigator-link" hash-for-method="log_HandlePackets">log_HandlePackets</a> <!-- method navigator-link -->
                      </span>
                      <br/>
                      <span>
                        <img src="failed.png" width="3%"/>
                        <a href="#" panel-name="suite-SmokeSuite" title="smrtRain.activityLogs.ActivityLogsTest" class="method navigator-link" hash-for-method="log_SearchByCatgeory">log_SearchByCatgeory</a> <!-- method navigator-link -->
                      </span>
                      <br/>
                      <span>
                        <img src="failed.png" width="3%"/>
                        <a href="#" panel-name="suite-SmokeSuite" title="smrtRain.programs.RunProgramTests" class="method navigator-link" hash-for-method="runProgramForFullTime">runProgramForFullTime</a> <!-- method navigator-link -->
                      </span>
                      <br/>
                      <span>
                        <img src="failed.png" width="3%"/>
                        <a href="#" panel-name="suite-SmokeSuite" title="smrtRain.programs.SmartETTests" class="method navigator-link" hash-for-method="smartET_CreateNormalProgram">smartET_CreateNormalProgram</a> <!-- method navigator-link -->
                      </span>
                      <br/>
                      <span>
                        <img src="failed.png" width="3%"/>
                        <a href="#" panel-name="suite-SmokeSuite" title="smrtRain.programs.SmartETTests" class="method navigator-link" hash-for-method="smartET_CycleSoak">smartET_CycleSoak</a> <!-- method navigator-link -->
                      </span>
                      <br/>
                      <span>
                        <img src="failed.png" width="3%"/>
                        <a href="#" panel-name="suite-SmokeSuite" title="smrtRain.programs.SmartETTests" class="method navigator-link" hash-for-method="smartET_SmartStack">smartET_SmartStack</a> <!-- method navigator-link -->
                      </span>
                      <br/>
                      <span>
                        <img src="failed.png" width="3%"/>
                        <a href="#" panel-name="suite-SmokeSuite" title="smrtRain.programs.SmartETTests" class="method navigator-link" hash-for-method="smartET_verifyDefaultETValues">smartET_verifyDefaultETValues</a> <!-- method navigator-link -->
                      </span>
                      <br/>
                      <span>
                        <img src="failed.png" width="3%"/>
                        <a href="#" panel-name="suite-SmokeSuite" title="smrtRain.programs.ProgramTests" class="method navigator-link" hash-for-method="updateExistingProgram">updateExistingProgram</a> <!-- method navigator-link -->
                      </span>
                      <br/>
                      <span>
                        <img src="failed.png" width="3%"/>
                        <a href="#" panel-name="suite-SmokeSuite" title="smrtRain.sites.SitesTests" class="method navigator-link" hash-for-method="validateNewSiteFields">validateNewSiteFields</a> <!-- method navigator-link -->
                      </span>
                      <br/>
                      <span>
                        <img src="failed.png" width="3%"/>
                        <a href="#" panel-name="suite-SmokeSuite" title="smrtRain.programs.ProgramTests" class="method navigator-link" hash-for-method="validateProgramWithSameConfig">validateProgramWithSameConfig</a> <!-- method navigator-link -->
                      </span>
                      <br/>
                      <span>
                        <img src="failed.png" width="3%"/>
                        <a href="#" panel-name="suite-SmokeSuite" title="smrtRain.advanceConfig.AdvanceConfigTests" class="method navigator-link" hash-for-method="verifySoilTypeDetermineForSandyLoam">verifySoilTypeDetermineForSandyLoam</a> <!-- method navigator-link -->
                      </span>
                      <br/>
                      <span>
                        <img src="failed.png" width="3%"/>
                        <a href="#" panel-name="suite-SmokeSuite" title="smrtRain.programs.RunProgramTests" class="method navigator-link" hash-for-method="zonesDetails_StartTiggerFor2Minutes">zonesDetails_StartTiggerFor2Minutes</a> <!-- method navigator-link -->
                      </span>
                      <br/>
                    </div> <!-- method-list-content failed suite-SmokeSuite -->
                  </li>
                  <li>
                    <span class="method-list-title passed">Passed methods</span>
                    <span class="show-or-hide-methods passed">
                      <a href="#" panel-name="suite-SmokeSuite" class="hide-methods passed suite-SmokeSuite"> (hide)</a> <!-- hide-methods passed suite-SmokeSuite -->
                      <a href="#" panel-name="suite-SmokeSuite" class="show-methods passed suite-SmokeSuite"> (show)</a> <!-- show-methods passed suite-SmokeSuite -->
                    </span>
                    <div class="method-list-content passed suite-SmokeSuite">
                      <span>
                        <img src="passed.png" width="3%"/>
                        <a href="#" panel-name="suite-SmokeSuite" title="smrtRain.sites.TwoWireTests" class="method navigator-link" hash-for-method="createTwoWireNewSite">createTwoWireNewSite</a> <!-- method navigator-link -->
                      </span>
                      <br/>
                      <span>
                        <img src="passed.png" width="3%"/>
                        <a href="#" panel-name="suite-SmokeSuite" title="smrtRain.home.GeneralTests" class="method navigator-link" hash-for-method="loginWithValidCredentials">loginWithValidCredentials</a> <!-- method navigator-link -->
                      </span>
                      <br/>
                      <span>
                        <img src="passed.png" width="3%"/>
                        <a href="#" panel-name="suite-SmokeSuite" title="smrtRain.sites.TwoWireTests" class="method navigator-link" hash-for-method="validateControllerTypes">validateControllerTypes</a> <!-- method navigator-link -->
                      </span>
                      <br/>
                      <span>
                        <img src="passed.png" width="3%"/>
                        <a href="#" panel-name="suite-SmokeSuite" title="smrtRain.sites.SitesTests" class="method navigator-link" hash-for-method="verifyCitiesOfStateAlaska">verifyCitiesOfStateAlaska</a> <!-- method navigator-link -->
                      </span>
                      <br/>
                    </div> <!-- method-list-content passed suite-SmokeSuite -->
                  </li>
                </ul>
              </div> <!-- suite-section-content -->
            </div> <!-- result-section -->
          </div> <!-- navigator-suite-content -->
        </div> <!-- rounded-window -->
      </div> <!-- suite -->
    </div> <!-- navigator-root -->
    <div class="wrapper">
      <div class="main-panel-root">
        <div panel-name="suite-SmokeSuite" class="panel SmokeSuite">
          <div class="suite-SmokeSuite-class-failed">
            <div class="main-panel-header rounded-window-top">
              <img src="failed.png"/>
              <span class="class-name">smrtRain.programs.ProgramTests</span>
            </div> <!-- main-panel-header rounded-window-top -->
            <div class="main-panel-content rounded-window-bottom">
              <div class="method">
                <div class="method-content">
                  <a name="addNewRegularWateringProgram">
                  </a> <!-- addNewRegularWateringProgram -->
                  <span class="method-name">addNewRegularWateringProgram</span>
                  <div class="stack-trace">java.lang.AssertionError: program is not present expected [true] but found [false]
	at com.lib.TestBase.selectMenuIconInSite(TestBase.java:1211)
	at smrtRain.programs.ProgramTests.addNewRegularWateringProgram(ProgramTests.java:75)
	at java.base/java.util.ArrayList.forEach(ArrayList.java:1511)
	at java.base/java.util.concurrent.FutureTask.run(FutureTask.java:264)
	at java.base/java.util.concurrent.ThreadPoolExecutor.runWorker(ThreadPoolExecutor.java:1136)
	at java.base/java.util.concurrent.ThreadPoolExecutor$Worker.run(ThreadPoolExecutor.java:635)
	at java.base/java.lang.Thread.run(Thread.java:833)
... Removed 21 stack frames
</div> <!-- stack-trace -->
                </div> <!-- method-content -->
              </div> <!-- method -->
              <div class="method">
                <div class="method-content">
                  <a name="addSmrtWateringProgram">
                  </a> <!-- addSmrtWateringProgram -->
                  <span class="method-name">addSmrtWateringProgram</span>
                  <div class="stack-trace">java.lang.AssertionError: calendar is not present expected [true] but found [false]
	at com.lib.TestBase.selectMenuIconInSite(TestBase.java:1211)
	at smrtRain.programs.ProgramTests.addSmrtWateringProgram(ProgramTests.java:98)
	at java.base/java.util.ArrayList.forEach(ArrayList.java:1511)
	at java.base/java.util.concurrent.FutureTask.run(FutureTask.java:264)
	at java.base/java.util.concurrent.ThreadPoolExecutor.runWorker(ThreadPoolExecutor.java:1136)
	at java.base/java.util.concurrent.ThreadPoolExecutor$Worker.run(ThreadPoolExecutor.java:635)
	at java.base/java.lang.Thread.run(Thread.java:833)
... Removed 21 stack frames
</div> <!-- stack-trace -->
                </div> <!-- method-content -->
              </div> <!-- method -->
              <div class="method">
                <div class="method-content">
                  <a name="updateExistingProgram">
                  </a> <!-- updateExistingProgram -->
                  <span class="method-name">updateExistingProgram</span>
                  <div class="stack-trace">java.lang.AssertionError: calendar is not present expected [true] but found [false]
	at com.lib.TestBase.selectMenuIconInSite(TestBase.java:1211)
	at smrtRain.programs.ProgramTests.updateExistingProgram(ProgramTests.java:184)
	at java.base/java.util.ArrayList.forEach(ArrayList.java:1511)
	at java.base/java.util.concurrent.FutureTask.run(FutureTask.java:264)
	at java.base/java.util.concurrent.ThreadPoolExecutor.runWorker(ThreadPoolExecutor.java:1136)
	at java.base/java.util.concurrent.ThreadPoolExecutor$Worker.run(ThreadPoolExecutor.java:635)
	at java.base/java.lang.Thread.run(Thread.java:833)
... Removed 21 stack frames
</div> <!-- stack-trace -->
                </div> <!-- method-content -->
              </div> <!-- method -->
              <div class="method">
                <div class="method-content">
                  <a name="validateProgramWithSameConfig">
                  </a> <!-- validateProgramWithSameConfig -->
                  <span class="method-name">validateProgramWithSameConfig</span>
                  <div class="stack-trace">java.lang.AssertionError: calendar is not present expected [true] but found [false]
	at com.lib.TestBase.selectMenuIconInSite(TestBase.java:1211)
	at smrtRain.programs.ProgramTests.validateProgramWithSameConfig(ProgramTests.java:128)
	at java.base/java.util.ArrayList.forEach(ArrayList.java:1511)
	at java.base/java.util.concurrent.FutureTask.run(FutureTask.java:264)
	at java.base/java.util.concurrent.ThreadPoolExecutor.runWorker(ThreadPoolExecutor.java:1136)
	at java.base/java.util.concurrent.ThreadPoolExecutor$Worker.run(ThreadPoolExecutor.java:635)
	at java.base/java.lang.Thread.run(Thread.java:833)
... Removed 21 stack frames
</div> <!-- stack-trace -->
                </div> <!-- method-content -->
              </div> <!-- method -->
            </div> <!-- main-panel-content rounded-window-bottom -->
          </div> <!-- suite-SmokeSuite-class-failed -->
          <div class="suite-SmokeSuite-class-failed">
            <div class="main-panel-header rounded-window-top">
              <img src="failed.png"/>
              <span class="class-name">smrtRain.programs.SmartETTests</span>
            </div> <!-- main-panel-header rounded-window-top -->
            <div class="main-panel-content rounded-window-bottom">
              <div class="method">
                <div class="method-content">
                  <a name="smartET_CreateNormalProgram">
                  </a> <!-- smartET_CreateNormalProgram -->
                  <span class="method-name">smartET_CreateNormalProgram</span>
                  <div class="stack-trace">java.lang.AssertionError: zones is not present expected [true] but found [false]
	at com.lib.TestBase.selectMenuIconInSite(TestBase.java:1211)
	at smrtRain.programs.SmartETTests.smartET_CreateNormalProgram(SmartETTests.java:23)
	at java.base/java.util.ArrayList.forEach(ArrayList.java:1511)
	at java.base/java.util.concurrent.FutureTask.run(FutureTask.java:264)
	at java.base/java.util.concurrent.ThreadPoolExecutor.runWorker(ThreadPoolExecutor.java:1136)
	at java.base/java.util.concurrent.ThreadPoolExecutor$Worker.run(ThreadPoolExecutor.java:635)
	at java.base/java.lang.Thread.run(Thread.java:833)
... Removed 21 stack frames
</div> <!-- stack-trace -->
                </div> <!-- method-content -->
              </div> <!-- method -->
              <div class="method">
                <div class="method-content">
                  <a name="smartET_CycleSoak">
                  </a> <!-- smartET_CycleSoak -->
                  <span class="method-name">smartET_CycleSoak</span>
                  <div class="stack-trace">org.openqa.selenium.TimeoutException: Expected condition failed: waiting for element to no longer be visible: By.xpath: //mat-card[@class=&apos;spinner mat-card&apos;]//mat-spinner (tried for 7 second(s) with 500 milliseconds interval)
	at org.openqa.selenium.support.ui.WebDriverWait.timeoutException(WebDriverWait.java:87)
	at org.openqa.selenium.support.ui.FluentWait.until(FluentWait.java:231)
	at com.lib.TestBase.waitTilldisableOfElement(TestBase.java:176)
	at com.lib.TestBase.selectMenuIconInSite(TestBase.java:1198)
	at smrtRain.programs.SmartETTests.smartET_CycleSoak(SmartETTests.java:165)
	at java.base/java.util.ArrayList.forEach(ArrayList.java:1511)
	at java.base/java.util.concurrent.FutureTask.run(FutureTask.java:264)
	at java.base/java.util.concurrent.ThreadPoolExecutor.runWorker(ThreadPoolExecutor.java:1136)
	at java.base/java.util.concurrent.ThreadPoolExecutor$Worker.run(ThreadPoolExecutor.java:635)
	at java.base/java.lang.Thread.run(Thread.java:833)
Caused by: org.openqa.selenium.NoSuchWindowException: no such window: target window already closed
from unknown error: web view not found
  (Session info: chrome=107.0.5304.107)
Build info: version: &apos;4.4.0&apos;, revision: &apos;e5c75ed026a&apos;
System info: host: &apos;LAKSHMI&apos;, ip: &apos;192.168.1.7&apos;, os.name: &apos;Windows 11&apos;, os.arch: &apos;amd64&apos;, os.version: &apos;10.0&apos;, java.version: &apos;17.0.2&apos;
Driver info: org.openqa.selenium.chrome.ChromeDriver
Command: [45da0cbad8eef71a1914366e23d74032, findElement {using=xpath, value=//mat-card[@class=&apos;spinner mat-card&apos;]//mat-spinner}]
Capabilities {acceptInsecureCerts: false, browserName: chrome, browserVersion: 107.0.5304.107, chrome: {chromedriverVersion: 107.0.5304.62 (1eec40d3a576..., userDataDir: C:\Users\MSI\AppData\Local\...}, goog:chromeOptions: {debuggerAddress: localhost:54069}, networkConnectionEnabled: false, pageLoadStrategy: normal, platformName: WINDOWS, proxy: Proxy(), se:cdp: ws://localhost:54069/devtoo..., se:cdpVersion: 107.0.5304.107, setWindowRect: true, strictFileInteractability: false, timeouts: {implicit: 0, pageLoad: 300000, script: 30000}, unhandledPromptBehavior: dismiss and notify, webauthn:extension:credBlob: true, webauthn:extension:largeBlob: true, webauthn:virtualAuthenticators: true}
Session ID: 45da0cbad8eef71a1914366e23d74032
	at org.openqa.selenium.remote.codec.w3c.W3CHttpResponseCodec.createException(W3CHttpResponseCodec.java:200)
	at org.openqa.selenium.remote.codec.w3c.W3CHttpResponseCodec.decode(W3CHttpResponseCodec.java:133)
	at org.openqa.selenium.remote.codec.w3c.W3CHttpResponseCodec.decode(W3CHttpResponseCodec.java:53)
	at org.openqa.selenium.remote.HttpCommandExecutor.execute(HttpCommandExecutor.java:184)
	at org.openqa.selenium.remote.service.DriverCommandExecutor.invokeExecute(DriverCommandExecutor.java:167)
	at org.openqa.selenium.remote.service.DriverCommandExecutor.execute(DriverCommandExecutor.java:142)
	at org.openqa.selenium.remote.RemoteWebDriver.execute(RemoteWebDriver.java:547)
	at org.openqa.selenium.remote.ElementLocation$ElementFinder$2.findElement(ElementLocation.java:162)
	at org.openqa.selenium.remote.ElementLocation.findElement(ElementLocation.java:60)
	at org.openqa.selenium.remote.RemoteWebDriver.findElement(RemoteWebDriver.java:365)
	at org.openqa.selenium.remote.RemoteWebDriver.findElement(RemoteWebDriver.java:357)
	at org.openqa.selenium.support.ui.ExpectedConditions$20.apply(ExpectedConditions.java:570)
	at org.openqa.selenium.support.ui.ExpectedConditions$20.apply(ExpectedConditions.java:566)
	at org.openqa.selenium.support.ui.FluentWait.until(FluentWait.java:208)
	... 26 more
... Removed 22 stack frames
</div> <!-- stack-trace -->
                </div> <!-- method-content -->
              </div> <!-- method -->
              <div class="method">
                <div class="method-content">
                  <a name="smartET_SmartStack">
                  </a> <!-- smartET_SmartStack -->
                  <span class="method-name">smartET_SmartStack</span>
                  <div class="stack-trace">org.openqa.selenium.TimeoutException: Expected condition failed: waiting for element to no longer be visible: By.xpath: //mat-card[@class=&apos;spinner mat-card&apos;]//mat-spinner (tried for 7 second(s) with 500 milliseconds interval)
	at org.openqa.selenium.support.ui.WebDriverWait.timeoutException(WebDriverWait.java:87)
	at org.openqa.selenium.support.ui.FluentWait.until(FluentWait.java:231)
	at com.lib.TestBase.waitTilldisableOfElement(TestBase.java:176)
	at com.lib.TestBase.selectMenuIconInSite(TestBase.java:1198)
	at smrtRain.programs.SmartETTests.smartET_SmartStack(SmartETTests.java:269)
	at java.base/java.util.ArrayList.forEach(ArrayList.java:1511)
	at java.base/java.util.concurrent.FutureTask.run(FutureTask.java:264)
	at java.base/java.util.concurrent.ThreadPoolExecutor.runWorker(ThreadPoolExecutor.java:1136)
	at java.base/java.util.concurrent.ThreadPoolExecutor$Worker.run(ThreadPoolExecutor.java:635)
	at java.base/java.lang.Thread.run(Thread.java:833)
Caused by: org.openqa.selenium.NoSuchWindowException: no such window: target window already closed
from unknown error: web view not found
  (Session info: chrome=107.0.5304.107)
Build info: version: &apos;4.4.0&apos;, revision: &apos;e5c75ed026a&apos;
System info: host: &apos;LAKSHMI&apos;, ip: &apos;192.168.1.7&apos;, os.name: &apos;Windows 11&apos;, os.arch: &apos;amd64&apos;, os.version: &apos;10.0&apos;, java.version: &apos;17.0.2&apos;
Driver info: org.openqa.selenium.chrome.ChromeDriver
Command: [45da0cbad8eef71a1914366e23d74032, findElement {using=xpath, value=//mat-card[@class=&apos;spinner mat-card&apos;]//mat-spinner}]
Capabilities {acceptInsecureCerts: false, browserName: chrome, browserVersion: 107.0.5304.107, chrome: {chromedriverVersion: 107.0.5304.62 (1eec40d3a576..., userDataDir: C:\Users\MSI\AppData\Local\...}, goog:chromeOptions: {debuggerAddress: localhost:54069}, networkConnectionEnabled: false, pageLoadStrategy: normal, platformName: WINDOWS, proxy: Proxy(), se:cdp: ws://localhost:54069/devtoo..., se:cdpVersion: 107.0.5304.107, setWindowRect: true, strictFileInteractability: false, timeouts: {implicit: 0, pageLoad: 300000, script: 30000}, unhandledPromptBehavior: dismiss and notify, webauthn:extension:credBlob: true, webauthn:extension:largeBlob: true, webauthn:virtualAuthenticators: true}
Session ID: 45da0cbad8eef71a1914366e23d74032
	at org.openqa.selenium.remote.codec.w3c.W3CHttpResponseCodec.createException(W3CHttpResponseCodec.java:200)
	at org.openqa.selenium.remote.codec.w3c.W3CHttpResponseCodec.decode(W3CHttpResponseCodec.java:133)
	at org.openqa.selenium.remote.codec.w3c.W3CHttpResponseCodec.decode(W3CHttpResponseCodec.java:53)
	at org.openqa.selenium.remote.HttpCommandExecutor.execute(HttpCommandExecutor.java:184)
	at org.openqa.selenium.remote.service.DriverCommandExecutor.invokeExecute(DriverCommandExecutor.java:167)
	at org.openqa.selenium.remote.service.DriverCommandExecutor.execute(DriverCommandExecutor.java:142)
	at org.openqa.selenium.remote.RemoteWebDriver.execute(RemoteWebDriver.java:547)
	at org.openqa.selenium.remote.ElementLocation$ElementFinder$2.findElement(ElementLocation.java:162)
	at org.openqa.selenium.remote.ElementLocation.findElement(ElementLocation.java:60)
	at org.openqa.selenium.remote.RemoteWebDriver.findElement(RemoteWebDriver.java:365)
	at org.openqa.selenium.remote.RemoteWebDriver.findElement(RemoteWebDriver.java:357)
	at org.openqa.selenium.support.ui.ExpectedConditions$20.apply(ExpectedConditions.java:570)
	at org.openqa.selenium.support.ui.ExpectedConditions$20.apply(ExpectedConditions.java:566)
	at org.openqa.selenium.support.ui.FluentWait.until(FluentWait.java:208)
	... 26 more
... Removed 22 stack frames
</div> <!-- stack-trace -->
                </div> <!-- method-content -->
              </div> <!-- method -->
              <div class="method">
                <div class="method-content">
                  <a name="smartET_verifyDefaultETValues">
                  </a> <!-- smartET_verifyDefaultETValues -->
                  <span class="method-name">smartET_verifyDefaultETValues</span>
                  <div class="stack-trace">org.openqa.selenium.NoSuchWindowException: no such window: target window already closed
from unknown error: web view not found
  (Session info: chrome=107.0.5304.107)
Build info: version: &apos;4.4.0&apos;, revision: &apos;e5c75ed026a&apos;
System info: host: &apos;LAKSHMI&apos;, ip: &apos;192.168.1.7&apos;, os.name: &apos;Windows 11&apos;, os.arch: &apos;amd64&apos;, os.version: &apos;10.0&apos;, java.version: &apos;17.0.2&apos;
Driver info: org.openqa.selenium.chrome.ChromeDriver
Command: [45da0cbad8eef71a1914366e23d74032, findElements {using=css selector, value=mat-nav-list.mat-nav-list.mat-list-base.ng-tns-c355-0 &gt; a &gt; span &gt; img}]
Capabilities {acceptInsecureCerts: false, browserName: chrome, browserVersion: 107.0.5304.107, chrome: {chromedriverVersion: 107.0.5304.62 (1eec40d3a576..., userDataDir: C:\Users\MSI\AppData\Local\...}, goog:chromeOptions: {debuggerAddress: localhost:54069}, networkConnectionEnabled: false, pageLoadStrategy: normal, platformName: WINDOWS, proxy: Proxy(), se:cdp: ws://localhost:54069/devtoo..., se:cdpVersion: 107.0.5304.107, setWindowRect: true, strictFileInteractability: false, timeouts: {implicit: 0, pageLoad: 300000, script: 30000}, unhandledPromptBehavior: dismiss and notify, webauthn:extension:credBlob: true, webauthn:extension:largeBlob: true, webauthn:virtualAuthenticators: true}
Session ID: 45da0cbad8eef71a1914366e23d74032
	at org.openqa.selenium.remote.codec.w3c.W3CHttpResponseCodec.createException(W3CHttpResponseCodec.java:200)
	at org.openqa.selenium.remote.codec.w3c.W3CHttpResponseCodec.decode(W3CHttpResponseCodec.java:133)
	at org.openqa.selenium.remote.codec.w3c.W3CHttpResponseCodec.decode(W3CHttpResponseCodec.java:53)
	at org.openqa.selenium.remote.HttpCommandExecutor.execute(HttpCommandExecutor.java:184)
	at org.openqa.selenium.remote.service.DriverCommandExecutor.invokeExecute(DriverCommandExecutor.java:167)
	at org.openqa.selenium.remote.service.DriverCommandExecutor.execute(DriverCommandExecutor.java:142)
	at org.openqa.selenium.remote.RemoteWebDriver.execute(RemoteWebDriver.java:547)
	at org.openqa.selenium.remote.ElementLocation$ElementFinder$2.findElements(ElementLocation.java:179)
	at org.openqa.selenium.remote.ElementLocation.findElements(ElementLocation.java:102)
	at org.openqa.selenium.remote.RemoteWebDriver.findElements(RemoteWebDriver.java:380)
	at org.openqa.selenium.remote.RemoteWebDriver.findElements(RemoteWebDriver.java:372)
	at com.lib.TestBase.selectMenuIconInSite(TestBase.java:1201)
	at smrtRain.programs.SmartETTests.smartET_verifyDefaultETValues(SmartETTests.java:140)
	at java.base/java.util.ArrayList.forEach(ArrayList.java:1511)
	at java.base/java.util.concurrent.FutureTask.run(FutureTask.java:264)
	at java.base/java.util.concurrent.ThreadPoolExecutor.runWorker(ThreadPoolExecutor.java:1136)
	at java.base/java.util.concurrent.ThreadPoolExecutor$Worker.run(ThreadPoolExecutor.java:635)
	at java.base/java.lang.Thread.run(Thread.java:833)
... Removed 23 stack frames
</div> <!-- stack-trace -->
                </div> <!-- method-content -->
              </div> <!-- method -->
            </div> <!-- main-panel-content rounded-window-bottom -->
          </div> <!-- suite-SmokeSuite-class-failed -->
          <div class="suite-SmokeSuite-class-failed">
            <div class="main-panel-header rounded-window-top">
              <img src="failed.png"/>
              <span class="class-name">smrtRain.advanceConfig.AdvanceConfigTests</span>
            </div> <!-- main-panel-header rounded-window-top -->
            <div class="main-panel-content rounded-window-bottom">
              <div class="method">
                <div class="method-content">
                  <a name="verifySoilTypeDetermineForSandyLoam">
                  </a> <!-- verifySoilTypeDetermineForSandyLoam -->
                  <span class="method-name">verifySoilTypeDetermineForSandyLoam</span>
                  <div class="stack-trace">java.lang.AssertionError: Continue button is not present expected [true] but found [false]
	at smrtRain.advanceConfig.AdvanceConfigMethods.actionButton(AdvanceConfigMethods.java:392)
	at smrtRain.advanceConfig.AdvanceConfigMethods.continueFollowInstructions1stQuestion(AdvanceConfigMethods.java:351)
	at smrtRain.advanceConfig.AdvanceConfigTests.verifySoilTypeDetermineForSandyLoam(AdvanceConfigTests.java:51)
	at java.base/java.util.ArrayList.forEach(ArrayList.java:1511)
	at java.base/java.util.concurrent.FutureTask.run(FutureTask.java:264)
	at java.base/java.util.concurrent.ThreadPoolExecutor.runWorker(ThreadPoolExecutor.java:1136)
	at java.base/java.util.concurrent.ThreadPoolExecutor$Worker.run(ThreadPoolExecutor.java:635)
	at java.base/java.lang.Thread.run(Thread.java:833)
... Removed 21 stack frames
</div> <!-- stack-trace -->
                </div> <!-- method-content -->
              </div> <!-- method -->
            </div> <!-- main-panel-content rounded-window-bottom -->
          </div> <!-- suite-SmokeSuite-class-failed -->
          <div class="suite-SmokeSuite-class-failed">
            <div class="main-panel-header rounded-window-top">
              <img src="failed.png"/>
              <span class="class-name">smrtRain.sites.TwoWireTests</span>
            </div> <!-- main-panel-header rounded-window-top -->
            <div class="main-panel-content rounded-window-bottom">
              <div class="method">
                <div class="method-content">
                  <a name="addZoneWithMaxZoneNumber">
                  </a> <!-- addZoneWithMaxZoneNumber -->
                  <span class="method-name">addZoneWithMaxZoneNumber</span>
                  <div class="stack-trace">java.lang.AssertionError: program is not present expected [true] but found [false]
	at com.lib.TestBase.selectMenuIconInSite(TestBase.java:1211)
	at smrtRain.sites.TwoWireTests.addZoneWithMaxZoneNumber(TwoWireTests.java:61)
	at java.base/java.util.ArrayList.forEach(ArrayList.java:1511)
	at java.base/java.util.concurrent.FutureTask.run(FutureTask.java:264)
	at java.base/java.util.concurrent.ThreadPoolExecutor.runWorker(ThreadPoolExecutor.java:1136)
	at java.base/java.util.concurrent.ThreadPoolExecutor$Worker.run(ThreadPoolExecutor.java:635)
	at java.base/java.lang.Thread.run(Thread.java:833)
... Removed 21 stack frames
</div> <!-- stack-trace -->
                </div> <!-- method-content -->
              </div> <!-- method -->
            </div> <!-- main-panel-content rounded-window-bottom -->
          </div> <!-- suite-SmokeSuite-class-failed -->
          <div class="suite-SmokeSuite-class-failed">
            <div class="main-panel-header rounded-window-top">
              <img src="failed.png"/>
              <span class="class-name">smrtRain.programs.RunProgramTests</span>
            </div> <!-- main-panel-header rounded-window-top -->
            <div class="main-panel-content rounded-window-bottom">
              <div class="method">
                <div class="method-content">
                  <a name="runProgramForFullTime">
                  </a> <!-- runProgramForFullTime -->
                  <span class="method-name">runProgramForFullTime</span>
                  <div class="stack-trace">org.openqa.selenium.TimeoutException: Expected condition failed: waiting for element to no longer be visible: By.xpath: //mat-card[@class=&apos;spinner mat-card&apos;]//mat-spinner (tried for 7 second(s) with 500 milliseconds interval)
	at org.openqa.selenium.support.ui.WebDriverWait.timeoutException(WebDriverWait.java:87)
	at org.openqa.selenium.support.ui.FluentWait.until(FluentWait.java:231)
	at com.lib.TestBase.waitTilldisableOfElement(TestBase.java:176)
	at com.lib.TestBase.selectMenuIconInSite(TestBase.java:1198)
	at smrtRain.programs.RunProgramTests.runProgramForFullTime(RunProgramTests.java:24)
	at java.base/java.util.ArrayList.forEach(ArrayList.java:1511)
	at java.base/java.util.concurrent.FutureTask.run(FutureTask.java:264)
	at java.base/java.util.concurrent.ThreadPoolExecutor.runWorker(ThreadPoolExecutor.java:1136)
	at java.base/java.util.concurrent.ThreadPoolExecutor$Worker.run(ThreadPoolExecutor.java:635)
	at java.base/java.lang.Thread.run(Thread.java:833)
Caused by: org.openqa.selenium.NoSuchWindowException: no such window: target window already closed
from unknown error: web view not found
  (Session info: chrome=107.0.5304.107)
Build info: version: &apos;4.4.0&apos;, revision: &apos;e5c75ed026a&apos;
System info: host: &apos;LAKSHMI&apos;, ip: &apos;192.168.1.7&apos;, os.name: &apos;Windows 11&apos;, os.arch: &apos;amd64&apos;, os.version: &apos;10.0&apos;, java.version: &apos;17.0.2&apos;
Driver info: org.openqa.selenium.chrome.ChromeDriver
Command: [45da0cbad8eef71a1914366e23d74032, findElement {using=xpath, value=//mat-card[@class=&apos;spinner mat-card&apos;]//mat-spinner}]
Capabilities {acceptInsecureCerts: false, browserName: chrome, browserVersion: 107.0.5304.107, chrome: {chromedriverVersion: 107.0.5304.62 (1eec40d3a576..., userDataDir: C:\Users\MSI\AppData\Local\...}, goog:chromeOptions: {debuggerAddress: localhost:54069}, networkConnectionEnabled: false, pageLoadStrategy: normal, platformName: WINDOWS, proxy: Proxy(), se:cdp: ws://localhost:54069/devtoo..., se:cdpVersion: 107.0.5304.107, setWindowRect: true, strictFileInteractability: false, timeouts: {implicit: 0, pageLoad: 300000, script: 30000}, unhandledPromptBehavior: dismiss and notify, webauthn:extension:credBlob: true, webauthn:extension:largeBlob: true, webauthn:virtualAuthenticators: true}
Session ID: 45da0cbad8eef71a1914366e23d74032
	at org.openqa.selenium.remote.codec.w3c.W3CHttpResponseCodec.createException(W3CHttpResponseCodec.java:200)
	at org.openqa.selenium.remote.codec.w3c.W3CHttpResponseCodec.decode(W3CHttpResponseCodec.java:133)
	at org.openqa.selenium.remote.codec.w3c.W3CHttpResponseCodec.decode(W3CHttpResponseCodec.java:53)
	at org.openqa.selenium.remote.HttpCommandExecutor.execute(HttpCommandExecutor.java:184)
	at org.openqa.selenium.remote.service.DriverCommandExecutor.invokeExecute(DriverCommandExecutor.java:167)
	at org.openqa.selenium.remote.service.DriverCommandExecutor.execute(DriverCommandExecutor.java:142)
	at org.openqa.selenium.remote.RemoteWebDriver.execute(RemoteWebDriver.java:547)
	at org.openqa.selenium.remote.ElementLocation$ElementFinder$2.findElement(ElementLocation.java:162)
	at org.openqa.selenium.remote.ElementLocation.findElement(ElementLocation.java:60)
	at org.openqa.selenium.remote.RemoteWebDriver.findElement(RemoteWebDriver.java:365)
	at org.openqa.selenium.remote.RemoteWebDriver.findElement(RemoteWebDriver.java:357)
	at org.openqa.selenium.support.ui.ExpectedConditions$20.apply(ExpectedConditions.java:570)
	at org.openqa.selenium.support.ui.ExpectedConditions$20.apply(ExpectedConditions.java:566)
	at org.openqa.selenium.support.ui.FluentWait.until(FluentWait.java:208)
	... 26 more
... Removed 22 stack frames
</div> <!-- stack-trace -->
                </div> <!-- method-content -->
              </div> <!-- method -->
              <div class="method">
                <div class="method-content">
                  <a name="zonesDetails_StartTiggerFor2Minutes">
                  </a> <!-- zonesDetails_StartTiggerFor2Minutes -->
                  <span class="method-name">zonesDetails_StartTiggerFor2Minutes</span>
                  <div class="stack-trace">org.openqa.selenium.TimeoutException: Expected condition failed: waiting for element to no longer be visible: By.xpath: //mat-card[@class=&apos;spinner mat-card&apos;]//mat-spinner (tried for 7 second(s) with 500 milliseconds interval)
	at org.openqa.selenium.support.ui.WebDriverWait.timeoutException(WebDriverWait.java:87)
	at org.openqa.selenium.support.ui.FluentWait.until(FluentWait.java:231)
	at com.lib.TestBase.waitTilldisableOfElement(TestBase.java:176)
	at com.lib.TestBase.selectMenuIconInSite(TestBase.java:1198)
	at smrtRain.programs.RunProgramTests.zonesDetails_StartTiggerFor2Minutes(RunProgramTests.java:140)
	at java.base/java.util.ArrayList.forEach(ArrayList.java:1511)
	at java.base/java.util.concurrent.FutureTask.run(FutureTask.java:264)
	at java.base/java.util.concurrent.ThreadPoolExecutor.runWorker(ThreadPoolExecutor.java:1136)
	at java.base/java.util.concurrent.ThreadPoolExecutor$Worker.run(ThreadPoolExecutor.java:635)
	at java.base/java.lang.Thread.run(Thread.java:833)
Caused by: org.openqa.selenium.NoSuchWindowException: no such window: target window already closed
from unknown error: web view not found
  (Session info: chrome=107.0.5304.107)
Build info: version: &apos;4.4.0&apos;, revision: &apos;e5c75ed026a&apos;
System info: host: &apos;LAKSHMI&apos;, ip: &apos;192.168.1.7&apos;, os.name: &apos;Windows 11&apos;, os.arch: &apos;amd64&apos;, os.version: &apos;10.0&apos;, java.version: &apos;17.0.2&apos;
Driver info: org.openqa.selenium.chrome.ChromeDriver
Command: [45da0cbad8eef71a1914366e23d74032, findElement {using=xpath, value=//mat-card[@class=&apos;spinner mat-card&apos;]//mat-spinner}]
Capabilities {acceptInsecureCerts: false, browserName: chrome, browserVersion: 107.0.5304.107, chrome: {chromedriverVersion: 107.0.5304.62 (1eec40d3a576..., userDataDir: C:\Users\MSI\AppData\Local\...}, goog:chromeOptions: {debuggerAddress: localhost:54069}, networkConnectionEnabled: false, pageLoadStrategy: normal, platformName: WINDOWS, proxy: Proxy(), se:cdp: ws://localhost:54069/devtoo..., se:cdpVersion: 107.0.5304.107, setWindowRect: true, strictFileInteractability: false, timeouts: {implicit: 0, pageLoad: 300000, script: 30000}, unhandledPromptBehavior: dismiss and notify, webauthn:extension:credBlob: true, webauthn:extension:largeBlob: true, webauthn:virtualAuthenticators: true}
Session ID: 45da0cbad8eef71a1914366e23d74032
	at org.openqa.selenium.remote.codec.w3c.W3CHttpResponseCodec.createException(W3CHttpResponseCodec.java:200)
	at org.openqa.selenium.remote.codec.w3c.W3CHttpResponseCodec.decode(W3CHttpResponseCodec.java:133)
	at org.openqa.selenium.remote.codec.w3c.W3CHttpResponseCodec.decode(W3CHttpResponseCodec.java:53)
	at org.openqa.selenium.remote.HttpCommandExecutor.execute(HttpCommandExecutor.java:184)
	at org.openqa.selenium.remote.service.DriverCommandExecutor.invokeExecute(DriverCommandExecutor.java:167)
	at org.openqa.selenium.remote.service.DriverCommandExecutor.execute(DriverCommandExecutor.java:142)
	at org.openqa.selenium.remote.RemoteWebDriver.execute(RemoteWebDriver.java:547)
	at org.openqa.selenium.remote.ElementLocation$ElementFinder$2.findElement(ElementLocation.java:162)
	at org.openqa.selenium.remote.ElementLocation.findElement(ElementLocation.java:60)
	at org.openqa.selenium.remote.RemoteWebDriver.findElement(RemoteWebDriver.java:365)
	at org.openqa.selenium.remote.RemoteWebDriver.findElement(RemoteWebDriver.java:357)
	at org.openqa.selenium.support.ui.ExpectedConditions$20.apply(ExpectedConditions.java:570)
	at org.openqa.selenium.support.ui.ExpectedConditions$20.apply(ExpectedConditions.java:566)
	at org.openqa.selenium.support.ui.FluentWait.until(FluentWait.java:208)
	... 26 more
... Removed 22 stack frames
</div> <!-- stack-trace -->
                </div> <!-- method-content -->
              </div> <!-- method -->
            </div> <!-- main-panel-content rounded-window-bottom -->
          </div> <!-- suite-SmokeSuite-class-failed -->
          <div class="suite-SmokeSuite-class-failed">
            <div class="main-panel-header rounded-window-top">
              <img src="failed.png"/>
              <span class="class-name">smrtRain.sites.SitesTests</span>
            </div> <!-- main-panel-header rounded-window-top -->
            <div class="main-panel-content rounded-window-bottom">
              <div class="method">
                <div class="method-content">
                  <a name="addZoneWithSprayType">
                  </a> <!-- addZoneWithSprayType -->
                  <span class="method-name">addZoneWithSprayType</span>
                  <div class="stack-trace">java.lang.AssertionError: program is not present expected [true] but found [false]
	at com.lib.TestBase.selectMenuIconInSite(TestBase.java:1211)
	at smrtRain.sites.SitesTests.addZoneWithSprayType(SitesTests.java:105)
	at java.base/java.util.ArrayList.forEach(ArrayList.java:1511)
	at java.base/java.util.concurrent.FutureTask.run(FutureTask.java:264)
	at java.base/java.util.concurrent.ThreadPoolExecutor.runWorker(ThreadPoolExecutor.java:1136)
	at java.base/java.util.concurrent.ThreadPoolExecutor$Worker.run(ThreadPoolExecutor.java:635)
	at java.base/java.lang.Thread.run(Thread.java:833)
... Removed 21 stack frames
</div> <!-- stack-trace -->
                </div> <!-- method-content -->
              </div> <!-- method -->
              <div class="method">
                <div class="method-content">
                  <a name="addZonesToSite">
                  </a> <!-- addZonesToSite -->
                  <span class="method-name">addZonesToSite</span>
                  <div class="stack-trace">java.lang.AssertionError: GREEFIELDS 342 is not present expected [true] but found [false]
	at com.lib.TestBase.searchAndSelectExistingSite(TestBase.java:1285)
	at smrtRain.sites.SitesTests.addZonesToSite(SitesTests.java:82)
	at java.base/java.util.ArrayList.forEach(ArrayList.java:1511)
	at java.base/java.util.concurrent.FutureTask.run(FutureTask.java:264)
	at java.base/java.util.concurrent.ThreadPoolExecutor.runWorker(ThreadPoolExecutor.java:1136)
	at java.base/java.util.concurrent.ThreadPoolExecutor$Worker.run(ThreadPoolExecutor.java:635)
	at java.base/java.lang.Thread.run(Thread.java:833)
... Removed 21 stack frames
</div> <!-- stack-trace -->
                </div> <!-- method-content -->
              </div> <!-- method -->
              <div class="method">
                <div class="method-content">
                  <a name="validateNewSiteFields">
                  </a> <!-- validateNewSiteFields -->
                  <span class="method-name">validateNewSiteFields</span>
                  <div class="stack-trace">java.lang.AssertionError: The following asserts failed:
	expected [Site Name is required.] but found [null]
	at smrtRain.sites.SiteMethods.verifyMandatoryFields(SiteMethods.java:85)
	at smrtRain.sites.SitesTests.validateNewSiteFields(SitesTests.java:20)
	at java.base/java.util.ArrayList.forEach(ArrayList.java:1511)
	at java.base/java.util.concurrent.FutureTask.run(FutureTask.java:264)
	at java.base/java.util.concurrent.ThreadPoolExecutor.runWorker(ThreadPoolExecutor.java:1136)
	at java.base/java.util.concurrent.ThreadPoolExecutor$Worker.run(ThreadPoolExecutor.java:635)
	at java.base/java.lang.Thread.run(Thread.java:833)
... Removed 20 stack frames
</div> <!-- stack-trace -->
                </div> <!-- method-content -->
              </div> <!-- method -->
            </div> <!-- main-panel-content rounded-window-bottom -->
          </div> <!-- suite-SmokeSuite-class-failed -->
          <div class="suite-SmokeSuite-class-failed">
            <div class="main-panel-header rounded-window-top">
              <img src="failed.png"/>
              <span class="class-name">smrtRain.activityLogs.ActivityLogsTest</span>
            </div> <!-- main-panel-header rounded-window-top -->
            <div class="main-panel-content rounded-window-bottom">
              <div class="method">
                <div class="method-content">
                  <a name="log_HandlePackets">
                  </a> <!-- log_HandlePackets -->
                  <span class="method-name">log_HandlePackets</span>
                  <div class="stack-trace">org.openqa.selenium.TimeoutException: Expected condition failed: waiting for element to no longer be visible: By.xpath: //mat-card[@class=&apos;spinner mat-card&apos;]//mat-spinner (tried for 4 second(s) with 500 milliseconds interval)
	at org.openqa.selenium.support.ui.WebDriverWait.timeoutException(WebDriverWait.java:87)
	at org.openqa.selenium.support.ui.FluentWait.until(FluentWait.java:231)
	at com.lib.TestBase.waitTilldisableOfElement(TestBase.java:176)
	at smrtRain.activityLogs.ActivityMethods.categoryOption(ActivityMethods.java:177)
	at smrtRain.activityLogs.ActivityLogsTest.log_HandlePackets(ActivityLogsTest.java:107)
	at java.base/java.util.ArrayList.forEach(ArrayList.java:1511)
	at java.base/java.util.concurrent.FutureTask.run(FutureTask.java:264)
	at java.base/java.util.concurrent.ThreadPoolExecutor.runWorker(ThreadPoolExecutor.java:1136)
	at java.base/java.util.concurrent.ThreadPoolExecutor$Worker.run(ThreadPoolExecutor.java:635)
	at java.base/java.lang.Thread.run(Thread.java:833)
Caused by: org.openqa.selenium.NoSuchWindowException: no such window: target window already closed
from unknown error: web view not found
  (Session info: chrome=107.0.5304.107)
Build info: version: &apos;4.4.0&apos;, revision: &apos;e5c75ed026a&apos;
System info: host: &apos;LAKSHMI&apos;, ip: &apos;192.168.1.7&apos;, os.name: &apos;Windows 11&apos;, os.arch: &apos;amd64&apos;, os.version: &apos;10.0&apos;, java.version: &apos;17.0.2&apos;
Driver info: org.openqa.selenium.chrome.ChromeDriver
Command: [45da0cbad8eef71a1914366e23d74032, findElement {using=xpath, value=//mat-card[@class=&apos;spinner mat-card&apos;]//mat-spinner}]
Capabilities {acceptInsecureCerts: false, browserName: chrome, browserVersion: 107.0.5304.107, chrome: {chromedriverVersion: 107.0.5304.62 (1eec40d3a576..., userDataDir: C:\Users\MSI\AppData\Local\...}, goog:chromeOptions: {debuggerAddress: localhost:54069}, networkConnectionEnabled: false, pageLoadStrategy: normal, platformName: WINDOWS, proxy: Proxy(), se:cdp: ws://localhost:54069/devtoo..., se:cdpVersion: 107.0.5304.107, setWindowRect: true, strictFileInteractability: false, timeouts: {implicit: 0, pageLoad: 300000, script: 30000}, unhandledPromptBehavior: dismiss and notify, webauthn:extension:credBlob: true, webauthn:extension:largeBlob: true, webauthn:virtualAuthenticators: true}
Session ID: 45da0cbad8eef71a1914366e23d74032
	at org.openqa.selenium.remote.codec.w3c.W3CHttpResponseCodec.createException(W3CHttpResponseCodec.java:200)
	at org.openqa.selenium.remote.codec.w3c.W3CHttpResponseCodec.decode(W3CHttpResponseCodec.java:133)
	at org.openqa.selenium.remote.codec.w3c.W3CHttpResponseCodec.decode(W3CHttpResponseCodec.java:53)
	at org.openqa.selenium.remote.HttpCommandExecutor.execute(HttpCommandExecutor.java:184)
	at org.openqa.selenium.remote.service.DriverCommandExecutor.invokeExecute(DriverCommandExecutor.java:167)
	at org.openqa.selenium.remote.service.DriverCommandExecutor.execute(DriverCommandExecutor.java:142)
	at org.openqa.selenium.remote.RemoteWebDriver.execute(RemoteWebDriver.java:547)
	at org.openqa.selenium.remote.ElementLocation$ElementFinder$2.findElement(ElementLocation.java:162)
	at org.openqa.selenium.remote.ElementLocation.findElement(ElementLocation.java:60)
	at org.openqa.selenium.remote.RemoteWebDriver.findElement(RemoteWebDriver.java:365)
	at org.openqa.selenium.remote.RemoteWebDriver.findElement(RemoteWebDriver.java:357)
	at org.openqa.selenium.support.ui.ExpectedConditions$20.apply(ExpectedConditions.java:570)
	at org.openqa.selenium.support.ui.ExpectedConditions$20.apply(ExpectedConditions.java:566)
	at org.openqa.selenium.support.ui.FluentWait.until(FluentWait.java:208)
	... 26 more
... Removed 22 stack frames
</div> <!-- stack-trace -->
                </div> <!-- method-content -->
              </div> <!-- method -->
              <div class="method">
                <div class="method-content">
                  <a name="log_SearchByCatgeory">
                  </a> <!-- log_SearchByCatgeory -->
                  <span class="method-name">log_SearchByCatgeory</span>
                  <div class="stack-trace">org.openqa.selenium.NoSuchWindowException: no such window: target window already closed
from unknown error: web view not found
  (Session info: chrome=107.0.5304.107)
Build info: version: &apos;4.4.0&apos;, revision: &apos;e5c75ed026a&apos;
System info: host: &apos;LAKSHMI&apos;, ip: &apos;192.168.1.7&apos;, os.name: &apos;Windows 11&apos;, os.arch: &apos;amd64&apos;, os.version: &apos;10.0&apos;, java.version: &apos;17.0.2&apos;
Driver info: org.openqa.selenium.chrome.ChromeDriver
Command: [45da0cbad8eef71a1914366e23d74032, findElements {using=xpath, value=//mat-sidenav//mat-nav-list/a/span}]
Capabilities {acceptInsecureCerts: false, browserName: chrome, browserVersion: 107.0.5304.107, chrome: {chromedriverVersion: 107.0.5304.62 (1eec40d3a576..., userDataDir: C:\Users\MSI\AppData\Local\...}, goog:chromeOptions: {debuggerAddress: localhost:54069}, networkConnectionEnabled: false, pageLoadStrategy: normal, platformName: WINDOWS, proxy: Proxy(), se:cdp: ws://localhost:54069/devtoo..., se:cdpVersion: 107.0.5304.107, setWindowRect: true, strictFileInteractability: false, timeouts: {implicit: 0, pageLoad: 300000, script: 30000}, unhandledPromptBehavior: dismiss and notify, webauthn:extension:credBlob: true, webauthn:extension:largeBlob: true, webauthn:virtualAuthenticators: true}
Session ID: 45da0cbad8eef71a1914366e23d74032
	at org.openqa.selenium.remote.codec.w3c.W3CHttpResponseCodec.createException(W3CHttpResponseCodec.java:200)
	at org.openqa.selenium.remote.codec.w3c.W3CHttpResponseCodec.decode(W3CHttpResponseCodec.java:133)
	at org.openqa.selenium.remote.codec.w3c.W3CHttpResponseCodec.decode(W3CHttpResponseCodec.java:53)
	at org.openqa.selenium.remote.HttpCommandExecutor.execute(HttpCommandExecutor.java:184)
	at org.openqa.selenium.remote.service.DriverCommandExecutor.invokeExecute(DriverCommandExecutor.java:167)
	at org.openqa.selenium.remote.service.DriverCommandExecutor.execute(DriverCommandExecutor.java:142)
	at org.openqa.selenium.remote.RemoteWebDriver.execute(RemoteWebDriver.java:547)
	at org.openqa.selenium.remote.ElementLocation$ElementFinder$2.findElements(ElementLocation.java:179)
	at org.openqa.selenium.remote.ElementLocation.findElements(ElementLocation.java:102)
	at org.openqa.selenium.remote.RemoteWebDriver.findElements(RemoteWebDriver.java:380)
	at org.openqa.selenium.remote.RemoteWebDriver.findElements(RemoteWebDriver.java:372)
	at com.lib.TestBase.navigateToModule(TestBase.java:1180)
	at smrtRain.activityLogs.ActivityLogsTest.log_SearchByCatgeory(ActivityLogsTest.java:73)
	at java.base/java.util.ArrayList.forEach(ArrayList.java:1511)
	at java.base/java.util.concurrent.FutureTask.run(FutureTask.java:264)
	at java.base/java.util.concurrent.ThreadPoolExecutor.runWorker(ThreadPoolExecutor.java:1136)
	at java.base/java.util.concurrent.ThreadPoolExecutor$Worker.run(ThreadPoolExecutor.java:635)
	at java.base/java.lang.Thread.run(Thread.java:833)
... Removed 22 stack frames
</div> <!-- stack-trace -->
                </div> <!-- method-content -->
              </div> <!-- method -->
            </div> <!-- main-panel-content rounded-window-bottom -->
          </div> <!-- suite-SmokeSuite-class-failed -->
          <div class="suite-SmokeSuite-class-passed">
            <div class="main-panel-header rounded-window-top">
              <img src="passed.png"/>
              <span class="class-name">smrtRain.home.GeneralTests</span>
            </div> <!-- main-panel-header rounded-window-top -->
            <div class="main-panel-content rounded-window-bottom">
              <div class="method">
                <div class="method-content">
                  <a name="loginWithValidCredentials">
                  </a> <!-- loginWithValidCredentials -->
                  <span class="method-name">loginWithValidCredentials</span>
                </div> <!-- method-content -->
              </div> <!-- method -->
            </div> <!-- main-panel-content rounded-window-bottom -->
          </div> <!-- suite-SmokeSuite-class-passed -->
          <div class="suite-SmokeSuite-class-passed">
            <div class="main-panel-header rounded-window-top">
              <img src="passed.png"/>
              <span class="class-name">smrtRain.sites.TwoWireTests</span>
            </div> <!-- main-panel-header rounded-window-top -->
            <div class="main-panel-content rounded-window-bottom">
              <div class="method">
                <div class="method-content">
                  <a name="createTwoWireNewSite">
                  </a> <!-- createTwoWireNewSite -->
                  <span class="method-name">createTwoWireNewSite</span>
                </div> <!-- method-content -->
              </div> <!-- method -->
              <div class="method">
                <div class="method-content">
                  <a name="validateControllerTypes">
                  </a> <!-- validateControllerTypes -->
                  <span class="method-name">validateControllerTypes</span>
                </div> <!-- method-content -->
              </div> <!-- method -->
            </div> <!-- main-panel-content rounded-window-bottom -->
          </div> <!-- suite-SmokeSuite-class-passed -->
          <div class="suite-SmokeSuite-class-passed">
            <div class="main-panel-header rounded-window-top">
              <img src="passed.png"/>
              <span class="class-name">smrtRain.sites.SitesTests</span>
            </div> <!-- main-panel-header rounded-window-top -->
            <div class="main-panel-content rounded-window-bottom">
              <div class="method">
                <div class="method-content">
                  <a name="verifyCitiesOfStateAlaska">
                  </a> <!-- verifyCitiesOfStateAlaska -->
                  <span class="method-name">verifyCitiesOfStateAlaska</span>
                </div> <!-- method-content -->
              </div> <!-- method -->
            </div> <!-- main-panel-content rounded-window-bottom -->
          </div> <!-- suite-SmokeSuite-class-passed -->
        </div> <!-- panel SmokeSuite -->
        <div panel-name="test-xml-SmokeSuite" class="panel">
          <div class="main-panel-header rounded-window-top">
            <span class="header-content">D:\Automation\smrt-automation\SRSmoke_01.xml</span>
          </div> <!-- main-panel-header rounded-window-top -->
          <div class="main-panel-content rounded-window-bottom">
            <pre>
&lt;?xml version=&quot;1.0&quot; encoding=&quot;UTF-8&quot;?&gt;
&lt;!DOCTYPE suite SYSTEM &quot;https://testng.org/testng-1.0.dtd&quot;&gt;
&lt;suite parallel=&quot;tests&quot; name=&quot;SmokeSuite&quot; guice-stage=&quot;DEVELOPMENT&quot;&gt;
  &lt;parameter name=&quot;browser&quot; value=&quot;chrome&quot;/&gt;
  &lt;parameter name=&quot;appUrl&quot; value=&quot;https://uat.smartrain.net/&quot;/&gt;
  &lt;listeners&gt;
    &lt;listener class-name=&quot;com.lib.ExtentReportNG&quot;/&gt;
    &lt;listener class-name=&quot;com.lib.TestNGCustomReportListener&quot;/&gt;
    &lt;listener class-name=&quot;com.lib.RetryListener&quot;/&gt;
  &lt;/listeners&gt;
  &lt;test thread-count=&quot;5&quot; parallel=&quot;tests&quot; name=&quot;SmartRain Smoke&quot;&gt;
    &lt;parameter name=&quot;browser&quot; value=&quot;chrome&quot;/&gt;
    &lt;parameter name=&quot;appUrl&quot; value=&quot;https://stage.smartrain.net/&quot;/&gt;
    &lt;classes&gt;
      &lt;class name=&quot;com.lib.BrowserIntializer&quot;/&gt;
      &lt;class name=&quot;smrtRain.home.GeneralTests&quot;&gt;
        &lt;methods&gt;
          &lt;include name=&quot;loginWithValidCredentials&quot;/&gt;
        &lt;/methods&gt;
      &lt;/class&gt; &lt;!-- smrtRain.home.GeneralTests --&gt;
      &lt;class name=&quot;smrtRain.sites.SitesTests&quot;&gt;
        &lt;methods&gt;
          &lt;include name=&quot;addZonesToSite&quot;/&gt;
          &lt;include name=&quot;addZoneWithSprayType&quot;/&gt;
          &lt;include name=&quot;verifyCitiesOfStateAlaska&quot;/&gt;
          &lt;include name=&quot;validateNewSiteFields&quot;/&gt;
        &lt;/methods&gt;
      &lt;/class&gt; &lt;!-- smrtRain.sites.SitesTests --&gt;
      &lt;class name=&quot;smrtRain.sites.TwoWireTests&quot;&gt;
        &lt;methods&gt;
          &lt;include name=&quot;validateControllerTypes&quot;/&gt;
          &lt;include name=&quot;createTwoWireNewSite&quot;/&gt;
          &lt;include name=&quot;addZoneWithMaxZoneNumber&quot;/&gt;
        &lt;/methods&gt;
      &lt;/class&gt; &lt;!-- smrtRain.sites.TwoWireTests --&gt;
      &lt;class name=&quot;smrtRain.advanceConfig.AdvanceConfigTests&quot;&gt;
        &lt;methods&gt;
          &lt;include name=&quot;advanceConfigLabelValidate&quot;/&gt;
          &lt;include name=&quot;verifySoilTypeDetermineForSandyLoam&quot;/&gt;
        &lt;/methods&gt;
      &lt;/class&gt; &lt;!-- smrtRain.advanceConfig.AdvanceConfigTests --&gt;
      &lt;class name=&quot;smrtRain.programs.ProgramTests&quot;&gt;
        &lt;methods&gt;
          &lt;include name=&quot;addNewRegularWateringProgram&quot;/&gt;
          &lt;include name=&quot;addSmrtWateringProgram&quot;/&gt;
          &lt;include name=&quot;validateProgramWithSameConfig&quot;/&gt;
          &lt;include name=&quot;updateExistingProgram&quot;/&gt;
          &lt;include name=&quot;deleteExistingProgram&quot;/&gt;
        &lt;/methods&gt;
      &lt;/class&gt; &lt;!-- smrtRain.programs.ProgramTests --&gt;
      &lt;class name=&quot;smrtRain.programs.SmartETTests&quot;&gt;
        &lt;methods&gt;
          &lt;include name=&quot;smartET_CreateNormalProgram&quot;/&gt;
          &lt;include name=&quot;smartET_verifyDefaultETValues&quot;/&gt;
          &lt;include name=&quot;smartET_CycleSoak&quot;/&gt;
          &lt;include name=&quot;smartET_SmartStack&quot;/&gt;
        &lt;/methods&gt;
      &lt;/class&gt; &lt;!-- smrtRain.programs.SmartETTests --&gt;
      &lt;class name=&quot;smrtRain.programs.RunProgramTests&quot;&gt;
        &lt;methods&gt;
          &lt;include name=&quot;runProgramForFullTime&quot;/&gt;
          &lt;include name=&quot;zonesDetails_StartTiggerFor2Minutes&quot;/&gt;
        &lt;/methods&gt;
      &lt;/class&gt; &lt;!-- smrtRain.programs.RunProgramTests --&gt;
      &lt;class name=&quot;smrtRain.activityLogs.ActivityLogsTest&quot;&gt;
        &lt;methods&gt;
          &lt;include name=&quot;log_SearchByCatgeory&quot;/&gt;
          &lt;include name=&quot;log_HandlePackets&quot;/&gt;
        &lt;/methods&gt;
      &lt;/class&gt; &lt;!-- smrtRain.activityLogs.ActivityLogsTest --&gt;
    &lt;/classes&gt;
  &lt;/test&gt; &lt;!-- SmartRain Smoke --&gt;
&lt;/suite&gt; &lt;!-- SmokeSuite --&gt;
            </pre>
          </div> <!-- main-panel-content rounded-window-bottom -->
        </div> <!-- panel -->
        <div panel-name="testlist-SmokeSuite" class="panel">
          <div class="main-panel-header rounded-window-top">
            <span class="header-content">Tests for SmokeSuite</span>
          </div> <!-- main-panel-header rounded-window-top -->
          <div class="main-panel-content rounded-window-bottom">
            <ul>
              <li>
                <span class="test-name">SmartRain Smoke (9 classes)</span>
              </li>
            </ul>
          </div> <!-- main-panel-content rounded-window-bottom -->
        </div> <!-- panel -->
        <div panel-name="group-SmokeSuite" class="panel">
          <div class="main-panel-header rounded-window-top">
            <span class="header-content">Groups for SmokeSuite</span>
          </div> <!-- main-panel-header rounded-window-top -->
          <div class="main-panel-content rounded-window-bottom">
          </div> <!-- main-panel-content rounded-window-bottom -->
        </div> <!-- panel -->
        <div panel-name="times-SmokeSuite" class="panel">
          <div class="main-panel-header rounded-window-top">
            <span class="header-content">Times for SmokeSuite</span>
          </div> <!-- main-panel-header rounded-window-top -->
          <div class="main-panel-content rounded-window-bottom">
            <div class="times-div">
              <script type="text/javascript">
suiteTableInitFunctions.push('tableData_SmokeSuite');
function tableData_SmokeSuite() {
var data = new google.visualization.DataTable();
data.addColumn('number', 'Number');
data.addColumn('string', 'Method');
data.addColumn('string', 'Class');
data.addColumn('number', 'Time (ms)');
data.addRows(21);
data.setCell(0, 0, 0)
data.setCell(0, 1, 'createTwoWireNewSite')
data.setCell(0, 2, 'smrtRain.sites.TwoWireTests')
data.setCell(0, 3, 108974);
data.setCell(1, 0, 1)
data.setCell(1, 1, 'addZoneWithMaxZoneNumber')
data.setCell(1, 2, 'smrtRain.sites.TwoWireTests')
data.setCell(1, 3, 60569);
data.setCell(2, 0, 2)
data.setCell(2, 1, 'verifyCitiesOfStateAlaska')
data.setCell(2, 2, 'smrtRain.sites.SitesTests')
data.setCell(2, 3, 56845);
data.setCell(3, 0, 3)
data.setCell(3, 1, 'addZonesToSite')
data.setCell(3, 2, 'smrtRain.sites.SitesTests')
data.setCell(3, 3, 48372);
data.setCell(4, 0, 4)
data.setCell(4, 1, 'verifySoilTypeDetermineForSandyLoam')
data.setCell(4, 2, 'smrtRain.advanceConfig.AdvanceConfigTests')
data.setCell(4, 3, 41856);
data.setCell(5, 0, 5)
data.setCell(5, 1, 'validateControllerTypes')
data.setCell(5, 2, 'smrtRain.sites.TwoWireTests')
data.setCell(5, 3, 38083);
data.setCell(6, 0, 6)
data.setCell(6, 1, 'validateNewSiteFields')
data.setCell(6, 2, 'smrtRain.sites.SitesTests')
data.setCell(6, 3, 32604);
data.setCell(7, 0, 7)
data.setCell(7, 1, 'log_SearchByCatgeory')
data.setCell(7, 2, 'smrtRain.activityLogs.ActivityLogsTest')
data.setCell(7, 3, 30192);
data.setCell(8, 0, 8)
data.setCell(8, 1, 'loginWithValidCredentials')
data.setCell(8, 2, 'smrtRain.home.GeneralTests')
data.setCell(8, 3, 20839);
data.setCell(9, 0, 9)
data.setCell(9, 1, 'smartET_CreateNormalProgram')
data.setCell(9, 2, 'smrtRain.programs.SmartETTests')
data.setCell(9, 3, 20104);
data.setCell(10, 0, 10)
data.setCell(10, 1, 'addNewRegularWateringProgram')
data.setCell(10, 2, 'smrtRain.programs.ProgramTests')
data.setCell(10, 3, 17410);
data.setCell(11, 0, 11)
data.setCell(11, 1, 'runProgramForFullTime')
data.setCell(11, 2, 'smrtRain.programs.RunProgramTests')
data.setCell(11, 3, 17167);
data.setCell(12, 0, 12)
data.setCell(12, 1, 'validateProgramWithSameConfig')
data.setCell(12, 2, 'smrtRain.programs.ProgramTests')
data.setCell(12, 3, 13426);
data.setCell(13, 0, 13)
data.setCell(13, 1, 'smartET_verifyDefaultETValues')
data.setCell(13, 2, 'smrtRain.programs.SmartETTests')
data.setCell(13, 3, 10473);
data.setCell(14, 0, 14)
data.setCell(14, 1, 'addSmrtWateringProgram')
data.setCell(14, 2, 'smrtRain.programs.ProgramTests')
data.setCell(14, 3, 10414);
data.setCell(15, 0, 15)
data.setCell(15, 1, 'addZoneWithSprayType')
data.setCell(15, 2, 'smrtRain.sites.SitesTests')
data.setCell(15, 3, 10114);
data.setCell(16, 0, 16)
data.setCell(16, 1, 'updateExistingProgram')
data.setCell(16, 2, 'smrtRain.programs.ProgramTests')
data.setCell(16, 3, 10060);
data.setCell(17, 0, 17)
data.setCell(17, 1, 'smartET_SmartStack')
data.setCell(17, 2, 'smrtRain.programs.SmartETTests')
data.setCell(17, 3, 7190);
data.setCell(18, 0, 18)
data.setCell(18, 1, 'smartET_CycleSoak')
data.setCell(18, 2, 'smrtRain.programs.SmartETTests')
data.setCell(18, 3, 7158);
data.setCell(19, 0, 19)
data.setCell(19, 1, 'zonesDetails_StartTiggerFor2Minutes')
data.setCell(19, 2, 'smrtRain.programs.RunProgramTests')
data.setCell(19, 3, 7153);
data.setCell(20, 0, 20)
data.setCell(20, 1, 'log_HandlePackets')
data.setCell(20, 2, 'smrtRain.activityLogs.ActivityLogsTest')
data.setCell(20, 3, 4083);
window.suiteTableData['SmokeSuite']= { tableData: data, tableDiv: 'times-div-SmokeSuite'}
return data;
}
              </script>
              <span class="suite-total-time">Total running time: 10 minutes</span>
              <div id="times-div-SmokeSuite">
              </div> <!-- times-div-SmokeSuite -->
            </div> <!-- times-div -->
          </div> <!-- main-panel-content rounded-window-bottom -->
        </div> <!-- panel -->
        <div panel-name="reporter-SmokeSuite" class="panel">
          <div class="main-panel-header rounded-window-top">
            <span class="header-content">Reporter output for SmokeSuite</span>
          </div> <!-- main-panel-header rounded-window-top -->
          <div class="main-panel-content rounded-window-bottom">
          </div> <!-- main-panel-content rounded-window-bottom -->
        </div> <!-- panel -->
        <div panel-name="ignored-methods-SmokeSuite" class="panel">
          <div class="main-panel-header rounded-window-top">
            <span class="header-content">70 ignored methods</span>
          </div> <!-- main-panel-header rounded-window-top -->
          <div class="main-panel-content rounded-window-bottom">
            <div class="ignored-class-div">
              <span class="ignored-class-name">smrtRain.programs.ProgramTests</span>
              <div class="ignored-methods-div">
                <span class="ignored-method-name">verifyAddedZonesInLogs</span>
                <br/>
                <span class="ignored-method-name">deleteZones</span>
                <br/>
                <span class="ignored-method-name">programOverlapStartOrEndTimes</span>
                <br/>
                <span class="ignored-method-name">program_ValidateWarningMessages</span>
                <br/>
                <span class="ignored-method-name">openBrowser</span>
                <br/>
                <span class="ignored-method-name">program_ValidateSeasonalAdjustment</span>
                <br/>
                <span class="ignored-method-name">deleteAllPrograms</span>
                <br/>
              </div> <!-- ignored-methods-div -->
            </div> <!-- ignored-class-div -->
            <div class="ignored-class-div">
              <span class="ignored-class-name">smrtRain.programs.SmartETTests</span>
              <div class="ignored-methods-div">
                <span class="ignored-method-name">smartStackWithMultipleRunTimes</span>
                <br/>
                <span class="ignored-method-name">deleteZoneWhichAssignedToProgram</span>
                <br/>
                <span class="ignored-method-name">stack_UpdateProgramByAddingZones</span>
                <br/>
                <span class="ignored-method-name">smartET_MultiRunTimes</span>
                <br/>
                <span class="ignored-method-name">smartET_DoNotListInRunProgram</span>
                <br/>
                <span class="ignored-method-name">smartET_ProgamOff</span>
                <br/>
                <span class="ignored-method-name">stack_ValidateOverTheMaxFlow</span>
                <br/>
                <span class="ignored-method-name">smartET_ValidateIAandIAM</span>
                <br/>
                <span class="ignored-method-name">smartET_GWLandMADBasedOnFC</span>
                <br/>
                <span class="ignored-method-name">smartET_RainOverRide</span>
                <br/>
                <span class="ignored-method-name">smartET_SmartStackWithCycleSoak</span>
                <br/>
                <span class="ignored-method-name">smartET_BucketValue</span>
                <br/>
                <span class="ignored-method-name">smartEt_IncrmentOrDecrement</span>
                <br/>
                <span class="ignored-method-name">openBrowser</span>
                <br/>
                <span class="ignored-method-name">stack_ManualStackOn</span>
                <br/>
              </div> <!-- ignored-methods-div -->
            </div> <!-- ignored-class-div -->
            <div class="ignored-class-div">
              <span class="ignored-class-name">smrtRain.home.GeneralTests</span>
              <div class="ignored-methods-div">
                <span class="ignored-method-name">moneySavedDetails</span>
                <br/>
                <span class="ignored-method-name">waterSavedDetails</span>
                <br/>
                <span class="ignored-method-name">openBrowser</span>
                <br/>
                <span class="ignored-method-name">verifyAllTabs</span>
                <br/>
                <span class="ignored-method-name">verifyDaysButtons</span>
                <br/>
              </div> <!-- ignored-methods-div -->
            </div> <!-- ignored-class-div -->
            <div class="ignored-class-div">
              <span class="ignored-class-name">smrtRain.advanceConfig.AdvanceConfigTests</span>
              <div class="ignored-methods-div">
                <span class="ignored-method-name">advConfigSkipRunTimeAdjustment</span>
                <br/>
                <span class="ignored-method-name">verifySoilTypeDetermineForSandyClay</span>
                <br/>
                <span class="ignored-method-name">advConfigSkipEffAdjustment</span>
                <br/>
                <span class="ignored-method-name">advConfigLoamDripRect</span>
                <br/>
                <span class="ignored-method-name">verifySoilTypeDetermineForSiltyClay</span>
                <br/>
                <span class="ignored-method-name">verifySoilTypeDetermineForSandyClayLoam</span>
                <br/>
                <span class="ignored-method-name">verifySoilTypeDetermineForClay</span>
                <br/>
                <span class="ignored-method-name">verifySoilTypeDetermineForSand</span>
                <br/>
                <span class="ignored-method-name">advConfigSandRotorRect</span>
                <br/>
                <span class="ignored-method-name">advConfigSandDripRect</span>
                <br/>
                <span class="ignored-method-name">verifySoilTypeDetermineForLoam</span>
                <br/>
                <span class="ignored-method-name">verifySoilTypeDetermineForClayLoam</span>
                <br/>
                <span class="ignored-method-name">advConfigSoilClayRotorRect</span>
                <br/>
                <span class="ignored-method-name">openBrowser</span>
                <br/>
                <span class="ignored-method-name">verifySoilTypeDetermineForSiltyClayLoam</span>
                <br/>
                <span class="ignored-method-name">advConfigClaySprayRect</span>
                <br/>
                <span class="ignored-method-name">validateAdvanceConfigLabels</span>
                <br/>
                <span class="ignored-method-name">verifySoilTypeDetermineForSiltLoam</span>
                <br/>
                <span class="ignored-method-name">verifySoilTypeSandRepeatedCycle</span>
                <br/>
              </div> <!-- ignored-methods-div -->
            </div> <!-- ignored-class-div -->
            <div class="ignored-class-div">
              <span class="ignored-class-name">smrtRain.sites.TwoWireTests</span>
              <div class="ignored-methods-div">
                <span class="ignored-method-name">addDripZoneWithMaxNumber</span>
                <br/>
                <span class="ignored-method-name">openBrowser</span>
                <br/>
                <span class="ignored-method-name">addZoneinActiveTwoWireSite</span>
                <br/>
              </div> <!-- ignored-methods-div -->
            </div> <!-- ignored-class-div -->
            <div class="ignored-class-div">
              <span class="ignored-class-name">smrtRain.programs.RunProgramTests</span>
              <div class="ignored-methods-div">
                <span class="ignored-method-name">runSelectedZonesFor2Minutes</span>
                <br/>
                <span class="ignored-method-name">openBrowser</span>
                <br/>
                <span class="ignored-method-name">runProgramForOtherConfiguredMinutes</span>
                <br/>
                <span class="ignored-method-name">runProgram_ValidateAlertsOfOthers</span>
                <br/>
                <span class="ignored-method-name">runZonesFor1Minute</span>
                <br/>
              </div> <!-- ignored-methods-div -->
            </div> <!-- ignored-class-div -->
            <div class="ignored-class-div">
              <span class="ignored-class-name">smrtRain.activityLogs.ActivityLogsTest</span>
              <div class="ignored-methods-div">
                <span class="ignored-method-name">log_validateSiteHomeGrid</span>
                <br/>
                <span class="ignored-method-name">log_WildCardSearch</span>
                <br/>
                <span class="ignored-method-name">log_CreateSiteForLogs</span>
                <br/>
                <span class="ignored-method-name">log_HandleDashBoardLogs</span>
                <br/>
                <span class="ignored-method-name">openBrowser</span>
                <br/>
                <span class="ignored-method-name">log_ValidateLabels</span>
                <br/>
                <span class="ignored-method-name">log_SiteCreated</span>
                <br/>
              </div> <!-- ignored-methods-div -->
            </div> <!-- ignored-class-div -->
            <div class="ignored-class-div">
              <span class="ignored-class-name">smrtRain.sites.SitesTests</span>
              <div class="ignored-methods-div">
                <span class="ignored-method-name">verifyCitiesOfStateArizona</span>
                <br/>
                <span class="ignored-method-name">validateAddressFields</span>
                <br/>
                <span class="ignored-method-name">deleteExistingZone</span>
                <br/>
                <span class="ignored-method-name">validateTimeZones</span>
                <br/>
                <span class="ignored-method-name">createNewSite</span>
                <br/>
                <span class="ignored-method-name">addZoneWithDripType</span>
                <br/>
                <span class="ignored-method-name">openBrowser</span>
                <br/>
                <span class="ignored-method-name">addZoneWithoutIrrigationType</span>
                <br/>
                <span class="ignored-method-name">validateCountryStateCity</span>
                <br/>
              </div> <!-- ignored-methods-div -->
            </div> <!-- ignored-class-div -->
          </div> <!-- main-panel-content rounded-window-bottom -->
        </div> <!-- panel -->
        <div panel-name="chronological-SmokeSuite" class="panel">
          <div class="main-panel-header rounded-window-top">
            <span class="header-content">Methods in chronological order</span>
          </div> <!-- main-panel-header rounded-window-top -->
          <div class="main-panel-content rounded-window-bottom">
            <div class="chronological-class">
              <div class="chronological-class-name">com.lib.BrowserIntializer</div> <!-- chronological-class-name -->
              <div class="configuration-test before">
                <span class="method-name">openBrowser(chrome, https://stage.smartrain.net/)</span>
                <span class="method-start">0 ms</span>
              </div> <!-- configuration-test before -->
            </div> <!-- chronological-class -->
            <div class="chronological-class">
              <div class="chronological-class-name">smrtRain.home.GeneralTests</div> <!-- chronological-class-name -->
              <div class="test-method">
                <span class="method-name">loginWithValidCredentials</span>
                <span class="method-start">32801 ms</span>
              </div> <!-- test-method -->
            </div> <!-- chronological-class -->
            <div class="chronological-class">
              <div class="chronological-class-name">smrtRain.sites.SitesTests</div> <!-- chronological-class-name -->
              <div class="test-method">
                <img src="failed.png">
                </img>
                <span class="method-name">validateNewSiteFields</span>
                <span class="method-start">53642 ms</span>
              </div> <!-- test-method -->
              <div class="test-method">
                <img src="failed.png">
                </img>
                <span class="method-name">addZonesToSite</span>
                <span class="method-start">86250 ms</span>
              </div> <!-- test-method -->
              <div class="test-method">
                <img src="failed.png">
                </img>
                <span class="method-name">addZoneWithSprayType</span>
                <span class="method-start">134622 ms</span>
              </div> <!-- test-method -->
              <div class="test-method">
                <span class="method-name">verifyCitiesOfStateAlaska</span>
                <span class="method-start">144736 ms</span>
              </div> <!-- test-method -->
            </div> <!-- chronological-class -->
            <div class="chronological-class">
              <div class="chronological-class-name">smrtRain.sites.TwoWireTests</div> <!-- chronological-class-name -->
              <div class="test-method">
                <span class="method-name">validateControllerTypes</span>
                <span class="method-start">201582 ms</span>
              </div> <!-- test-method -->
              <div class="test-method">
                <span class="method-name">createTwoWireNewSite</span>
                <span class="method-start">239666 ms</span>
              </div> <!-- test-method -->
              <div class="test-method">
                <img src="failed.png">
                </img>
                <span class="method-name">addZoneWithMaxZoneNumber</span>
                <span class="method-start">348641 ms</span>
              </div> <!-- test-method -->
            </div> <!-- chronological-class -->
            <div class="chronological-class">
              <div class="chronological-class-name">smrtRain.advanceConfig.AdvanceConfigTests</div> <!-- chronological-class-name -->
              <div class="test-method">
                <img src="failed.png">
                </img>
                <span class="method-name">verifySoilTypeDetermineForSandyLoam</span>
                <span class="method-start">409210 ms</span>
              </div> <!-- test-method -->
            </div> <!-- chronological-class -->
            <div class="chronological-class">
              <div class="chronological-class-name">smrtRain.programs.ProgramTests</div> <!-- chronological-class-name -->
              <div class="test-method">
                <img src="failed.png">
                </img>
                <span class="method-name">addNewRegularWateringProgram</span>
                <span class="method-start">451066 ms</span>
              </div> <!-- test-method -->
              <div class="test-method">
                <img src="failed.png">
                </img>
                <span class="method-name">addSmrtWateringProgram</span>
                <span class="method-start">468478 ms</span>
              </div> <!-- test-method -->
              <div class="test-method">
                <img src="failed.png">
                </img>
                <span class="method-name">validateProgramWithSameConfig</span>
                <span class="method-start">478892 ms</span>
              </div> <!-- test-method -->
              <div class="test-method">
                <img src="failed.png">
                </img>
                <span class="method-name">updateExistingProgram</span>
                <span class="method-start">492319 ms</span>
              </div> <!-- test-method -->
            </div> <!-- chronological-class -->
            <div class="chronological-class">
              <div class="chronological-class-name">smrtRain.programs.SmartETTests</div> <!-- chronological-class-name -->
              <div class="test-method">
                <img src="failed.png">
                </img>
                <span class="method-name">smartET_CreateNormalProgram</span>
                <span class="method-start">502379 ms</span>
              </div> <!-- test-method -->
              <div class="test-method">
                <img src="failed.png">
                </img>
                <span class="method-name">smartET_verifyDefaultETValues</span>
                <span class="method-start">522483 ms</span>
              </div> <!-- test-method -->
              <div class="test-method">
                <img src="failed.png">
                </img>
                <span class="method-name">smartET_CycleSoak</span>
                <span class="method-start">532956 ms</span>
              </div> <!-- test-method -->
              <div class="test-method">
                <img src="failed.png">
                </img>
                <span class="method-name">smartET_SmartStack</span>
                <span class="method-start">540117 ms</span>
              </div> <!-- test-method -->
            </div> <!-- chronological-class -->
            <div class="chronological-class">
              <div class="chronological-class-name">smrtRain.programs.RunProgramTests</div> <!-- chronological-class-name -->
              <div class="test-method">
                <img src="failed.png">
                </img>
                <span class="method-name">runProgramForFullTime</span>
                <span class="method-start">547311 ms</span>
              </div> <!-- test-method -->
              <div class="test-method">
                <img src="failed.png">
                </img>
                <span class="method-name">zonesDetails_StartTiggerFor2Minutes</span>
                <span class="method-start">564483 ms</span>
              </div> <!-- test-method -->
            </div> <!-- chronological-class -->
            <div class="chronological-class">
              <div class="chronological-class-name">smrtRain.activityLogs.ActivityLogsTest</div> <!-- chronological-class-name -->
              <div class="test-method">
                <img src="failed.png">
                </img>
                <span class="method-name">log_SearchByCatgeory</span>
                <span class="method-start">571636 ms</span>
              </div> <!-- test-method -->
              <div class="test-method">
                <img src="failed.png">
                </img>
                <span class="method-name">log_HandlePackets</span>
                <span class="method-start">601830 ms</span>
              </div> <!-- test-method -->
          </div> <!-- main-panel-content rounded-window-bottom -->
        </div> <!-- panel -->
      </div> <!-- main-panel-root -->
    </div> <!-- wrapper -->
  </body>
<script type="text/javascript" src="testng-reports2.js"></script>
</html>
